86
44 1
44000
41 1
41000
29 1
29000
84 1
84000
4 1
4000
1 1
1000
69 1
69000
23 1
23000
37 1
37000
9 1
9000
62 1
62000
13 1
13000
72 1
72000
33 1
33000
22 1
22000
31 1
31000
59 1
59000
36 1
36000
82 1
82000
19 1
19000
61 1
61000
38 1
38000
75 1
75000
43 1
43000
63 1
63000
81 1
81000
34 1
34000
6 1
6000
16 1
16000
40 1
40000
42 1
42000
49 1
49000
67 1
67000
25 1
25000
35 1
35000
21 1
21000
55 1
55000
57 1
57000
66 1
66000
14 1
14000
71 1
71000
3 1
3000
50 1
50000
48 1
48000
2 1
2000
5 1
5000
39 1
39000
77 1
77000
17 1
17000
24 1
24000
30 1
30000
56 1
56000
60 1
60000
7 1
7000
85 1
85000
83 1
83000
79 1
79000
58 1
58000
54 1
54000
45 1
45000
53 1
53000
26 1
26000
47 1
47000
52 1
52000
32 1
32000
70 1
70000
73 1
73000
74 1
74000
68 1
68000
0 1
0
28 1
28000
11 1
11000
46 1
46000
20 1
20000
64 1
64000
76 1
76000
8 1
8000
10 1
10000
65 1
65000
18 1
18000
51 1
51000
80 1
80000
12 1
12000
15 1
15000
78 1
78000
27 1
27000
