89
43 1
43000
40 1
40000
28 1
28000
83 1
83000
3 1
3000
90 1
90000
22 1
22000
36 1
36000
8 1
8000
61 1
61000
12 1
12000
71 1
71000
32 1
32000
21 1
21000
30 1
30000
58 1
58000
92 1
92000
35 1
35000
81 1
81000
18 1
18000
60 1
60000
37 1
37000
74 1
74000
42 1
42000
62 1
62000
80 1
80000
33 1
33000
5 1
5000
15 1
15000
39 1
39000
41 1
41000
48 1
48000
66 1
66000
94 1
94000
24 1
24000
34 1
34000
20 1
20000
54 1
54000
91 1
91000
65 1
65000
13 1
13000
70 1
70000
2 1
2000
49 1
49000
47 1
47000
4 1
4000
38 1
38000
16 1
16000
23 1
23000
88 1
88000
29 1
29000
55 1
55000
87 1
87000
59 1
59000
99 1
99000
6 1
6000
84 1
84000
89 1
89000
82 1
82000
78 1
78000
57 1
57000
53 1
53000
44 1
44000
52 1
52000
25 1
25000
46 1
46000
31 1
31000
69 1
69000
72 1
72000
73 1
73000
86 1
86000
67 1
67000
27 1
27000
45 1
45000
19 1
19000
63 1
63000
75 1
75000
7 1
7000
9 1
9000
64 1
64000
17 1
17000
96 1
96000
50 1
50000
95 1
95000
79 1
79000
11 1
11000
14 1
14000
77 1
77000
26 1
26000
