90
37 1
37000
34 1
34000
22 1
22000
77 1
77000
62 1
62000
84 1
84000
16 1
16000
30 1
30000
98 1
98000
2 1
2000
55 1
55000
6 1
6000
65 1
65000
26 1
26000
15 1
15000
79 1
79000
52 1
52000
86 1
86000
29 1
29000
75 1
75000
12 1
12000
54 1
54000
31 1
31000
68 1
68000
36 1
36000
56 1
56000
74 1
74000
27 1
27000
9 1
9000
33 1
33000
42 1
42000
88 1
88000
18 1
18000
28 1
28000
14 1
14000
48 1
48000
50 1
50000
85 1
85000
59 1
59000
87 1
87000
7 1
7000
64 1
64000
43 1
43000
41 1
41000
32 1
32000
70 1
70000
82 1
82000
23 1
23000
81 1
81000
53 1
53000
93 1
93000
0 1
0
94 1
94000
78 1
78000
83 1
83000
76 1
76000
72 1
72000
47 1
47000
92 1
92000
38 1
38000
46 1
46000
19 1
19000
40 1
40000
45 1
45000
25 1
25000
63 1
63000
66 1
66000
67 1
67000
80 1
80000
61 1
61000
21 1
21000
4 1
4000
39 1
39000
99 1
99000
13 1
13000
57 1
57000
69 1
69000
1 1
1000
3 1
3000
58 1
58000
11 1
11000
90 1
90000
44 1
44000
89 1
89000
73 1
73000
5 1
5000
8 1
8000
71 1
71000
20 1
20000
91 1
91000
