232
5193 15
45002 28848 78706 57071 60938 21798 74255 55715 36532 32326 89721 78377 84756 69331 31968
9663 13
23532 32752 47936 33696 66331 28336 46601 79944 3518 6858 5190 88994 58710
6896 14
36394 92287 21211 4452 68943 27736 98261 26379 87490 40894 43256 90054 69225 7467
4173 15
40582 90607 6761 72030 18946 15801 67331 19954 94351 7700 55769 45265 34697 34696 30860
1201 20
6471 26759 48464 99331 34078 63192 58677 8585 33482 4850 66837 16196 8851 84256 78818 99899 33588 28933 93111 91106
3599 15
24228 76886 84960 97887 92775 18964 99630 74655 19754 19740 57315 86310 24257 17672 43515
2696 15
33783 17181 2188 45567 58010 93262 31059 50931 42258 46459 79995 63722 73130 12176 78073
8516 20
37749 46251 39338 69865 74223 7934 52095 47954 52966 71570 78660 91035 75237 44249 12477 98294 8108 98274 97292 40117
8492 19
97644 42043 95341 80257 35518 559 16249 17689 9358 1799 17683 51312 55838 48367 23108 68276 50772 55423 52401
6481 16
37282 25419 27742 5972 46228 62572 27942 44018 46836 14720 97550 72894 47001 38835 93625 63549
4850 15
14741 22074 64737 25458 98188 97177 29540 41341 46309 2783 4216 58560 2965 51376 6854
2387 20
58567 19888 67360 93532 46893 82491 47559 31511 45874 13823 66804 81680 52301 40445 86750 54007 82749 37499 17812 76216
3997 15
6561 51323 5721 61833 27923 17696 58924 77846 91338 19091 52007 59100 95705 96706 80548
2734 13
92773 75108 16113 52106 39673 5505 88739 71326 30900 27610 20166 98350 10755
1682 11
3620 4814 67791 64179 53116 78983 95196 15285 30759 21978 71806
3738 10
11106 10148 3088 81904 71841 69821 7563 92805 36649 53900
5571 15
65286 51775 27812 89448 65865 39285 26993 82035 30386 12456 32815 73654 2066 13218 33466
7537 14
41179 55205 15921 29439 20493 3761 87017 46565 36918 72176 66473 26046 43143 63350
1066 15
57754 75917 98594 79373 90689 83298 50877 35749 98363 40078 64005 9481 38431 57559 64357
5447 14
57038 83557 78198 30448 36315 90007 84528 16324 2567 94252 62481 45425 5896 27290
879 14
80023 74075 67029 46420 73097 37612 89361 54591 54868 4539 53812 22828 7410 2043
4075 20
90233 90221 1446 1201 64273 40101 65393 5522 2127 96286 64224 51310 69318 99956 81315 33636 88656 91624 14808 66472
4113 12
88951 66344 56611 88909 3046 29472 79195 96796 39946 17242 74485 71884
3996 19
11956 47535 51051 80609 85299 1780 55704 70919 93675 92155 87377 87655 75272 84099 35666 58993 43290 51006 57060
2362 15
97818 38353 53428 97700 36651 87158 60505 14853 44309 93035 83727 79951 22806 2097 77336
5986 10
78418 54856 51960 78087 85267 83074 94862 15093 95992 77473
2947 10
98124 3651 19849 21906 96459 8012 38207 32741 46635 92941
4771 15
42314 83826 867 26817 69355 79917 90258 37381 81712 44168 90939 79646 38086 6539 96339
6221 11
12962 69793 48859 51262 32015 45433 35896 24708 14763 99725 3988
6638 15
68153 27941 26000 22932 6 46440 86499 39403 95207 16504 88692 80789 96061 65072 65605
6991 18
71212 1984 37168 27383 25107 40849 49014 43937 94663 8839 36109 27179 81265 18473 64979 99384 74367 39427
3474 13
28702 51776 2636 49167 23044 72396 33471 1387 38015 2073 42742 24004 98352
4123 14
62484 9437 6802 61604 43559 91232 54492 30794 19019 45971 66972 99544 78759 3914
1950 17
81968 17931 43338 10334 3901 49190 72348 86198 15697 4056 70541 8501 71541 31180 21440 78701 59865
4525 19
49644 77266 49413 58456 26862 3839 13579 97188 68087 71646 58145 55013 56256 72717 54954 97385 15794 66964 21555
3429 10
78194 79597 63632 92626 98794 64040 66050 51983 91707 72290
7823 13
61273 61716 16731 13575 50974 54319 71873 45769 1341 81343 12201 22647 36717
5664 18
99451 23990 6082 90558 47216 48407 23238 89379 74449 59453 46966 62042 71750 35355 79939 64089 56387 26666
3713 17
22799 35961 75529 40989 33442 32078 40990 28797 63670 56048 66585 45293 44324 41562 34631 34201 77959
7498 12
8590 47309 32918 10405 43254 2495 10776 22256 98395 29619 8893 74506
4693 12
43417 69526 80232 50334 2528 90055 30198 86751 72201 46654 59023 67614
9429 15
43984 66779 78376 70552 21221 45939 56724 88304 88954 59323 13900 73726 7413 90446 43772
5081 10
14886 42347 89527 65323 34266 88016 48644 33825 57421 50315
8479 19
2235 32749 4393 94909 78718 3951 82925 69873 79872 19577 25091 48079 12207 27434 34905 91147 88960 22192 52254
8502 12
63444 66015 94415 81256 90127 76550 42756 69490 34106 9553 85133 99678
9151 20
4327 64454 49325 83569 87691 29763 52753 79959 30530 2175 18116 59721 4598 49083 33175 39121 95891 69350 82145 87444
4424 10
58302 74435 48847 61867 32536 51615 70849 99184 42014 85157
8665 15
19430 28944 86722 77940 39045 70889 52747 11950 41039 38066 87357 37733 45781 23743 14354
5245 11
68251 18318 29536 38976 80461 28448 2017 17368 42635 74328 59306
863 19
68741 10522 38208 82942 28307 24156 12934 8847 11612 94489 3035 65428 99849 44812 15539 86277 31792 41544 10185
6920 18
67141 69553 84366 26718 808 83903 23737 33580 43615 3736 50204 14124 3162 83207 77954 57077 66922 40170
7894 15
28019 36374 98798 99182 46732 93310 27695 36244 67157 70051 10287 16509 45404 20035 2205
7852 14
87560 51804 11153 72514 80274 57772 19368 76203 14625 13783 92639 42281 9142 11614
6386 10
2109 49757 11094 22813 17594 9874 71764 67054 19711 59511
3246 18
92785 17174 29981 17430 16692 78963 65952 41312 76156 56250 65762 57524 60922 64095 87941 85337 89760 47320
8981 10
15079 53912 73258 92873 52999 87611 89217 11981 68881 36381
2268 18
16826 35862 82754 17071 37530 86866 16134 46809 78188 38861 53492 18519 99746 49584 45035 46685 30371 7877
1667 17
44051 59515 45631 28340 21551 47662 81140 55112 44017 33157 75309 1457 6178 31616 90430 45980 43421
6793 16
6450 19311 67385 11329 93306 33019 42097 31062 35889 74394 17817 79152 57183 28348 5382 77295
6721 17
7914 57370 59425 4485 69129 41830 14674 97993 43558 26840 15970 31450 45298 70375 95079 64202 15773
9539 11
80354 76444 95592 97687 5934 90511 39478 48293 68272 23735 30045
314 15
22302 44995 59963 88138 64337 92456 10109 93867 70539 50012 63165 84531 60167 1523 64334
1466 12
5870 17274 48583 91699 97446 20079 81197 40255 82007 98255 13167 18454
6608 12
45646 59424 98603 56386 9777 92625 83533 18616 80953 65440 6829 67023
6951 16
57520 63633 3538 45683 80037 21331 39974 91419 32950 10421 76876 25039 3845 31696 19172 35430
4169 10
57287 98684 55050 11041 56482 28697 70815 440 5064 26594
8975 15
39516 69346 51053 73332 84051 92961 35642 76905 82501 76019 88997 76395 63980 43384 2706
5548 14
69186 79161 92484 19817 11400 8342 28309 35835 4346 4332 60047 33843 42254 6459
6446 20
26401 83774 97353 69387 27618 35871 98393 15900 46530 68545 99013 68205 53448 10142 66792 36923 35735 58291 69144 78839
1128 9
34586 76111 43196 58500 85307 26616 8463 6916 89118
759 17
33856 92948 40705 93831 2518 5500 67090 76968 8874 18508 67480 66541 48417 23705 66692 38584 84147
6919 13
56802 79403 21141 30857 910 82611 75196 19046 66453 60227 35820 71543 91098
4353 15
3546 9090 44163 22716 94528 1330 80859 91043 10608 89064 21369 99745 48790 410 580
5511 14
89150 28429 6168 5058 70096 32655 67863 90565 74398 79788 3635 43412 67852 57863
5405 9
30086 59687 52991 29074 23004 69271 2510 58490 77257
9745 11
97956 8361 42735 58652 92768 77774 1077 41077 68958 32762 12697
4486 19
66033 98899 32430 62927 2710 89647 58740 85850 32746 92910 84361 79014 15357 18005 3231 64356 7655 32414 88634
9922 15
12820 94147 47545 94940 25632 56391 39709 53726 47451 82790 23760 5847 64093 57338 77306
3257 17
86649 28031 27647 73884 87494 30363 77707 92101 51242 41070 99212 70406 64351 89523 1839 70870 66141
7405 10
83199 61707 14529 78381 66578 23160 20897 32210 72342 55897
445 17
64459 90346 18854 36172 24640 2014 92413 27036 32384 59344 86612 14411 35349 24482 47090 69678 55148
5580 19
46759 44945 94222 34412 40436 74674 91608 80063 17645 51678 41033 87843 56542 56641 48851 11071 17189 70417 59124
2478 11
77231 17313 41853 62729 91612 33678 34012 89967 21518 57836 83603
2260 17
95866 94835 93385 40058 97427 21737 42714 87116 69575 31416 53854 65117 32797 43072 1867 49470 29339
1796 10
24706 45384 28708 63547 1510 17528 1442 41119 1215 44846
4070 13
79734 9018 92431 74370 46332 92402 38711 49037 45831 77554 72664 92620 84416
1605 16
56570 88548 16775 6332 56505 27546 90702 73338 5860 33567 37550 20077 19402 7431 29276 67683
8150 13
48877 58195 46806 43522 88526 70471 57476 31520 37702 66673 99173 72105 21989
685 13
8666 28831 44547 43709 81394 99985 53602 70139 32961 48225 968 79216 13632
2427 9
20810 20418 88118 28599 42610 90369 2173 69666 93108
7512 20
93792 50060 45226 32530 76456 63912 76140 2705 88722 64757 35094 26310 64121 25400 50160 13473 74 60390 8122 90572
4222 15
65070 26186 67990 18020 98721 14647 5182 48687 42346 98283 14709 41561 33824 74919 31762
5174 15
15491 50512 94207 55198 88338 87840 99148 22545 43569 67893 39935 89281 90616 25843 11234
5164 20
20458 27638 36117 21399 5217 4679 50794 84369 47743 70548 25602 25995 53324 81659 86577 82170 40348 99252 30040 73833
3117 16
10464 91541 60264 81491 47555 56501 51408 73766 26013 20898 33469 39708 89658 25532 63206 43634
610 13
98155 1437 8635 35746 17617 70650 32799 35275 64893 36807 58903 17666 40481
8242 18
95909 46784 911 88625 28930 45102 25354 28289 48208 60884 50985 75472 23230 45752 42026 73454 59467 13378
3006 13
30322 7983 99606 4118 32318 14842 53459 13703 26246 68702 32816 98455 20
8887 16
42539 63045 19827 69321 67211 87881 74971 6956 45450 80223 73556 89506 12560 41297 96383 26988
8764 13
59495 18008 2711 4907 77919 12752 78119 33685 14260 52072 34912 83761 84834
6796 17
35025 55624 77659 95671 62617 80771 42679 42684 84836 87744 44539 75142 62000 87322 88961 12280 81923
2572 17
43119 35 58184 11829 25151 35682 29755 64758 13436 49181 858 68342 48490 8457 26283 98440 65768
4362 15
94693 75909 1575 5806 36948 26135 37527 99703 97140 30834 14113 55026 99404 22922 40241
8860 15
17304 65666 86828 84585 33211 46033 8608 78009 88729 22107 41353 20185 14415 7541 20279
6080 13
3464 11684 22274 99522 64396 89701 76854 21268 38460 70059 95078 75901 42809
8636 11
95830 38416 66793 88891 6842 57635 9039 94646 45158 2870 48806
3545 20
11624 78285 96911 13834 52409 70207 51188 35466 76042 94688 90854 67367 25525 40498 5685 24607 6648 14653 21320 62319
9073 15
42630 33207 72287 44937 95955 87013 70587 9160 84040 4455 34570 14472 60928 73625 67513
7229 18
51104 77985 60416 83214 47866 82779 50216 74080 78364 38439 56069 44285 33772 92067 81355 23023 23014 26951
9808 15
39438 54124 73982 77238 6558 34143 35026 2319 99270 93932 15816 9576 30786 56072 99564
3233 11
73169 52567 69569 26605 40439 36660 18512 45319 11025 66780 41165
7876 12
73681 17956 50518 83809 68890 56876 57316 77693 78454 22740 24019 10082
9508 18
98168 76912 14879 24235 11493 85823 78213 34392 97151 12510 75059 7592 67267 97289 85016 40741 5450 92230
6412 16
20639 95993 93799 87756 20236 72441 20779 98087 35187 71875 94788 7536 80382 59264 11688 76664
7200 17
88251 88757 39610 9213 54970 28073 86389 90020 35730 47752 25642 81437 2018 34328 1184 80008 84195
3066 14
20648 18046 49657 47530 90870 17856 94352 54269 75817 72191 35425 80374 65385 84733
3836 17
58990 3452 69341 74625 28276 56428 47145 66347 71052 77240 84997 37165 53678 37538 95415 27892 90635
2078 15
67010 12104 52432 89356 50746 31016 42391 97947 56051 74693 56476 13198 41282 17126 12401
7201 18
22662 5891 2668 98275 17893 1870 46664 71207 75421 38846 76802 71365 7886 54759 81726 33173 23777 95419
6211 13
46219 34066 68981 72959 71222 33762 31699 78921 27025 20956 66169 75386 98515
239 15
82499 1599 73369 49031 71350 37133 89876 12443 41516 72392 70868 9766 98361 18200 18522
6227 15
96366 87582 36976 53172 46256 82730 13578 68989 61960 92427 62424 48946 53010 10208 18066
4884 8
9434 12499 65210 97829 26790 55045 55133 3080
3976 17
22180 51508 29826 8799 70002 92016 69668 58400 23703 77997 11130 48434 87054 87660 27683 99049 1344
9566 10
57624 52477 76358 85657 65721 48216 44518 60741 41865 3302
7822 12
550 66124 70296 51399 45966 86967 20701 75535 48849 74828 68283 77976
2846 19
95082 32465 98739 40708 19006 75647 66593 7492 76610 52421 86611 13959 68311 19318 95158 92210 20710 41753 65011
2998 19
95424 71448 13822 41318 1070 87616 3616 16572 26729 31009 88364 94677 31381 59790 54540 26160 12141 14986 42006
9239 18
78515 6812 6754 52478 24764 25718 35547 55016 73807 12123 97260 34855 95095 75646 93009 65093 56230 86429
821 17
48315 3292 94353 6047 37031 24868 4164 63960 78254 94072 25530 88786 76680 82006 39568 75843 88541
3147 18
95372 65986 2318 13856 16008 53785 86918 10737 99293 66151 86080 49251 38394 33718 14779 19203 44216 95666
9731 16
28159 15486 41482 6027 48712 12151 4075 26926 26745 96385 31502 1554 51663 74264 95941 86132
5973 15
10835 28654 84304 81988 96424 43325 48776 86293 10495 64658 41758 62207 46213 52370 3364
9833 11
63306 4580 13060 29207 69354 33929 60218 42595 74638 14706 74124
3329 13
40861 43186 80925 76690 36931 27000 12901 47370 58691 70064 51891 10318 6096
3620 11
87428 4277 17944 43126 65404 42998 34521 20628 55742 28868 59355
7844 16
84827 72324 27524 82277 46125 67808 52267 14367 63523 18632 89023 54210 22915 32801 41337 58404
542 16
77058 98687 15560 85408 33694 45750 53334 77627 22135 98025 90563 56865 60895 12927 35954 88830
8561 17
56563 40317 34861 59826 44498 74760 65175 12376 23570 59972 28141 98421 98237 48232 24312 51920 39477
7475 16
27772 89106 96374 68584 56617 33495 30433 44233 95673 69195 24988 80950 51279 85665 49117 95291
7112 11
94078 25206 32604 9446 40093 65957 31404 81325 55047 31249 17928
8781 14
71722 37879 86169 951 41484 67046 81588 35692 8664 909 35286 17443 12847 83808
7866 12
54524 24343 86664 83344 37216 42094 31592 79481 89434 7718 45318 782
7880 9
83764 81907 98035 35167 34870 98949 90591 43012 27784
2583 14
92665 99290 39873 13373 93515 68589 59434 80154 87887 92613 27354 92849 83228 84149
8552 16
60878 26989 59585 81677 91641 50456 53712 15138 26775 18584 16864 97569 26213 44964 77459 87137
6284 17
14095 13003 25619 59382 37638 62444 25517 32286 59749 9307 50351 82556 37200 29167 98337 98961 72451
1181 11
92124 74718 28899 29214 28042 4193 83554 12567 5320 27377 78261
4392 13
41737 21018 57304 56035 52420 74791 35649 25880 68299 23909 63739 35617 37100
703 17
36614 39014 73064 10282 49317 66951 23091 45427 97238 86055 89033 56745 79756 75982 73048 70286 49338
2326 10
83193 76607 92324 59579 71836 85723 13599 24914 74891 14438
7098 11
92652 13858 7070 95965 90624 70642 72707 81733 18441 33795 89075
4913 13
7985 16306 46240 67923 72963 41263 97583 76537 12439 40199 9196 8718 98906
440 19
81887 64025 22051 22669 75875 17196 65068 96386 51407 72845 14865 98786 52208 29751 97381 52863 88277 90229 92904
1072 14
97303 72042 94461 92127 52923 56560 72829 84750 31786 81827 4622 17306 3571 88514
978 11
8917 10938 46621 43093 12737 21714 39845 16765 79475 15087 24238
226 20
5523 77675 32160 20514 31614 83398 42972 3913 39376 41896 23681 50448 90399 47086 1954 45513 81207 35050 3695 7484
5574 16
37673 64810 23542 44649 59149 55741 63216 78787 37429 9790 30945 75936 66776 53248 27252 80850
6 15
76192 78614 47182 1006 52588 40065 8469 27549 27899 46 7756 2535 92011 76032 32000
3696 17
57925 36668 76927 21891 67616 12467 44656 65998 82738 88502 44230 66596 11646 96715 97675 48856 65524
3442 15
78984 26855 53630 21304 57074 78434 32738 50540 91181 12767 87123 94270 57347 61905 40952
3112 12
85324 43657 88931 73291 14404 91109 88333 31194 86053 34679 45668 28722
9146 10
3122 72429 85927 98259 89996 22583 41164 16783 67219 39507
2305 20
34646 13779 51651 38883 8465 29008 68432 68312 71856 29152 74346 41775 75577 89882 15683 67030 65640 42829 97576 75993
8701 15
17641 10655 33887 7804 27998 82586 90433 22625 70145 68291 32468 5863 75890 22983 87327
1268 18
17914 5787 37784 30239 80268 85192 2779 99819 97669 17540 98037 47798 12045 42468 73816 46618 21854 68325
7322 10
33919 67440 23432 83616 93115 15882 69515 66782 1218 96608
4601 9
32506 77892 78270 37446 78867 14303 686 56663 43468
1515 14
82275 35100 42788 64359 3235 81455 77174 86824 74559 61927 36317 54137 17660 25660
8733 13
83011 58906 58344 60995 12191 98795 52203 34192 99200 84802 64792 81411 98109
7267 16
75002 55785 53617 557 96883 47707 44039 78062 20660 62123 4496 47176 48662 65881 5802 9965
1448 14
89811 45990 95566 45379 88507 91418 97191 61385 46160 92889 52876 88725 14370 53233
1088 18
13404 28737 78091 78484 70275 50247 1990 14098 95320 16194 41657 28857 44960 39916 9564 9932 77897 78373
611 13
67845 81912 71245 36135 46752 19440 99145 14206 94347 25717 23220 74998 91334
7527 17
3915 86574 54812 5904 11567 1161 9106 39898 2046 99966 52684 82877 8337 45647 78014 71407 14156
6419 14
97907 13520 52779 83541 20467 81337 47132 29364 69880 7058 16924 42366 42744 17949
4810 16
53927 26100 98001 72468 7430 63219 22933 74749 4283 97418 73053 6652 10910 38517 50133 97043
5703 13
31355 30932 51697 34491 12365 70605 33563 30657 58923 72605 41624 85854 67905
7922 19
44733 60934 59814 66895 68941 27402 98150 93038 28021 40713 55821 30135 50517 71172 97664 53090 98409 87544 27539
6206 10
74701 32894 43959 71132 75841 59144 37971 98297 62469 69794
4982 13
51863 62625 86 37751 10520 35890 97998 91230 68595 3368 99051 17515 65375
8442 16
33149 85364 94525 56021 44710 84745 24532 3051 6592 81760 21380 94676 27227 57194 60925 4402
4582 16
23834 86592 78386 29228 79193 98085 93482 67075 36441 82478 34486 60147 28841 52467 25238 88897
8374 17
14795 3224 25691 34529 23392 25927 66551 52819 18178 34899 65749 30673 40208 81036 42072 36979 61291
9225 17
17657 40386 64189 93084 30774 46202 76289 62823 2171 46095 53571 73576 48246 56172 3065 36853 86537
3164 12
77109 49782 7633 97316 31190 69313 32687 72596 31033 67484 66562 61670
435 13
25789 37297 32257 29281 18494 26942 33398 35200 12159 10166 36312 61074 11418
3563 15
6613 49711 62942 5529 85641 81304 73155 81911 35174 35721 17780 27597 19687 87316 44409
9772 15
71956 70656 10161 1331 18994 20394 34725 52743 77264 90925 63725 39849 10639 12919 45682
2615 15
46624 67418 72624 20752 73754 55184 84208 54528 22914 43099 63835 73981 52096 2873 55463
3684 13
13979 64184 36274 3879 81144 73767 15994 66179 38487 65974 52341 50494 75138
5835 10
67862 89745 48697 6703 73781 93568 30382 24979 78040 93577
5489 16
43335 91430 59301 46295 84418 34636 20738 25043 19991 21305 44629 26615 49463 63414 89550 31056
9040 14
49347 97143 93770 82005 97251 18464 31184 98867 82895 30685 34583 16651 67097 42500
9782 12
39125 21270 14632 69884 30423 77517 72197 34804 83419 72748 38046 80754
3129 12
17512 18267 82080 89159 80444 1713 48444 43185 90576 30920 12663 97328
7670 11
2341 27375 68298 85631 99121 60540 4930 46746 76671 91947 63314
1559 13
52328 44809 51878 48838 49428 91615 94008 83093 57844 90715 21448 32310 13735
6082 13
54744 58892 87263 5432 88802 35503 29329 10519 25528 20305 52396 63337 92130
4755 10
91902 77049 33801 23697 29933 26278 24113 85190 18564 49419
8170 10
17386 95853 99141 10157 36171 7911 20800 8780 71677 6877
3891 16
5875 64916 69713 96200 92040 47052 46221 70328 17549 36064 42805 86807 77393 27807 21847 45174
8345 20
81178 28727 63738 68835 85410 8424 60500 26350 84526 48534 82423 81694 91466 8689 53372 60517 16200 8265 86617 12395
4163 16
99385 50634 31327 35750 86859 65055 9664 24035 14093 58350 44141 57779 39330 20813 6564 71872
2923 15
78873 20732 9779 19756 51640 87908 3340 54171 9340 17764 87323 84721 49587 89943 64384
7990 10
73836 85600 80523 57971 10398 9040 35875 13950 31814 77378
2969 11
34545 18520 79237 65574 17178 65412 10642 1324 30763 5312 36303
1387 14
7146 24782 83555 1764 87865 69901 69293 82649 33690 47755 1750 47004 33853 11485
6174 13
63975 1178 37660 68207 40152 10758 29039 99 54103 45947 45119 1802 86461
4105 17
70652 15419 4176 92207 21750 29483 62465 37428 95040 45859 90800 46136 34683 79375 58834 82081 70227
6491 14
98042 28843 53581 16541 53293 52722 15707 683 70668 56274 96622 86064 76255 42330
9961 17
54869 39937 28694 12357 80848 33325 79980 82655 23498 32700 94883 95507 89342 80328 2819 89259 66223
3874 14
51644 59828 1910 95847 47125 97508 7225 97819 99161 9095 87298 59962 92240 78658
580 10
67303 93874 50309 54838 30639 57974 18207 56453 34130 30165
4630 18
368 66660 7177 47610 82768 84525 79817 54033 94786 57171 84719 67946 29479 69243 72945 28823 91356 7100
7199 13
38452 14 74428 60924 68792 63115 45151 12935 24487 62380 76608 27031 61915
138 17
82677 89877 19494 19752 71658 32701 59784 26228 90963 17819 96122 46999 38349 9876 3257 89306 1245
5175 12
6659 34740 57263 51604 29872 15654 74994 81030 886 62499 12890 31419
3321 17
87814 79659 16965 45249 11908 94709 43884 40612 24523 51858 38590 55178 36802 17541 90322 31806 5650
1562 14
93750 15625 55052 17747 45820 89337 30656 29974 86960 62461 26180 19510 68487 36626
5254 16
3033 7143 56823 28576 19128 37471 16734 86005 77475 41281 54325 56441 12758 36272 14429 76406
8512 16
84473 61951 95155 50550 66669 24515 71883 93377 84517 31080 31687 10582 14183 73787 53362 48083
3774 18
39444 87531 16820 35652 50395 64044 28910 64308 18594 74135 9862 99852 12810 31987 4848 78004 74696 62564
502 14
85597 23199 1875 32577 35952 51243 35353 5640 9270 652 63241 61131 72213 89758
4273 12
25865 55802 50238 73157 67823 7493 42295 19273 75342 9899 13573 67891
2426 15
46011 41980 29891 62386 79815 57164 20121 15831 47956 83455 36818 51424 26876 32695 6297
3328 13
66257 67785 16127 80203 12262 60333 57902 26713 7347 47850 70920 26667 68887
8096 17
34875 67931 57028 63352 17341 17953 12929 44950 77878 98215 79359 29802 92274 64920 90108 24932 20205
3041 14
61503 37172 66265 83539 60843 535 25965 47259 14593 63765 89258 72630 10274 17256
8645 15
32302 1231 23353 27236 23489 81466 2105 31646 37963 73286 94538 4149 57781 98220 62334
9664 13
13686 25230 43560 90057 85398 93296 8315 93896 99599 73631 16647 40197 11054
2515 9
72239 28199 78082 21342 90178 69729 50821 54834 97474
