215
325 16
26258 48013 62787 59964 94665 61138 77911 87844 20966 17513 47179 13431 27535 73184 5635 83365
450 16
23489 49600 89119 97966 92988 40930 56766 53192 29657 42361 25869 3633 60770 94561 98362 53375
7351 16
23973 54109 61674 72240 14182 36168 38075 40042 13311 58439 67279 34023 72391 96421 3102 28531
9862 11
73623 74405 1559 28365 55292 48445 25300 96593 7539 11419 17807
2506 10
71510 2502 38831 49709 25402 68199 86972 99726 61196 98057
6019 13
3471 62118 59119 55951 16182 59349 43052 94406 42718 3442 24539 67443 46326
5474 13
12646 95066 95053 92210 67666 40414 39902 15148 70249 74300 44315 87013 1455
3063 18
7979 6893 15679 90970 16819 87962 79992 69816 51724 26109 71131 29483 43560 75859 43432 57019 34294 52035
3116 19
26309 71579 38787 10267 80577 70995 41839 25878 47918 45057 32103 11213 58320 54306 36496 80411 22127 87314 42710
7944 19
85337 44847 77037 18057 30787 58459 46168 33620 41921 94500 48814 89051 26419 75284 37592 59069 51986 83071 8190
816 20
13160 23846 86795 11888 15732 31867 38896 796 33229 69173 3183 73512 22721 49210 86837 26342 11853 24315 74550 65508
7260 10
28277 62922 44236 88076 72479 37186 79268 64404 67454 28791
1120 17
97012 76503 95433 41930 88529 89004 19989 25925 2804 40692 71055 56255 32711 77685 46760 23815 16512
5709 20
4763 11121 66727 6974 30344 44180 72655 18774 55913 80157 19499 11969 73304 87671 8034 20477 97304 97300 88558 57132
174 16
22431 48836 54250 69983 87113 17473 18357 56952 3230 7451 41936 49199 57313 2601 12827 93915
6648 16
6806 12829 70783 49094 91520 50138 60262 77487 51529 68359 78236 43434 21251 2954 77751 12455
7361 19
62980 72312 64171 117 78322 82056 62857 46670 76558 22374 6841 77320 81854 86168 76512 59546 17154 16143 51250
6932 13
4759 70266 76790 1842 59644 42617 5142 33253 10896 92373 53917 84701 97488
7916 16
35994 64829 90693 23730 84453 95510 59875 20643 77673 19129 84011 96798 70865 55109 81899 37387
1096 16
5251 72174 58989 76469 80756 48884 64708 85975 79408 63651 31788 53776 45053 70906 49410 30785
9264 11
22683 92647 34349 39081 77524 37317 74098 77169 64889 69055 55825
3427 14
68145 54060 11661 63344 48820 14669 87723 60697 76310 28649 36828 12854 90069 87672
6903 11
13768 74448 69489 35728 23066 15214 41251 19931 39565 62287 13381
129 19
41535 60713 37171 46338 25020 1657 79097 354 64007 38127 80185 57394 36695 6860 21181 99552 3088 33848 72361
925 10
81649 49873 21489 81081 54010 62837 10542 54049 8095 67473
1591 16
78440 8661 86526 65482 64221 93497 61495 74133 86512 81810 14030 71892 48058 13743 71619 13584
6984 16
17785 40224 51604 38064 62488 44630 96671 5775 71430 15373 4356 11186 3119 80484 21336 36779
6058 10
60127 59758 32647 11413 58942 44844 48352 48289 25449 38426
9521 10
35008 55020 13325 35497 18293 29728 95985 93273 94174 88757
9256 19
88744 41179 96774 43914 28721 8683 48002 98322 50451 98387 90801 79478 56186 57288 12588 53175 13808 90733 48604
370 17
32555 21353 96575 63098 60985 99380 12080 18799 72080 66522 48966 4267 94177 68900 29325 46210 32684
5471 15
14515 69600 44193 33430 24670 62953 31354 85226 64136 65498 90653 92558 60059 70949 67905
5183 16
15475 96415 34946 30363 77213 45499 16578 15272 98307 1046 87588 4666 40603 12674 58191 67503
2709 20
82438 18216 24031 80085 7110 45712 336 87374 18647 25871 26392 39089 12126 34423 23723 98491 25044 36546 38049 90342
7935 9
45893 82515 36489 50214 46378 73117 50912 98027 63805
1365 13
70989 48546 83706 63091 59927 28373 66473 56205 77411 45868 85659 30271 47737
6669 20
85615 77258 76938 13095 23109 92111 1918 1901 3242 35314 67049 42918 38592 59832 96915 99363 83505 85781 1889 70627
8639 18
24080 92466 2885 5792 81295 71575 39515 26526 82816 87379 25448 91754 39310 71465 81396 60587 85351 51755
97 17
82800 43486 27478 23593 66523 51358 17919 7252 245 51506 68520 99357 89792 2920 47920 58859 38272
2817 13
10007 32438 41617 29701 46923 1688 76297 30571 77602 54625 63275 33191 47422
2071 19
65835 30333 22654 99360 45189 2181 40082 73728 80981 99586 60064 48562 11322 29802 94080 69068 65398 15091 83079
4112 17
13957 30218 7423 68058 95395 35584 88453 49884 572 72854 65305 20577 67144 27645 8516 46917 8967
5772 19
93297 44449 84184 53135 50064 48467 98318 41831 4031 12725 1982 6692 16659 97814 53899 84767 57570 23061 33608
1137 15
53183 75813 15617 38498 94733 181 52467 32799 89486 86110 41013 23843 49964 49198 73122
2655 20
80016 5767 83632 57456 90550 33581 18033 29910 78284 20397 64957 84924 79903 89725 81355 69053 55319 46808 68865 16138
860 19
69766 27588 35691 38587 73643 69340 27050 38013 92083 92223 3974 75781 77123 57249 17683 27169 61696 87905 15935
4256 20
805 51468 50931 27314 50621 90718 73946 59528 68175 29091 18564 14682 96044 59251 77955 69984 67670 64685 28656 71393
384 13
94172 41003 81960 60503 2242 31257 18850 64866 15234 1590 23524 58105 90828
678 12
68211 17194 84236 85487 14878 47386 33440 8939 36725 31520 94664 47622
5631 19
72360 37923 44708 61607 55799 6610 26673 36029 66914 1257 3092 9518 1417 88203 86702 82166 90032 5112 8507
2247 19
37130 996 82702 12144 68220 68102 33832 30364 52810 81455 48484 75941 38308 84230 63658 8131 36357 22281 51686
1206 15
33921 12093 68885 9757 34508 22418 15124 57083 74934 10284 459 27956 94304 28134 53318
9973 9
64736 57987 13220 27456 50537 96023 39969 29936 36206
6963 13
32902 42853 81382 6986 7982 4383 1146 60884 68868 36172 25782 97266 47668
83 15
65409 73003 96069 13463 68141 41578 72666 83179 80483 31628 43912 85294 17989 20825 28287
3212 18
88836 17702 3318 17078 29924 4550 84954 703 44512 26592 36599 88095 85403 15474 75898 98398 9199 55051
9934 14
42785 12599 85896 74498 50954 13865 40644 61475 62769 31611 33290 26078 48939 76048
8005 19
63729 98798 11769 43568 7518 54867 58998 2171 66483 80374 69565 50403 59779 75201 44049 38757 71358 22715 63014
9780 12
15300 25451 56585 22233 81479 22990 65913 9956 74165 70334 24562 73617
3515 16
18482 82949 8307 32424 47627 7204 23401 8583 55555 249 22484 15073 24663 60870 78452 11158
7519 15
98123 11657 83686 763 23433 24883 77260 24002 15998 25010 94889 29795 47113 66397 29607
5726 12
16313 54140 33597 25938 65150 24517 91017 95364 19482 12 98094 94643
5798 13
99945 17308 5857 93871 96481 44434 23591 42982 81411 48048 58620 41195 16994
5630 14
76596 42676 69505 3638 6924 41158 81208 20951 71499 14840 32621 41045 15318 9807
5532 16
56444 75618 4594 8841 76154 20449 70554 99553 36759 81458 77124 45150 64219 84803 58431 9624
7481 11
57681 64709 82918 82665 8747 49388 2267 74073 76053 75049 85091
3543 12
91831 60993 17097 5908 55902 71967 24001 59655 2605 6818 71957 16451
2306 11
8273 94367 1224 28498 3977 47632 33250 1404 14542 4274 58012
4589 18
7474 63137 37167 42443 15019 60847 57543 68905 13094 25544 16290 96842 35659 21652 69690 96657 85547 65364
9733 15
55530 73503 46377 77857 58005 58337 39173 52738 4715 25678 55543 38374 14939 48043 90923
9539 11
76444 90511 5934 39478 97687 80354 48293 23735 68272 30045 95592
8765 16
77128 92979 15146 53588 7386 4786 94104 40138 33770 84191 78438 33365 41705 10039 71763 57380
3025 16
16177 75910 78581 13068 78860 25569 89152 39219 14804 795 62511 2813 23992 10714 33754 12837
7763 20
64178 22963 18194 68755 4436 70401 16058 24817 19066 95513 95717 72077 95144 21400 12655 21690 5361 13082 24533 14149
5775 11
43031 83109 84991 76821 59752 51870 93885 30060 5903 7652 20764
9184 17
86499 75685 97967 96894 59538 77245 35390 59372 47061 72730 985 6120 77795 26368 87228 12084 58350
8586 15
21071 97068 34679 72661 72714 48353 9338 99515 62142 10523 63990 95205 57052 72500 91898
6587 14
31926 92688 31300 76783 48916 45966 37851 8480 53829 89475 55811 84829 61319 29446
3708 19
57344 34595 52573 91748 68448 58657 79985 42834 90844 80897 70782 83868 9115 20149 26006 91434 62570 41962 70739
7376 17
91656 70527 57302 58034 18082 5122 28986 22084 71277 62527 62376 87739 51193 12791 80415 67716 87071
9547 14
49207 3361 3346 75913 3646 90899 46800 54982 21726 27624 24596 14206 41866 76004
2063 12
3161 17942 72757 36094 85560 76292 46938 55717 47476 34446 24206 42157
7849 17
3736 13840 32308 22282 36985 10587 22266 60223 35641 61264 54824 54789 32800 23937 25389 8379 98388
2827 14
22599 27030 392 25581 11948 79319 31358 9315 8416 39358 13684 79858 68388 63289
6495 11
81853 34058 23036 38180 28947 2406 92061 19242 78510 39957 71467
8297 18
35806 80368 72694 44458 215 92390 2569 58743 48359 80513 72104 91344 62555 87003 30491 43510 26991 63247
8652 14
89969 31582 80605 51293 4386 45445 31697 91063 43101 77247 54400 79844 91905 23549
6706 9
44340 74551 14892 71361 93556 53515 57944 78717 39496
3268 11
40330 45487 65678 29020 30772 20070 12167 9165 91496 29334 15589
6494 18
77928 85512 23923 9348 94762 2151 5085 98417 28094 79855 89155 30194 53878 51811 13956 80346 75832 97123
9829 19
64120 97558 32779 1070 70861 86822 47315 67231 75869 21391 3990 20136 11205 77453 88487 83501 47730 56041 51779
1246 12
90353 51374 30500 11177 4487 80211 80527 98774 54425 25166 20097 93683
436 17
58907 41981 6930 11589 65951 73634 57743 20540 86715 80284 48725 78386 94503 96497 15140 30423 6619
2841 18
36534 35081 92644 35208 96831 38315 36353 58827 5043 96850 28713 93426 43378 72701 73061 35256 87288 48737
3284 14
41690 86114 31942 15592 9287 51945 73280 2767 12838 64521 60123 53539 8831 39091
4078 18
84637 57704 27516 18089 31281 96404 84933 78825 60250 37802 47867 78238 8328 17917 41618 51312 50775 93812
7170 17
39698 3316 59498 28321 77383 66056 68764 58780 7800 53316 19073 44713 52776 11645 46026 50197 72021
8510 15
64750 34106 20784 94601 84414 1529 43076 8320 4309 55408 19207 76928 83824 66732 89735
1952 14
33240 43701 12985 71355 61733 91043 80224 57365 41925 42604 31511 63474 90973 96773
8135 12
99499 31082 93777 72541 91573 29967 67391 75471 87098 44690 48135 37649
8464 12
40886 4121 2561 99160 46750 40251 91446 52235 80732 9697 34904 33541
1573 10
73476 93175 95564 60936 54410 73636 44788 82601 37730 24632
3152 13
84410 98260 5805 50598 10018 23592 1180 22019 15826 44714 10849 48423 41727
9992 16
19245 97315 28487 54487 94642 65970 18310 12834 60898 24118 65697 50037 63811 11896 21906 84675
6654 17
61709 27796 5163 4327 31707 72165 63573 40876 18908 68860 10613 42309 56570 78231 82253 4688 56962
5748 11
84193 54742 22086 24961 37164 34405 63530 623 77443 72943 17808
2058 13
19708 9370 80998 58545 51763 37058 85397 20315 36073 65925 96608 32764 89966
275 17
93013 23383 19022 80526 72229 55110 39720 23196 1267 44053 82100 57056 54631 25165 91784 70582 98055
8244 15
80891 72472 78459 10783 90952 14661 44485 88656 14098 94961 92400 78073 68699 61128 48557
5890 13
74252 54564 21303 60359 86418 6903 51014 87132 2906 21789 38068 45170 59698
8495 14
27373 24049 73467 74886 81069 61145 28258 2950 35173 20838 29505 21421 86269 1808
786 13
85871 67160 75840 75364 14090 51002 29109 97204 63821 90615 40611 80671 74394
2631 19
39248 51443 72913 95646 92325 41551 30747 63405 27196 86463 91910 11334 65968 46628 72613 98470 53154 28844 48846
5978 15
52172 72861 36960 42176 58565 6147 29719 84859 45318 89675 76673 16149 29096 88314 77672
6012 12
94850 37138 98386 14497 71299 89428 2870 42314 79152 5787 26022 84443
2922 20
19408 30076 72829 42405 32682 16526 26814 33656 9446 88220 62828 53663 33208 75524 45653 72305 40862 51794 76311 87058
8375 20
61531 26179 46105 42320 79884 27391 25705 17573 35141 33294 74433 97143 6573 16034 28993 79370 87518 75034 4205 95669
4359 10
14621 42468 97827 18416 44374 43800 30486 88920 25459 2302
2011 18
69549 19267 73930 62123 74155 57301 34091 69987 75175 38726 33640 16286 3184 85857 52802 94607 39943 29194
1331 15
41770 25333 81015 36055 3541 12924 53581 69818 59676 86946 72349 59974 82656 69820 72124
1054 10
88679 23370 90198 85758 4258 519 30365 76328 91174 52349
9400 15
73856 54967 25391 62128 65058 29550 76974 64270 86429 67603 35757 58973 10567 13344 28809
8900 13
56569 51676 23369 42659 23095 89005 24089 69312 34517 13425 99266 75958 3345
9729 9
6259 46723 90372 67106 51893 34780 78062 5126 36552
6891 12
56573 75143 6461 20928 21649 45402 2323 9451 14699 9329 43761 88505
9591 17
50510 95630 49227 33083 37744 30186 40885 98317 17236 7387 36136 67101 43839 20689 88000 54621 14294
4250 20
89802 20049 25963 8999 12544 66035 22377 59754 79679 95329 71909 6612 98758 95498 25688 4060 64845 89315 16418 8404
1188 12
35545 97269 93460 97031 82323 28959 83385 72436 93526 52332 24333 72155
8070 14
96632 52774 28071 59182 56742 45026 39913 14443 66976 29981 9028 2615 93400 81476
9609 17
28488 8162 55771 12285 87569 44164 78960 77805 23331 73674 60409 32920 6423 33804 41868 41899 57058
9737 18
71043 89434 14225 66868 38358 58047 29563 86655 29742 67536 6091 67947 48490 71264 72656 29309 55201 84487
1575 16
29084 5770 40426 90097 10744 39362 5478 95212 90725 82234 77725 66979 53656 17571 89057 9324
6785 12
22875 26790 14269 50402 64294 82489 26444 32161 1028 25947 84418 10580
9858 14
30225 1617 63971 60637 19044 61711 51796 22104 21636 82582 18419 45325 56789 60372
1512 10
23022 93422 54592 25467 52779 50707 84574 82870 37252 98363
1172 10
73063 4972 39355 53936 5986 53813 25746 73560 5600 43743
8970 17
33071 61602 80267 90047 27996 6322 62644 42406 34947 29192 67912 5119 31903 28675 84362 21892 31885
6670 13
85491 93926 32372 58112 5932 61304 42836 48496 23424 3741 28080 44840 93558
7822 12
74828 15773 550 20701 48849 70296 86967 68283 77976 66124 51399 75535
8851 13
40552 71308 56577 52004 53381 65175 99235 82242 48069 53861 29435 75065 17623
4989 13
75529 26283 79817 36601 32812 1704 50251 25604 38920 26804 25199 20889 10828
4495 12
41411 87630 55769 57325 41374 20602 1620 95628 66655 45242 93520 98081
6261 13
28062 71110 30460 3229 47525 53607 77999 57583 5086 47403 12086 99554 27938
1413 12
81681 25132 71655 82723 84823 59339 23158 91577 83539 1026 33618 53368
8690 17
8 17430 41975 62579 2311 33944 69184 62589 42877 65552 54329 139 53648 65258 61514 35404 78134
618 19
20262 20063 50644 26953 94819 22642 46460 50768 34493 2280 22756 36585 37347 61967 11733 78846 92553 1004 90761
3642 15
46061 97625 74920 78486 15744 8250 25579 63163 18808 34566 66435 33514 55635 90645 40148
9500 18
21030 36795 72959 85490 76375 78540 28882 97685 59168 1970 32404 25983 12882 51910 96693 36316 37207 4282
1679 15
51344 91367 20174 57066 72933 25432 96725 6282 68538 89694 90049 19995 77193 28976 44342
442 11
83381 66148 72504 2106 17971 73781 60313 21698 83768 31779 29216
2278 14
34360 79529 87718 56378 99576 73248 59890 68026 88758 86428 17299 78649 27707 39896
62 12
88391 32276 38034 74295 19676 24209 50167 55153 33960 65506 34883 25446
3800 14
28382 34449 22349 15406 18397 30131 7956 93843 46090 28515 32960 12628 54505 33270
1897 20
47795 92617 51019 82089 57867 60073 23838 79361 52350 79704 4982 78574 86609 67223 51065 76005 32001 67570 98006 1907
1264 10
11212 33575 18382 99490 86417 15615 73285 60659 56328 4850
1574 18
83151 60025 51446 95189 12155 95635 27993 38637 44988 48937 23175 13165 82845 79634 27191 64072 36976 60513
1859 18
49937 39394 77104 61791 58056 53742 7584 24970 77776 376 43435 21577 2263 56201 77377 65587 21594 95287
2961 14
97595 66640 95619 3557 17186 61801 86776 86112 29007 72766 43813 92933 41938 63435
3586 13
74127 66498 57227 44102 43105 71835 5869 86665 69328 7837 40780 69041 15365
383 14
94394 4838 20909 67988 32051 91316 82241 92070 54707 88866 4887 69734 94186 928
2243 14
40624 29146 12065 8639 45066 68084 85118 82539 74118 44302 6933 47617 39539 1126
9210 10
82155 12239 89891 64267 44704 78290 38871 55199 39684 85530
9308 12
56228 3306 91396 16272 13737 88640 28271 76024 90102 40543 91326 56230
7660 19
59652 15988 60074 23360 6190 2448 11659 39052 90869 50507 53536 54191 64173 10842 44412 49587 48090 47017 74592
2666 15
29143 24085 88819 53405 86730 76598 95190 18220 33667 55114 78768 25484 15898 26796 60452
4010 18
41080 62983 99966 70905 8825 1382 59639 11780 10499 36018 97975 46883 3957 90822 53953 46399 40598 60263
2904 10
94923 60058 91335 54135 31835 27446 19713 55723 42921 43181
6054 10
19734 69265 4824 56202 63110 58795 61539 4114 15284 52082
1532 20
95959 34062 72070 22961 61824 24802 52650 75325 29485 30511 26652 71525 38435 63063 65250 90291 48945 27115 56834 28586
4389 17
11318 59575 68435 30200 79175 54168 39261 22534 99414 74590 33244 60294 79346 86341 18111 45003 31091
5873 20
72106 30683 71845 52916 31494 45383 97334 80581 11228 64148 25664 51111 54746 68214 34432 76811 26816 10884 49162 42960
3317 19
93982 51045 6751 66753 43805 18812 39418 58310 20292 9188 93895 22470 11431 41538 88061 98376 61010 70348 83362
1507 15
70437 45804 14531 9953 44935 90475 21198 23003 54791 63316 958 30098 62551 96383 84089
2016 14
40921 77048 8299 73219 4701 55175 27745 64077 27457 34143 86610 69109 73260 88956
4921 15
5410 11288 49225 67308 88129 39407 60328 35437 30649 68273 15197 47298 60828 1884 12409
595 13
91409 78508 14671 33063 99108 71295 3826 17557 79184 4023 59316 59637 17574
7204 17
7673 4657 24469 29133 23390 61259 24627 20277 58835 85262 51334 75426 43916 98445 61247 75738 71036
7918 18
86887 23386 34369 49722 99264 90428 36887 91382 11202 36560 90568 31534 37219 72473 59562 66618 45106 12906
2028 17
72342 50008 32231 31085 5657 56065 55712 95755 80948 3199 26692 5747 1 77285 8471 78044 78759
5604 19
19539 74267 42354 60539 9206 98615 26363 21085 83291 9978 83808 95456 98019 63689 75707 89538 88745 26512 63423
6059 17
41285 379 77984 31664 2018 83649 91034 93513 24175 10252 38137 8951 98007 56369 8570 60836 85956
1990 16
23667 55240 73552 54740 17487 56703 72717 14021 32968 81657 66203 72533 37612 93908 51128 86013
2997 13
74381 82716 7150 70163 1622 66637 37924 41649 27763 78839 26219 27666 48615
8740 12
27141 13340 21066 21042 71729 93194 75876 90376 41911 69692 71752 68423
7004 16
60057 99833 50801 63272 33923 46941 60133 70253 59114 6321 66593 82516 82251 51718 98434 28542
8840 10
2800 70225 42799 48277 15463 56576 74849 46614 56891 8650
6486 15
15388 71116 62904 11390 6411 49113 47806 23532 46936 9782 89846 69965 44642 91195 66215
241 12
47744 97744 31992 21992 76148 62087 96547 1751 16760 56842 38875 82814
7168 11
36602 76146 3503 8315 29546 10114 35693 16205 33760 27912 32745
4129 9
62763 64528 27660 80629 96562 34380 98289 21335 81341
695 15
36800 3052 80669 79284 40514 8590 54327 43858 13689 18673 80744 86735 49535 39476 89031
7464 16
24222 63959 22396 77706 86247 79841 3673 42167 8364 97513 83502 64705 97758 81495 53270 48716
2360 13
12296 79944 16588 33443 20676 65833 92197 62491 2528 79541 73075 10936 94718
3463 13
56875 4164 31695 27267 49433 21757 50767 93133 46708 61060 26861 30102 24529
6612 16
64075 41036 60509 63998 53430 61274 22393 26840 11996 51976 21810 56700 1584 90289 3698 91424
8664 16
5599 94160 15278 19053 67572 19288 41099 85982 96621 58344 35621 83974 22025 35927 31836 77253
2083 16
65569 28876 80056 84604 53733 96779 56498 58500 51378 43959 39658 97194 26477 49598 97508 52968
5810 13
7993 51085 78493 78145 81225 61998 74884 28584 92677 74309 21603 86804 63360
8890 14
6725 30752 63102 36749 96640 98464 79810 14151 3650 42631 15643 29939 26620 5858
3450 15
80367 8598 92930 90904 51576 82941 29221 27543 69964 7802 40572 19055 26138 99779 57291
9840 11
53882 74715 40243 84012 35418 44033 6114 40557 97955 956 84956
9441 17
48861 9678 62148 61441 8097 18559 75174 22946 29707 20192 59188 89588 64962 54244 37087 41577 89018
3883 15
73083 24416 52270 45299 22713 42944 51928 48709 99574 44369 60726 81808 33589 73176 97903
6335 17
53910 60486 43331 93380 94006 35019 30593 74797 16959 42280 62082 56674 89014 45800 93899 40589 61156
2718 15
84169 63606 72143 15486 91851 23625 13662 29316 4147 73726 16772 14093 69942 18556 68778
3410 11
15440 22099 67034 73312 29557 38782 51717 1298 63829 39318 79881
4591 18
71314 91060 61737 10160 96965 81368 32615 60480 40194 14608 3835 82178 10925 49980 49825 65310 55541 87514
6188 15
40909 98498 22434 31166 21435 45607 37085 6076 83244 81763 1470 63904 53838 35967 82998
7288 12
93922 49572 13492 81136 35592 17501 85828 40386 45739 16942 88826 15860
87 17
98047 71808 41079 27257 44709 50554 34907 78681 2467 28830 25699 85988 5534 98751 50480 57561 21592
5958 16
54633 60812 80130 47833 65932 96072 39305 9834 60735 89182 50632 13552 27937 47287 39710 4648
2711 16
44805 6337 56171 61184 6958 70040 37466 66194 81212 8501 24110 90711 77648 2446 82098 95571
9290 17
84181 51600 73775 50434 99620 83509 3626 74643 94183 65867 15785 83723 9037 81724 55166 88353 44351
2508 11
11189 1316 89656 65240 92510 88179 63695 92124 90784 25993 48357
4134 14
96714 31823 94628 83069 69349 97582 51236 29586 16676 50719 99695 65192 32660 20179
