217
9298 18
31280 69121 69516 34485 72773 15972 54793 36779 73334 26414 62084 39454 55680 30363 33256 58005 47822 70235
8007 19
30831 11953 62831 72651 3974 6443 76165 57778 69823 81508 96427 46666 49812 29781 3544 96336 72541 54352 40022
3711 10
66276 47876 17726 16800 8848 95741 34930 82492 64302 20217
6833 13
96624 133 19467 17035 83173 34697 98092 18881 61538 66898 58466 98776 18372
3718 12
61486 54982 92245 77754 41676 37942 44229 95367 81323 75497 96263 98400
3948 13
61699 26612 62462 92013 59417 51279 98201 80980 93718 93685 36623 6099 65331
19 19
59697 41297 84320 289 54031 2596 53181 57153 77516 62074 45938 31923 10987 82303 53043 34109 84845 33832 50289
9138 10
97334 69369 53232 98993 83833 68391 10057 32456 30732 85707
9171 17
58723 70695 20414 69977 61416 78933 54517 79651 12635 13936 5600 83061 87964 43039 92735 80391 8974
9797 17
31216 45942 88882 32109 33849 94156 52045 83705 4103 9823 20576 91869 31556 21164 93826 51079 50621
5498 20
80265 91118 68332 37239 67497 18596 73984 64137 49611 73460 90750 41495 32421 82501 7012 59315 49936 69515 81710 16055
1461 20
34357 65716 48803 7516 70627 43987 88679 3923 79817 34435 52474 85090 36474 9608 21944 1361 29537 13637 1468 99307
1104 15
94172 77783 3806 47255 3022 91881 17348 55890 62150 92947 71384 58287 49627 69450 41195
7533 19
46742 37097 54296 52024 87845 43403 32632 69426 22825 20309 43745 12511 95154 70435 49380 45926 52756 50358 61163
6229 10
10817 61540 76302 14751 75827 8106 24198 17584 81657 28422
9517 15
52964 97001 58949 65632 64422 25943 51558 24720 97254 36928 91100 76115 41155 88018 61144
5523 18
44354 89131 17531 18711 74547 65454 40020 37009 31078 36834 80571 64293 20012 33580 82572 67081 31675 95018
4880 10
4146 92822 59731 44543 34186 83343 83741 74408 8290 19691
9605 16
3723 90253 53095 83530 88929 70081 4727 63265 65091 22383 17207 9906 52398 67887 39789 76583
7684 12
35388 84435 81571 10649 37954 17751 86445 23585 57431 31195 36798 99049
6087 13
52097 87560 21656 36889 34806 88425 50673 32646 28352 71733 41320 31204 45974
3373 11
51672 99067 4938 49047 64599 88368 30322 35026 22176 48552 70455
9884 19
28536 6323 20190 82191 57860 3832 31633 40805 53437 69399 20960 62799 15029 72755 64705 7455 25211 18796 15040
9322 15
88795 51897 92315 30884 99933 46380 66161 39331 215 13768 52800 17265 34767 47343 28509
3165 20
75008 73267 50084 64523 22320 58941 81007 71062 8716 66331 21748 7821 58390 64120 57440 97667 67357 80585 35346 39688
6401 16
73137 15469 54619 48665 57849 29231 72538 71744 74167 88855 86316 49157 61405 84454 77939 27174
7486 12
88171 11131 61162 60360 9250 32473 41662 71058 2836 80009 26067 72272
1339 20
20827 96674 78886 18190 18824 17636 56789 54645 59321 38256 84732 89644 88628 18198 50928 41114 12725 84734 83404 62939
5107 10
26124 42282 74495 89436 90546 91670 71935 25261 99782 16207
2401 11
50225 11062 72972 92374 69841 29882 75999 77564 30361 81706 48674
7618 18
31317 96030 23735 172 67558 48935 43327 77323 63405 98975 39981 34172 79692 35632 62662 97723 75698 43386
1049 18
75843 37155 96474 58459 85078 8378 60680 96767 54415 42964 3703 6246 66147 97751 52415 95406 9900 77276
654 17
63660 51721 88807 78523 52309 74698 62052 14962 44593 90229 27271 66 80484 28548 65373 89640 81903
1760 10
22422 82880 14830 5901 58487 39132 49620 28953 46805 40929
7040 20
12011 61395 63916 81695 10448 26840 40704 20104 6429 36601 15896 95228 52031 40241 9114 18632 19113 68762 80914 51633
6451 10
81963 62632 87309 39936 34523 67119 29942 49246 89352 80233
833 18
14187 333 51085 5310 45371 59692 81677 61334 36639 45872 51090 29534 78240 75751 67330 95562 89085 11423
9521 10
35497 55020 93273 18293 35008 13325 29728 88757 94174 95985
1377 16
57136 21865 80158 26584 96630 30730 72337 96627 71530 65610 14298 2705 39138 56046 67205 95355
4721 13
42499 89004 82730 66665 67370 66459 41654 25243 94724 74188 62814 10285 68729
4181 13
46615 71708 61235 97915 19470 31553 48364 1818 82460 2313 45836 65146 5253
7891 15
41779 66737 60282 35030 75180 41438 99078 57205 43999 88894 76030 33010 67803 59913 83099
2983 20
73794 27751 22581 96094 41909 39829 71482 10748 53431 63288 79861 34677 81344 63461 31792 41485 90998 62853 28723 86792
2118 13
54730 70888 10672 15838 45367 48689 10304 22766 74657 63669 43260 38440 19476
3572 19
38634 11614 25351 4815 60392 52260 55647 57615 56378 36954 92553 86559 65971 89382 58966 61989 71847 7170 83768
7639 11
4433 14760 41217 41488 69811 55346 34941 70089 11865 24980 11453
5004 19
33012 96186 38384 74537 53664 96537 10775 4925 51653 40858 2408 18373 15959 32490 84876 39906 10850 65349 53627
8719 17
98368 79026 37896 45747 1096 85184 74557 6508 20127 67425 94560 43658 76035 67383 88761 8950 78320
9832 11
83287 89715 12505 55459 10528 20405 9227 36565 1785 30669 21076
8092 14
51726 27702 58423 36132 73349 11455 55186 46028 58090 77723 43953 25584 61992 55335
5964 15
35164 68606 70568 70791 8230 19544 20461 56356 99638 85617 45922 95558 86020 11210 71549
8966 15
75595 2517 11712 17479 38521 93054 34367 68778 41206 59314 64356 62014 90736 99749 20435
1981 10
1697 87601 95647 39119 78585 18454 1442 79223 65231 66225
2554 17
39426 5803 74645 49038 51064 23895 26553 57293 48393 64946 20699 44396 20654 13354 95841 49723 50734
6893 16
86137 47187 6665 69038 75829 95392 22537 25011 80059 84211 80312 22644 47292 4230 95732 96605
9803 15
55612 76437 79883 670 8714 90469 75393 74806 35882 82584 78100 20194 45977 79465 25453
9409 18
11566 15480 96250 50587 21783 64065 53875 48917 46388 93934 6250 27322 69385 53951 82192 49106 10387 72833
1631 11
8273 65447 73956 37056 36725 37292 92185 92491 41266 6821 43921
3735 12
49912 38820 83762 13805 54890 29324 98088 11263 49868 19841 91850 7565
7722 14
4443 32334 67105 378 19401 44387 78089 24865 43679 63920 64252 15482 9578 80584
7452 15
73350 33899 55173 75969 70801 28031 44527 70818 73154 68860 87337 94579 17398 38193 22522
8462 16
87996 58944 56448 4797 81418 56225 79251 2685 5488 60739 13054 69224 34974 38279 32418 33855
271 12
52609 58492 43628 21063 63979 16770 73697 35724 10308 32097 69751 20456
9959 14
38560 9752 26480 4214 98864 96191 7285 44815 58183 14715 52749 20609 77174 6915
5186 13
34001 12233 50270 96388 53964 27173 67756 54446 82201 54341 84 358 41188
4820 12
41889 51353 34392 23528 7553 16363 44794 59744 76438 98860 33462 47110
5446 14
29633 48879 52008 51707 89628 77268 3353 48027 43246 97466 67419 79108 1793 86322
1670 20
23129 3253 93037 2236 68278 38845 51718 74694 68239 9793 4625 56610 3093 1764 68138 7834 63980 71716 76288 16775
3848 13
2041 9780 72226 7502 41325 8609 34433 83866 78497 36978 27191 7572 86141
6064 17
47934 81523 60366 51028 58533 96240 76916 76996 90317 40764 83084 65644 53674 33797 61186 83019 79321
7763 20
4436 24817 16058 22963 12655 95717 21400 95513 14149 21690 95144 68755 5361 18194 64178 19066 13082 70401 72077 24533
1065 17
93966 87160 59899 73016 50281 33295 76483 91882 95946 77947 36080 28543 54970 9836 39346 9015 88148
1070 10
34224 29068 60827 30639 59081 69810 1264 21838 7092 48880
5189 15
51626 41698 54007 30208 43429 3584 91292 1242 50556 6858 93088 95612 22378 27034 56155
454 18
37481 30750 86487 23422 13069 95052 95605 11080 47800 53252 65311 31439 48823 92473 73633 75944 89762 85614
4071 18
97270 9579 79811 46286 55463 1247 98312 94424 87110 17754 78278 74335 2580 90802 68396 27163 74907 53820
9152 16
85316 67173 70703 87966 88347 30736 93485 74006 67634 87620 21297 11403 51278 11252 93320 91204
7707 15
57809 81219 93599 39580 31069 30697 28518 5706 18663 89701 55529 49549 85838 42838 18263
3188 14
75720 75976 73674 21458 748 27399 9066 75066 25992 31088 56565 7598 26048 84462
7052 12
87600 64839 69557 62402 58635 27824 33603 84321 79005 69910 83861 79572
3745 16
1483 22477 33043 69386 19184 37709 46929 93481 87068 10336 96877 62349 10264 83150 32608 15940
1148 17
34651 42294 19007 74023 82302 79107 80311 72125 46251 56234 75403 6004 79983 41821 96516 73329 84665
9376 20
7392 60033 88445 17407 63874 49877 16849 18129 26277 22372 15653 53837 65801 55651 88507 62276 16020 75734 86351 82211
3701 10
17233 58016 60238 9943 57789 40513 82564 29363 66766 62387
8659 12
50421 79943 70857 16263 50837 28136 36054 71598 46930 33893 74354 57540
7223 19
70059 67807 34182 23151 89055 19198 52320 27721 18879 95218 70266 60703 83700 59305 15989 8314 99790 20730 27130
3534 13
17746 7008 21456 16412 91654 64166 7374 92023 77600 86427 38186 79163 68293
2379 13
54458 95290 19636 46012 83394 33126 45481 48926 22650 50745 26858 26287 74462
3608 15
34910 48987 1637 35112 44322 63884 59045 32233 47888 18443 97869 72376 80907 94556 73223
5359 18
61219 65541 65897 65739 85388 45252 64180 8826 30436 55531 42009 31242 70556 840 5507 51847 84234 56246
157 10
37367 54832 54386 78510 50132 82967 76461 28513 93822 38214
5619 14
2603 15350 59785 33598 5506 97867 5654 40610 30929 53891 87267 15949 45992 18509
7523 20
13599 7255 2153 35233 40206 26628 54877 52626 91312 95438 10563 54698 27534 82132 68484 86514 1551 56109 58611 65695
5608 19
83487 66487 88551 27604 31736 72801 19034 81161 25460 77010 95222 31023 80381 91541 47547 77152 77270 80523 5011
1246 12
98774 11177 90353 80527 93683 51374 30500 4487 80211 20097 54425 25166
1079 15
64083 68314 95561 15785 77773 21394 27318 3488 76101 62543 40718 29138 96464 67942 80081
3243 14
81520 22446 20909 91479 23264 87999 90145 85091 36187 88483 22565 85995 86477 36767
106 15
91734 27316 23403 13369 6056 59881 55820 69932 48513 58193 30504 41833 3165 35643 20920
7026 18
7860 89158 20501 6916 23830 36760 28224 2780 75105 33196 21756 40458 45019 59233 33688 71221 47326 34018
9392 16
15826 50804 12125 16853 92031 4218 41583 35946 60152 38506 17618 95834 61886 14097 93839 94867
2433 19
58433 12713 55251 10856 78071 86042 83112 23235 55292 35403 19638 89788 61046 8278 26558 42818 41284 2352 14782
8677 19
65537 98603 54100 36527 59762 5765 61954 57476 63444 27075 11813 75934 86212 55736 69066 95939 87787 84362 70719
8409 17
70955 65606 38887 66290 36205 98392 16772 19868 59291 86197 10599 30021 69191 82810 64630 56398 38604
6953 14
2391 54548 45821 67642 46501 84887 66523 44169 13413 71259 40597 52169 4460 46259
1342 12
46270 34616 67961 57895 19315 86196 6330 56297 14075 63941 74766 88043
8629 13
39787 42676 27585 29161 36899 82619 47211 8772 56352 64426 64327 74877 76472
1165 16
54567 87044 25160 2725 5485 89011 41432 81819 64895 64918 73617 12614 84316 88261 58805 10049
268 19
59143 55432 23276 53077 437 79130 40478 83737 71056 21054 78162 67623 27501 1221 19026 93039 26520 78859 81467
5360 18
76585 54788 33065 20246 69020 91915 22487 31018 55642 66546 43051 56937 18325 59857 73095 82605 20416 56856
2631 18
39248 11334 65968 30747 46628 72913 98470 91910 27196 95646 72613 86463 92325 48846 28844 53154 51443 41551
3545 20
96911 90854 76042 94688 11624 21320 67367 35466 13834 24607 78285 40498 52409 25525 6648 70207 5685 51188 62319 14653
2166 11
28339 62613 19898 6135 57078 40136 90335 64805 26738 80786 8926
7274 16
70856 56897 37224 97279 99322 79949 67335 56510 15416 13037 37253 11288 77659 41077 98846 65962
4091 17
86534 46565 56910 1860 48696 70708 39905 67265 55576 412 35251 90342 54328 64817 60945 80243 51292
5481 20
22218 60798 27096 35425 99293 26812 76109 32556 91537 11602 87430 91840 6010 32190 26150 77802 73486 63430 92815 64489
9623 10
26783 86850 39991 61188 56917 50646 64091 3120 79068 84691
5592 20
82022 29966 87765 70261 11803 58430 29610 70263 2292 66056 98493 74119 6354 32908 15948 89895 46534 22117 63064 22414
9106 17
33723 44677 37095 16225 62637 97799 7416 44468 11562 15789 88686 66450 86033 62653 1528 55477 38499
7731 18
36559 19993 74564 89097 71930 52336 70586 53230 72130 54980 32855 30295 22107 4279 6507 3217 63158 31608
9569 11
31557 77658 20707 68027 4356 44321 55738 62691 82970 68345 46788
8061 12
13947 81265 10786 63419 67288 36438 69055 70396 22703 66509 30976 81321
1903 12
83885 97560 72687 43250 34099 672 34289 14954 18107 12984 5242 10986
6227 14
53010 61960 62424 53172 87582 36976 68989 10208 92427 18066 96366 13578 46256 48946
5167 14
53574 38237 36994 91696 34460 19003 46379 93921 73438 72007 62964 48851 93693 81952
2312 16
49408 57537 85350 68329 59775 98469 91794 71048 13730 94581 52696 96364 36522 28085 13823 81542
1762 16
60651 2787 36263 19368 96572 9533 32857 37863 74665 9439 6130 63216 35379 4231 4964 55553
1293 18
78813 39261 42084 43142 72489 9257 59502 4620 92757 58475 91699 12508 99408 31695 41054 41459 78693 1773
6195 14
70785 81290 8583 67422 65043 13198 36386 16203 77187 61362 44075 59987 58860 85496
2487 10
76371 22055 85726 5687 53847 12887 89019 55577 24201 12881
5283 11
47208 10583 2658 73840 29919 90725 95399 18691 95520 12046 65065
8358 14
95792 66852 75553 4836 97846 45588 73374 76316 67299 97662 63085 16936 64019 17333
367 14
87155 29082 17103 42091 76664 7858 99230 18642 42113 89874 65945 47264 72870 60182
8486 19
37235 36281 45855 50670 83917 50751 53750 26909 19754 97068 57291 65919 44586 226 75173 89306 64266 76256 76458
4979 14
52458 18678 37300 68539 52596 98510 57151 9990 77280 55331 17766 82888 5945 69293
8088 19
19779 72158 77674 85361 15338 81787 98644 88903 21981 76440 41880 52491 62620 74629 69830 16299 59852 88815 58535
1130 15
44954 34023 34535 62980 9715 18701 67059 64945 2139 76108 32539 78467 38974 6709 91319
5027 15
72350 27443 72536 46165 64867 35880 37550 50790 15100 60255 65497 57850 25881 91092 63072
2004 20
55372 54809 4856 46185 69728 85088 56985 43945 71301 40756 15913 67926 83519 17201 95003 28476 39549 50973 81855 40864
7653 14
7168 74280 72998 74535 63045 61981 67146 75607 15142 72832 46959 81156 96204 87106
3538 10
47103 82409 86349 6573 33639 69699 38280 4048 54143 73356
9901 17
22114 38805 3021 67709 63013 27587 38101 71267 98098 24859 89925 92842 60223 33061 56066 11348 48671
3360 19
68387 13782 36806 72741 28793 24178 33443 30329 99980 40689 41791 62210 59652 11818 31584 6118 96514 21387 16985
3766 11
52837 24788 97610 89793 53710 72504 41609 22781 96098 23121 98159
5258 14
71250 55036 57747 14289 49778 69704 9284 22003 75588 28877 24763 16960 90769 35320
9695 16
45783 47087 84490 90790 29084 35482 53855 7619 24698 93660 74651 17474 65462 20718 21064 41934
1720 14
10688 23392 1391 57852 93875 78488 53817 30209 34595 98197 8264 14527 29349 455
6964 14
95507 32762 38097 47058 85210 36763 4552 23553 82948 84646 23534 25609 88703 75634
1072 14
72829 94461 31786 88514 72042 52923 56560 92127 84750 4622 97303 81827 3571 17306
5760 16
35401 36200 1536 32273 44614 63832 27303 3841 69294 58642 28307 31579 10971 46752 56581 25516
888 12
94921 36866 97044 7870 85488 3815 29108 84165 45447 93790 51628 14892
3236 16
44015 38330 60473 29268 57541 86483 45987 14811 79851 91552 8057 46834 61152 11246 54996 13588
7703 19
79705 79496 11933 89064 32516 79918 32939 68317 95279 50033 96912 64877 38896 43787 54345 63948 83945 44564 94079
1988 19
40650 27029 18059 81471 36412 35275 70480 16939 24532 59390 59414 59013 87321 38437 16 80850 18946 60460 12016
3374 13
74440 45991 92110 47126 1049 63678 55678 13682 56799 2978 13676 53918 973
4161 18
54607 36175 43903 26151 44979 29767 96486 97390 60484 71136 22736 71239 8554 67072 44725 6123 58830 70495
5136 11
15429 9461 69971 84552 29924 39047 2789 83703 87912 22976 78499
4972 15
64964 97453 95446 85810 10804 69628 78871 97998 77302 9630 48452 8511 76641 24293 58899
4527 15
46180 57500 36432 42377 25710 59219 41000 66696 46863 37528 4243 98568 138 53179 28146
4634 16
31335 61150 2671 51318 26719 26848 64092 99847 89847 38853 30110 83280 98848 13562 20987 70500
4636 16
46475 26310 34037 70493 84617 92088 44427 57562 73712 86229 47533 2958 16954 44546 90992 74356
3252 16
48006 53769 99535 88550 73258 34047 64590 19448 42389 4770 60014 48502 62024 39908 59604 45418
3102 17
30438 31947 78440 29447 79495 9429 25262 16662 46233 62554 13508 64182 94962 75075 45007 2217 16975
7602 19
68971 46366 92992 20107 19354 57756 84010 73009 51179 62940 8564 35322 66308 69532 16194 93420 55866 24569 35406
6650 20
76938 68771 20578 61723 48210 48680 35527 42801 89954 45180 89785 19097 95778 48965 71887 66902 40209 24654 65651 39747
3056 15
74359 82117 69500 94884 62464 39409 53483 7865 40626 97156 33655 51160 70273 8462 28158
8563 15
35700 75952 55323 74839 49851 52295 57728 34045 75383 94874 67599 63806 48599 43239 94453
4462 10
21739 75102 27168 75480 81924 62721 90823 57863 44792 52688
3060 18
88838 88363 4541 58637 12586 75078 85812 21487 43875 23750 6519 1838 27361 20215 89183 71994 72650 58264
2070 13
23378 2092 96047 23953 69840 18943 53543 61327 35093 62362 81987 52479 24074
4328 12
46735 80295 26673 50464 68827 91145 32738 38589 32514 90095 64915 96328
3148 15
36813 95340 23660 63389 20102 41864 69943 32967 87166 48541 47631 71769 87563 21022 23400
7341 12
36218 32194 13297 65736 75369 28196 27187 2684 64730 60613 43586 17145
7477 13
28999 99478 64906 73679 4486 21914 57829 81611 1718 98722 71454 14337 28312
7757 13
86354 95230 36662 75386 11265 40598 22352 45146 63882 16741 99026 4140 91876
3413 11
93981 82597 44479 23259 56065 7166 46956 14911 11789 70750 80404
9812 10
5238 52734 63202 39736 81101 82379 54169 3888 17716 37685
8553 19
17626 70202 23207 48101 93197 36229 9912 81282 21877 99913 25333 84531 93859 32360 81672 91853 11258 90801 57160
3746 10
53511 70965 34676 48137 17229 21330 66857 2367 16279 87652
3185 16
29793 50910 4197 87182 22276 4309 62089 52478 57456 68256 71160 26586 54824 37546 52155 55901
1772 11
583 47115 83306 93622 62166 72440 24234 79318 45947 32548 69201
6423 19
18339 28524 6832 23991 9657 92164 83681 59936 95909 7116 60935 10228 40246 64766 16915 95350 29438 77451 51462
9616 11
41559 78190 7556 1364 17570 26504 99815 75156 86840 16417 1692
7654 13
39730 65812 44327 74413 12724 3764 42032 69978 65735 41008 99694 97985 90941
6829 17
83846 60934 27337 45522 60881 69860 25090 74908 54721 6498 29348 2609 11544 11981 9010 50086 52615
5418 16
94932 36269 75454 76701 69668 91653 72039 11184 41145 23189 89136 87036 14148 81458 10077 89810
4610 17
49023 8663 79860 30215 4619 36786 56538 40917 85720 45099 71911 5151 35283 46557 72316 65570 18519
231 13
15772 76375 6195 49681 37465 24298 47371 26594 83390 36055 38261 95935 23639
2125 10
19259 66700 22230 16192 18797 1852 94670 15869 29211 39501
3100 12
37987 21658 39681 89109 25071 24447 87994 34613 5805 13218 10106 94500
9030 14
7470 24480 46336 21446 77245 74360 35561 76817 13163 64048 97273 21507 57810 19747
3876 15
68830 96222 41615 30773 35264 39365 61376 83254 32338 39322 74294 80512 82329 60734 61517
3377 18
74975 34846 53450 86795 38300 73522 65816 27176 89753 85563 96520 11122 79017 24954 61449 6328 44055 51735
4386 20
41057 81146 55589 53983 76411 55159 20278 41768 63486 50686 8144 74910 51286 27770 25605 51559 58984 2757 1441 70149
9836 20
15151 46523 54368 63244 10156 64956 34747 65991 37094 32683 32046 92220 49563 93608 72558 78858 79991 84746 85288 86374
9722 16
7291 73548 81654 86701 88656 15676 49585 79399 2399 65188 68315 15569 3377 65953 58759 866
3672 14
20548 56085 74222 42575 71349 57889 95403 52846 46092 98257 54280 44511 32332 63225
9538 10
63939 95449 87417 46560 59350 72941 35462 5986 38607 5671
2549 14
96142 15829 41039 80346 39527 55236 4269 57168 71209 6829 80517 71628 18911 53429
6041 14
60764 5463 51336 66794 62207 34939 84760 59928 11991 59511 87227 30280 47694 25722
3383 19
39015 16736 72027 10833 62133 28849 26786 11404 36904 88326 90489 75276 77159 671 55303 8105 79658 8050 30985
699 19
82912 67302 34845 63799 21691 32827 2040 94146 92304 49052 23773 7888 56321 57289 48721 89322 54313 74873 28292
4055 10
20119 89428 46505 72834 24286 37116 87860 22090 54818 62326
237 13
67478 88352 62161 82791 73477 80910 86725 48154 95786 12804 31849 7343 91842
7109 12
45434 28613 45524 16100 3094 86722 34213 77015 70573 39073 13185 12577
3410 12
51717 1298 67034 39318 73312 38782 29557 22099 63829 15440 79881 24469
5866 11
51809 6714 46324 19577 75099 19653 58055 23439 5624 86879 89285
769 12
78328 37297 23807 36043 95943 97830 93744 54443 56458 56373 66662 4452
521 16
11261 80393 98259 85149 82837 4233 76673 2254 7326 84559 35549 57801 88648 2059 53166 61408
1731 17
84056 88863 43551 26296 68097 44982 26239 9773 62603 6756 49365 19645 45653 4499 76857 58646 95703
7043 19
43947 24775 39966 25777 88365 15875 81624 72034 27507 75671 33162 71566 9879 53013 98556 61378 55480 48884 46152
732 17
39984 60855 80021 62005 11631 8992 64367 74097 23908 75535 28125 80867 87536 18196 38548 3234 79400
5856 15
60950 27830 86198 69907 68208 32884 51996 1399 65307 67439 60909 10494 9544 55828 96312
47 14
40678 27863 13417 98468 73541 56843 13740 88949 82166 75264 31594 20888 2269 37406
7181 13
8779 15860 26305 53606 22329 34225 63472 16045 6457 53471 30614 13376 48613
3462 11
40687 63776 39480 941 99809 95855 6842 82934 74582 23898 19976
3783 11
44627 17582 46217 41034 59810 52611 63828 81838 67065 98621 9819
5216 15
17737 71614 59669 53103 42960 62611 53913 17781 54335 41242 81082 29441 82337 22130 94131
