7500
14967 1
63150
6550 1
36497
3060 1
19068
10430 1
51283
5005 1
29270
14016 1
61039
2184 1
13968
4463 1
26592
841 1
5602
6753 1
37388
7409 1
40185
12985 1
58540
6554 1
36513
3868 1
23489
9607 1
48541
12769 1
58005
6374 1
35700
3275 1
20265
9436 1
47964
13319 1
59379
10894 1
52757
8635 1
45054
12820 1
58135
1904 1
12309
8657 1
45135
13827 1
60599
14100 1
61231
4666 1
27618
314 1
2133
630 1
4227
1580 1
10335
13865 1
60693
12694 1
57827
6888 1
38008
9906 1
49536
8804 1
45703
7361 1
40004
8597 1
44911
14672 1
62524
6510 1
36311
14678 1
62539
8590 1
44889
8719 1
45374
3793 1
23094
11340 1
54122
5401 1
31221
8400 1
44178
4507 1
26802
10790 1
52430
540 1
3629
3392 1
20911
12849 1
58198
8477 1
44464
750 1
5020
7187 1
39291
151 1
1026
7088 1
38895
9266 1
47366
1769 1
11480
11357 1
54166
3245 1
20097
5475 1
31573
3276 1
20278
13586 1
60044
14192 1
61428
10975 1
53007
13460 1
59741
6444 1
36016
6670 1
37018
8518 1
44626
14361 1
61800
1898 1
12270
6880 1
37973
654 1
4385
8475 1
44456
2768 1
17418
11394 1
54288
1931 1
12465
4593 1
27235
6100 1
34502
7303 1
39761
9697 1
48848
5711 1
32697
809 1
5389
50 1
346
26 1
180
9704 1
48871
186 1
1269
4898 1
28742
8754 1
45515
1839 1
11902
13387 1
59554
1861 1
12034
3820 1
23238
8512 1
44600
12040 1
56103
5480 1
31598
12842 1
58186
13854 1
60670
2003 1
12901
3450 1
21233
8144 1
43167
3883 1
23558
5622 1
32262
6514 1
36327
14210 1
61466
5830 1
33257
8307 1
43798
3729 1
22742
838 1
5588
11082 1
53342
11660 1
55041
4237 1
25404
14896 1
63004
1993 1
12842
12953 1
58456
6993 1
38474
5326 1
30859
10610 1
51878
11654 1
55022
6832 1
37753
5316 1
30812
5381 1
31122
8937 1
46186
14150 1
61337
7230 1
39461
5803 1
33120
3878 1
23539
14688 1
62556
6196 1
34921
13093 1
58822
9716 1
48916
5503 1
31698
9478 1
48105
1799 1
11662
7407 1
40181
9014 1
46477
8982 1
46358
4360 1
26040
5105 1
29770
977 1
6501
12837 1
58172
4074 1
24571
487 1
3278
3972 1
24031
2193 1
14018
5970 1
33921
3908 1
23699
2262 1
14443
4407 1
26293
13411 1
59618
10209 1
50546
1501 1
9842
13006 1
58587
6828 1
37734
6566 1
36570
7971 1
42458
8124 1
43077
4279 1
25616
7022 1
38602
1691 1
11001
12263 1
56700
6533 1
36417
1255 1
8283
5428 1
31353
12400 1
57074
10997 1
53073
2536 1
16092
3425 1
21086
2599 1
16442
5094 1
29723
5303 1
30741
2755 1
17337
5725 1
32761
5444 1
31432
1603 1
10467
424 1
2861
11724 1
55214
7369 1
40037
3927 1
23791
8299 1
43763
10248 1
50663
12435 1
57161
12153 1
56403
8576 1
44840
11754 1
55305
336 1
2277
12201 1
56538
9390 1
47791
162 1
1107
11490 1
54562
912 1
6081
1037 1
6891
8375 1
44080
6772 1
37478
13448 1
59712
8943 1
46210
1743 1
11319
5722 1
32752
9563 1
48393
1842 1
11926
633 1
4240
4536 1
26946
13193 1
59064
13514 1
59880
5807 1
33139
13088 1
58811
9 1
56
4071 1
24552
12217 1
56586
9532 1
48284
12561 1
57501
7756 1
41605
10799 1
52453
947 1
6303
2793 1
17557
15 1
98
9525 1
48255
2034 1
13091
3922 1
23769
12784 1
58044
911 1
6067
9819 1
49252
13797 1
60537
10292 1
50811
11902 1
55713
12211 1
56566
7660 1
41215
5963 1
33885
1614 1
10536
4740 1
27973
7014 1
38566
10755 1
52320
13728 1
60391
6279 1
35279
7267 1
39610
11983 1
55935
3104 1
19316
5252 1
30497
9659 1
48715
9821 1
49261
8771 1
45579
9216 1
47187
11320 1
54057
9243 1
47279
6338 1
35542
3628 1
22197
10552 1
51679
13028 1
58645
4723 1
27889
5325 1
30849
8290 1
43729
11796 1
55429
12065 1
56171
5356 1
31003
8583 1
44861
9338 1
47625
11223 1
53766
4792 1
28219
9928 1
49620
3439 1
21164
5719 1
32732
11821 1
55495
12111 1
56284
756 1
5054
7116 1
39011
1668 1
10867
11636 1
54970
11230 1
53798
2203 1
14078
9418 1
47896
5933 1
33744
7662 1
41222
4313 1
25785
14175 1
61390
12645 1
57695
14879 1
62966
12532 1
57429
14395 1
61877
1972 1
12723
3538 1
21709
12715 1
57873
79 1
536
13405 1
59601
5591 1
32116
7413 1
40198
662 1
4439
9998 1
49847
10815 1
52505
925 1
6159
10670 1
52061
1333 1
8789
12709 1
57858
2697 1
17005
13276 1
59273
9359 1
47694
9541 1
48309
6238 1
35104
8074 1
42879
4886 1
28684
2389 1
15201
3201 1
19856
12150 1
56395
2171 1
13889
2228 1
14234
10766 1
52361
12453 1
57213
2300 1
14668
3836 1
23317
6793 1
37573
12243 1
56647
4409 1
26302
5111 1
29804
4293 1
25690
11750 1
55292
11742 1
55268
4083 1
24612
7610 1
41024
11693 1
55129
9614 1
48567
10269 1
50733
12296 1
56792
6719 1
37240
4734 1
27944
210 1
1431
7734 1
41510
11269 1
53911
6362 1
35646
45 1
306
2541 1
16118
7120 1
39026
49 1
333
851 1
5667
2928 1
18319
5755 1
32896
6373 1
35689
5949 1
33823
9816 1
49244
12529 1
57416
13524 1
59903
8954 1
46250
10650 1
52008
11568 1
54787
8865 1
45910
9354 1
47682
1848 1
11963
12154 1
56407
2998 1
18721
469 1
3158
1665 1
10842
11524 1
54668
14002 1
61005
12798 1
58081
9046 1
46581
1160 1
7683
14902 1
63013
6048 1
34271
3247 1
20109
5610 1
32210
8892 1
46013
5827 1
33237
383 1
2585
2859 1
17922
3103 1
19304
2502 1
15889
13302 1
59343
2155 1
13791
1427 1
9383
12431 1
57153
11629 1
54947
1453 1
9543
12301 1
56800
3062 1
19081
193 1
1309
3085 1
19201
5225 1
30360
4617 1
27350
36 1
250
5614 1
32225
13636 1
60174
2336 1
14888
3224 1
19988
10498 1
51507
14775 1
62733
10738 1
52278
11959 1
55874
12223 1
56602
10355 1
51016
12143 1
56368
4229 1
25359
12371 1
56990
4230 1
25370
597 1
4000
9060 1
46635
6583 1
36636
6136 1
34679
4969 1
29089
967 1
6434
3038 1
18945
2739 1
17250
11594 1
54855
8228 1
43495
9763 1
49070
8734 1
45441
8816 1
45740
7152 1
39151
11044 1
53219
6084 1
34430
9789 1
49151
8159 1
43221
2495 1
15842
9376 1
47750
6469 1
36116
11255 1
53872
9645 1
48671
11625 1
54935
5238 1
30424
8210 1
43419
5548 1
31926
12396 1
57066
14110 1
61251
10324 1
50920
3681 1
22478
3524 1
21635
279 1
1889
12078 1
56206
6201 1
34942
3598 1
22032
3791 1
23084
12677 1
57775
1693 1
11015
2962 1
18516
4150 1
24966
836 1
5574
2915 1
18234
13468 1
59766
12057 1
56145
13232 1
59166
4945 1
28971
13205 1
59090
5372 1
31085
3215 1
19930
12003 1
55989
800 1
5338
2030 1
13069
8184 1
43326
10004 1
49870
8068 1
42856
11729 1
55227
11857 1
55591
6570 1
36586
3325 1
20537
5359 1
31016
12957 1
58471
3142 1
19532
10272 1
50746
10203 1
50527
11769 1
55347
8765 1
45552
11362 1
54189
3518 1
21601
12860 1
58224
10802 1
52463
955 1
6354
10829 1
52546
14203 1
61446
9366 1
47720
10080 1
50122
14216 1
61476
2898 1
18147
6074 1
34386
124 1
848
13436 1
59679
1141 1
7560
2130 1
13653
10545 1
51656
9918 1
49578
11281 1
53945
11819 1
55491
6224 1
35042
9336 1
47618
5301 1
30735
7654 1
41187
10721 1
52225
6450 1
36043
4356 1
26017
7972 1
42468
5330 1
30874
11096 1
53381
13317 1
59374
6755 1
37400
5669 1
32495
705 1
4719
621 1
4160
9370 1
47732
5339 1
30913
2177 1
13925
9663 1
48726
422 1
2847
8782 1
45626
4611 1
27323
9642 1
48665
8940 1
46201
848 1
5654
10898 1
52776
12917 1
58370
9536 1
48296
10410 1
51208
714 1
4787
2000 1
12891
10685 1
52108
11723 1
55210
12316 1
56845
7810 1
41818
10199 1
50515
14595 1
62341
2411 1
15334
7675 1
41271
2104 1
13509
9503 1
48178
2473 1
15712
1034 1
6877
10408 1
51201
4207 1
25251
4679 1
27683
2710 1
17089
868 1
5785
14364 1
61811
5612 1
32215
9409 1
47864
8531 1
44670
3412 1
21016
14753 1
62688
2036 1
13104
11574 1
54801
12540 1
57446
14992 1
63206
14385 1
61857
9582 1
48458
8950 1
46238
11303 1
54003
14342 1
61758
3042 1
18969
11016 1
53134
10333 1
50948
13098 1
58837
6232 1
35078
8180 1
43308
5463 1
31520
14475 1
62068
6399 1
35803
3331 1
20570
13500 1
59846
6962 1
38336
11149 1
53544
9681 1
48784
7657 1
41197
14059 1
61152
5769 1
32955
10412 1
51219
14733 1
62645
2274 1
14517
8598 1
44918
2074 1
13331
505 1
3394
4526 1
26899
1932 1
12479
8072 1
42871
14997 1
63215
3068 1
19118
7769 1
41652
7945 1
42357
10883 1
52724
11840 1
55546
5798 1
33099
155 1
1053
5276 1
30619
12008 1
56010
11262 1
53895
3830 1
23287
10418 1
51241
6118 1
34587
1547 1
10130
11956 1
55868
10748 1
52302
13759 1
60452
3066 1
19105
7619 1
41050
12943 1
58431
3516 1
21592
11613 1
54898
2546 1
16150
13354 1
59475
4636 1
27459
6522 1
36367
4821 1
28362
12545 1
57458
10382 1
51102
12887 1
58296
14905 1
63018
3468 1
21331
13214 1
59118
2827 1
17741
11115 1
53444
11178 1
53632
12733 1
57914
11581 1
54818
6709 1
37193
6777 1
37500
13016 1
58613
890 1
5934
312 1
2119
2911 1
18212
14214 1
61472
1685 1
10964
9932 1
49636
11319 1
54049
4642 1
27489
4421 1
26362
10693 1
52130
11425 1
54378
5032 1
29403
1373 1
9037
3859 1
23430
5079 1
29644
14593 1
62338
8669 1
45179
12570 1
57521
14567 1
62278
8362 1
44034
5271 1
30586
14131 1
61298
14122 1
61279
12050 1
56132
12439 1
57174
1032 1
6863
14724 1
62628
13301 1
59334
2903 1
18172
14149 1
61336
13295 1
59318
2108 1
13535
785 1
5235
8655 1
45127
13653 1
60213
8441 1
44322
8757 1
45523
10485 1
51466
13577 1
60025
2713 1
17102
6342 1
35556
11323 1
54061
12509 1
57375
3152 1
19587
7052 1
38739
4215 1
25291
6078 1
34403
4020 1
24280
528 1
3548
2029 1
13056
9429 1
47932
9741 1
49003
6862 1
37888
5990 1
34007
9474 1
48092
12804 1
58093
6185 1
34874
2060 1
13247
5741 1
32829
6322 1
35480
8005 1
42592
4795 1
28227
9472 1
48084
9722 1
48937
2299 1
14656
2190 1
14005
12759 1
57981
4538 1
26957
2351 1
14971
6989 1
38454
634 1
4254
14295 1
61649
11900 1
55707
1307 1
8619
8450 1
44359
1417 1
9322
3940 1
23869
4250 1
25474
2233 1
14258
3917 1
23738
9000 1
46424
9974 1
49778
4732 1
27936
3479 1
21388
9095 1
46757
11153 1
53555
5120 1
29857
3899 1
23645
13509 1
59863
10589 1
51799
6056 1
34300
11814 1
55480
13732 1
60400
9171 1
47018
7164 1
39202
11649 1
55003
1480 1
9716
13222 1
59140
9424 1
47917
3959 1
23958
6062 1
34328
6492 1
36226
203 1
1377
1970 1
12709
4615 1
27341
5102 1
29758
13322 1
59387
6830 1
37743
7485 1
40505
13585 1
60040
2063 1
13260
12039 1
56098
3739 1
22798
5487 1
31624
11910 1
55732
2562 1
16236
12955 1
58463
1060 1
7046
1223 1
8080
4113 1
24772
4305 1
25750
13554 1
59971
3292 1
20366
6328 1
35502
3238 1
20063
14248 1
61542
4499 1
26767
14491 1
62099
14711 1
62602
2398 1
15261
5029 1
29383
12808 1
58107
8132 1
43112
13082 1
58796
9753 1
49039
13755 1
60445
1708 1
11116
11759 1
55318
14366 1
61816
10575 1
51749
14581 1
62313
4940 1
28949
11873 1
55626
12747 1
57945
10122 1
50250
10187 1
50479
13847 1
60651
11607 1
54884
10051 1
50019
10989 1
53048
1703 1
11081
11429 1
54388
8231 1
43504
3348 1
20663
13441 1
59689
11947 1
55842
14717 1
62614
13422 1
59645
7159 1
39177
7433 1
40287
3222 1
19974
1175 1
7775
8699 1
45302
4508 1
26811
755 1
5043
4579 1
27154
8117 1
43047
11762 1
55330
14181 1
61406
13553 1
59965
11091 1
53361
6873 1
37936
1194 1
7906
12516 1
57395
8679 1
45220
4273 1
25584
8604 1
44939
8867 1
45917
2485 1
15782
7637 1
41119
3999 1
24166
11309 1
54016
8367 1
44047
13985 1
60964
3213 1
19919
9517 1
48225
8732 1
45435
7968 1
42454
6259 1
35193
7370 1
40042
4426 1
26401
759 1
5066
4370 1
26097
11556 1
54751
2783 1
17499
6565 1
36562
8619 1
44992
10821 1
52518
9979 1
49789
9403 1
47843
1487 1
9758
5713 1
32705
13403 1
59596
5935 1
33754
4034 1
24352
4221 1
25317
3714 1
22663
13972 1
60937
14925 1
63063
3341 1
20620
13046 1
58703
4817 1
28342
12256 1
56683
12377 1
57007
8712 1
45356
1912 1
12359
8589 1
44882
11664 1
55053
198 1
1349
6946 1
38267
13445 1
59701
7583 1
40909
10961 1
52966
12126 1
56329
8086 1
42927
11945 1
55838
5240 1
30434
7527 1
40677
3073 1
19141
12931 1
58406
3002 1
18744
7080 1
38861
9380 1
47764
14079 1
61191
10909 1
52806
5161 1
30057
14307 1
61679
11260 1
53891
7536 1
40719
11927 1
55786
521 1
3497
11143 1
53526
8035 1
42731
10024 1
49932
2401 1
15275
14167 1
61372
559 1
3749
2322 1
14804
3684 1
22502
6942 1
38249
12392 1
57052
9726 1
48955
14721 1
62621
494 1
3330
10029 1
49947
12935 1
58415
2304 1
14693
5026 1
29373
8488 1
44510
71 1
482
6643 1
36894
8018 1
42650
11876 1
55638
2988 1
18664
13610 1
60106
9937 1
49649
2874 1
18010
893 1
5947
7500 1
40576
1998 1
12879
4048 1
24419
13188 1
59059
3567 1
21858
9049 1
46589
5246 1
30466
5717 1
32722
13606 1
60098
4574 1
27135
14835 1
62868
10471 1
51412
12880 1
58275
970 1
6461
10247 1
50657
13284 1
59293
2349 1
14957
1900 1
12282
9829 1
49282
8402 1
44183
8964 1
46290
1316 1
8687
7132 1
39075
131 1
888
6675 1
37032
10352 1
51010
7615 1
41037
11047 1
53224
593 1
3972
7722 1
41463
7888 1
42136
10986 1
53043
3772 1
22985
11579 1
54815
9457 1
48030
5899 1
33582
9259 1
47343
13909 1
60793
3196 1
19834
1915 1
12371
2909 1
18199
3408 1
20994
14418 1
61933
4770 1
28118
6849 1
37824
13251 1
59209
6820 1
37701
12204 1
56551
474 1
3198
5294 1
30706
11435 1
54402
3472 1
21356
3748 1
22853
10866 1
52680
60 1
416
11894 1
55690
5805 1
33129
8457 1
44387
10210 1
50552
14989 1
63199
10585 1
51786
4808 1
28302
13669 1
60252
14417 1
61930
10184 1
50470
12185 1
56492
2833 1
17777
14090 1
61215
7893 1
42156
1903 1
12296
10223 1
50590
5847 1
33337
5133 1
29921
9798 1
49187
13454 1
59724
1585 1
10360
13181 1
59039
9899 1
49510
572 1
3838
11696 1
55140
13 1
84
4777 1
28143
6994 1
38481
11111 1
53425
332 1
2253
13862 1
60685
13708 1
60349
14939 1
63085
12158 1
56416
11786 1
55403
6164 1
34792
1198 1
7932
8535 1
44686
4143 1
24924
12894 1
58311
3500 1
21509
6472 1
36139
11932 1
55803
2509 1
15925
2576 1
16314
8785 1
45633
7283 1
39680
12136 1
56354
13143 1
58940
2379 1
15141
5626 1
32285
5489 1
31635
10111 1
50215
5558 1
31969
13543 1
59938
3561 1
21830
7126 1
39052
3643 1
22273
3336 1
20602
5879 1
33480
4759 1
28061
5066 1
29578
1326 1
8751
12940 1
58428
10053 1
50024
11196 1
53689
10420 1
51249
9910 1
49549
8127 1
43085
4369 1
26085
9916 1
49572
13209 1
59099
2818 1
17698
7579 1
40891
675 1
4517
12268 1
56717
4032 1
24346
13921 1
60819
14704 1
62587
7429 1
40268
6627 1
36822
2374 1
15118
6313 1
35436
960 1
6395
5196 1
30225
11736 1
55250
2729 1
17196
9341 1
47630
9846 1
49338
7489 1
40520
13551 1
59960
13688 1
60298
1978 1
12760
3856 1
23419
1911 1
12345
7725 1
41470
12777 1
58024
10134 1
50292
3977 1
24053
9182 1
47065
13475 1
59781
4708 1
27826
13789 1
60518
2447 1
15553
10756 1
52325
9784 1
49135
3054 1
19035
4016 1
24257
2951 1
18450
13147 1
58953
4619 1
27361
3121 1
19405
2756 1
17347
2390 1
15212
2210 1
14125
7395 1
40139
9546 1
48332
3088 1
19225
2747 1
17296
11358 1
54176
4967 1
29076
14081 1
61193
6408 1
35851
8143 1
43159
445 1
2998
8852 1
45864
4445 1
26495
12131 1
56339
12444 1
57191
2569 1
16269
12602 1
57589
14425 1
61951
3453 1
21244
12576 1
57531
11816 1
55486
10233 1
50618
12206 1
56556
7106 1
38966
8961 1
46272
14661 1
62498
5726 1
32770
11806 1
55454
1945 1
12552
6420 1
35909
14075 1
61185
9154 1
46969
12264 1
56707
397 1
2677
1097 1
7277
1829 1
11839
6698 1
37146
8860 1
45895
2397 1
15248
8687 1
45250
8071 1
42863
296 1
2011
14338 1
61748
8036 1
42738
14351 1
61773
3633 1
22216
7515 1
40635
2025 1
13032
5783 1
33023
10283 1
50780
8376 1
44091
1802 1
11686
5676 1
32532
13891 1
60752
5683 1
32566
1796 1
11648
4971 1
29100
11961 1
55879
12244 1
56653
3260 1
20181
7056 1
38756
2771 1
17431
7071 1
38815
1280 1
8453
6158 1
34765
6133 1
34657
1075 1
7135
1917 1
12382
5139 1
29948
9286 1
47439
3129 1
19452
1994 1
12854
5618 1
32242
14188 1
61420
12090 1
56234
216 1
1472
3867 1
23478
76 1
523
6414 1
35882
9195 1
47108
14432 1
61967
8532 1
44679
7866 1
42056
12619 1
57631
7862 1
42035
5418 1
31299
12181 1
56479
2344 1
14933
4860 1
28552
1821 1
11787
3160 1
19630
6625 1
36813
10013 1
49897
11162 1
53585
1167 1
7722
4916 1
28832
6908 1
38094
2531 1
16060
8948 1
46231
12892 1
58308
6190 1
34894
6275 1
35260
11588 1
54835
168 1
1148
12235 1
56629
10278 1
50768
11074 1
53322
5995 1
34021
7318 1
39831
12539 1
57440
7155 1
39157
5209 1
30283
13683 1
60283
408 1
2755
8104 1
42999
13298 1
59327
847 1
5641
510 1
3433
12183 1
56484
8924 1
46143
564 1
3786
10682 1
52101
610 1
4093
10238 1
50640
8976 1
46336
7994 1
42552
9123 1
46853
13145 1
58947
11798 1
55435
1725 1
11213
11883 1
55654
10381 1
51099
9305 1
47502
871 1
5799
3880 1
23548
12323 1
56859
6544 1
36470
1718 1
11175
4893 1
28715
3630 1
22209
4180 1
25111
8006 1
42600
4413 1
26323
9488 1
48132
3208 1
19899
802 1
5351
9222 1
47210
4497 1
26757
4763 1
28079
9385 1
47775
656 1
4398
1152 1
7636
7091 1
38901
9800 1
49196
11174 1
53622
6783 1
37527
231 1
1566
5434 1
31385
10835 1
52566
1181 1
7817
2650 1
16731
10489 1
51480
14319 1
61705
1274 1
8415
1624 1
10593
6096 1
34487
12986 1
58544
11634 1
54965
5720 1
32742
3627 1
22186
10953 1
52940
10747 1
52298
8322 1
43858
14521 1
62167
14641 1
62452
1365 1
8986
12318 1
56850
10699 1
52150
8244 1
43564
13409 1
59612
5969 1
33911
6837 1
37772
5555 1
31951
5268 1
30575
12048 1
56123
3991 1
24120
4131 1
24866
258 1
1754
6059 1
34309
544 1
3657
4510 1
26821
14946 1
63104
467 1
3145
8235 1
43517
13150 1
58966
13224 1
59145
9063 1
46640
10822 1
52523
6123 1
34606
1561 1
10216
11792 1
55416
5060 1
29546
12427 1
57145
10096 1
50171
3264 1
20204
5575 1
32041
4745 1
27995
538 1
3615
11078 1
53331
1338 1
8826
4885 1
28672
5585 1
32087
11572 1
54797
512 1
3445
11784 1
55394
5873 1
33450
7372 1
40050
6345 1
35566
3673 1
22432
905 1
6027
4055 1
24454
3092 1
19250
113 1
766
11159 1
53571
3915 1
23729
3434 1
21144
7711 1
41424
4822 1
28369
2545 1
16139
3300 1
20406
14359 1
61792
2516 1
15975
218 1
1485
1646 1
10731
13547 1
59951
8382 1
44115
12913 1
58364
4045 1
24399
13385 1
59550
4567 1
27094
2968 1
18552
3000 1
18734
10021 1
49923
417 1
2807
13044 1
58696
3767 1
22954
4476 1
26660
31 1
208
7363 1
40013
2326 1
14828
2200 1
14067
999 1
6645
5838 1
33298
8691 1
45270
9920 1
49587
3744 1
22831
3477 1
21376
8391 1
44139
4827 1
28390
13513 1
59873
4974 1
29117
12786 1
58050
5764 1
32937
3778 1
23017
12519 1
57400
3381 1
20844
8640 1
45076
5897 1
33572
7510 1
40618
9314 1
47541
8761 1
45540
9603 1
48525
13439 1
59684
1622 1
10581
14505 1
62132
170 1
1161
9211 1
47166
7100 1
38942
5206 1
30272
1163 1
7696
1990 1
12830
2723 1
17162
10891 1
52747
3123 1
19416
5063 1
29557
6504 1
36289
6757 1
37408
6732 1
37299
11453 1
54448
8835 1
45803
2462 1
15651
4158 1
25010
12703 1
57841
6284 1
35312
13835 1
60622
8881 1
45969
12177 1
56463
4573 1
27124
10645 1
51986
13026 1
58642
10328 1
50934
11343 1
54127
9650 1
48692
2145 1
13733
10597 1
51830
10582 1
51780
10014 1
49905
5201 1
30245
3137 1
19497
9209 1
47160
4768 1
28108
7508 1
40611
9733 1
48975
4716 1
27862
7565 1
40842
11182 1
53644
5730 1
32785
11300 1
53999
5248 1
30475
14483 1
62085
6689 1
37101
13003 1
58583
2587 1
16372
12801 1
58085
10599 1
51838
6805 1
37628
7304 1
39770
5279 1
30632
4254 1
25498
5955 1
33849
12350 1
56934
12344 1
56918
10617 1
51901
13137 1
58927
8808 1
45714
8017 1
42644
7286 1
39695
14333 1
61736
14706 1
62592
2241 1
14308
2887 1
18080
9039 1
46556
3957 1
23948
7495 1
40548
10576 1
51758
11317 1
54044
702 1
4705
11397 1
54294
13544 1
59942
10362 1
51042
13347 1
59452
2208 1
14113
148 1
1012
3480 1
21399
11981 1
55926
2730 1
17204
14792 1
62771
6851 1
37832
6091 1
34458
1981 1
12772
14236 1
61514
7443 1
40331
10454 1
51359
9715 1
48906
11267 1
53905
14247 1
61538
14948 1
63110
7160 1
39184
9427 1
47923
6121 1
34599
6620 1
36797
12274 1
56734
5088 1
29693
13170 1
59020
2142 1
13722
5235 1
30405
4063 1
24506
14171 1
61377
1073 1
7122
9006 1
46447
7650 1
41171
1126 1
7472
2451 1
15578
7389 1
40116
14655 1
62485
9013 1
46469
4401 1
26259
7534 1
40710
2252 1
14381
13281 1
59285
7468 1
40435
2933 1
18345
9814 1
49237
3064 1
19092
3302 1
20417
4951 1
29004
8791 1
45653
152 1
1040
9202 1
47140
9253 1
47317
2139 1
13697
339 1
2289
7169 1
39220
7829 1
41882
14809 1
62804
7974 1
42474
8899 1
46040
10621 1
51910
2437 1
15491
212 1
1445
11217 1
53749
600 1
4027
10604 1
51858
8168 1
43257
13069 1
58758
1138 1
7547
6269 1
35238
9623 1
48591
10788 1
52422
2570 1
16279
11928 1
55791
433 1
2915
5884 1
33515
12148 1
56390
7877 1
42092
7940 1
42339
3199 1
19846
5101 1
29751
9983 1
49799
11326 1
54075
9939 1
49656
569 1
3812
2884 1
18068
2649 1
16721
6958 1
38318
7689 1
41326
11144 1
53533
3495 1
21477
8300 1
43774
2916 1
18246
7779 1
41694
5579 1
32058
10662 1
52042
14542 1
62224
3015 1
18806
7146 1
39130
11897 1
55695
4243 1
25434
11076 1
53327
10178 1
50454
5699 1
32642
3461 1
21283
1259 1
8310
5261 1
30537
13458 1
59736
4417 1
26346
7198 1
39342
7385 1
40098
10039 1
49976
9878 1
49454
2179 1
13933
14453 1
62012
13177 1
59034
3920 1
23760
8002 1
42581
2854 1
17902
4271 1
25577
14392 1
61874
4730 1
27928
1753 1
11379
13685 1
60288
14048 1
61124
5056 1
29526
8265 1
43633
11611 1
54893
659 1
4412
282 1
1917
3825 1
23259
5748 1
32867
7763 1
41632
5402 1
31230
6051 1
34279
14010 1
61021
5639 1
32343
6253 1
35168
3117 1
19384
14439 1
61977
7558 1
40815
12896 1
58322
3127 1
19440
8581 1
44856
3031 1
18902
11080 1
53336
14321 1
61708
12101 1
56262
9274 1
47395
10236 1
50630
2123 1
13613
5379 1
31111
7436 1
40306
1505 1
9870
1881 1
12158
244 1
1660
9967 1
49747
7479 1
40481
6296 1
35357
13591 1
60054
12938 1
58426
10154 1
50363
624 1
4187
12850 1
58204
331 1
2241
1412 1
9295
9460 1
48039
9382 1
47770
3139 1
19509
3176 1
19719
10525 1
51584
13741 1
60420
7434 1
40295
1763 1
11443
3141 1
19520
13874 1
60717
8279 1
43678
6617 1
36783
4746 1
28005
7077 1
38843
485 1
3265
14084 1
61203
9119 1
46839
7249 1
39533
4393 1
26216
1896 1
12258
14550 1
62242
3987 1
24100
1536 1
10070
9775 1
49105
447 1
3010
4657 1
27565
3854 1
23411
5589 1
32107
2268 1
14480
196 1
1337
3483 1
21410
100 1
684
2221 1
14188
4132 1
24875
4299 1
25717
6665 1
36995
6965 1
38346
3911 1
23708
12863 1
58227
7576 1
40886
6716 1
37230
13382 1
59545
12504 1
57363
10450 1
51348
1429 1
9396
1432 1
9419
8553 1
44748
14305 1
61674
10060 1
50056
12858 1
58221
640 1
4292
97 1
657
8999 1
46418
2975 1
18589
4475 1
26649
1459 1
9581
5657 1
32438
2796 1
17576
11449 1
54440
8365 1
44040
6884 1
37992
11804 1
55451
12118 1
56306
3594 1
22008
5174 1
30120
10546 1
51660
7051 1
38728
2071 1
13306
14635 1
62438
10945 1
52920
4052 1
24442
10780 1
52406
14965 1
63145
9300 1
47487
1633 1
10643
5490 1
31642
10497 1
51502
13357 1
59478
6446 1
36024
9175 1
47035
2828 1
17753
9867 1
49410
6149 1
34729
9665 1
48731
9897 1
49503
13595 1
60067
11536 1
54699
8405 1
44190
9117 1
46832
6433 1
35960
10010 1
49889
3835 1
23309
7999 1
42567
3332 1
20580
2449 1
15565
5142 1
29966
8562 1
44786
4224 1
25341
9298 1
47481
3953 1
23927
9627 1
48607
12898 1
58327
10978 1
53021
7605 1
41002
273 1
1848
5681 1
32554
14484 1
62088
5628 1
32297
614 1
4118
12191 1
56510
12874 1
58258
10946 1
52925
10887 1
52735
6360 1
35636
2312 1
14741
13278 1
59281
12562 1
57505
5675 1
32523
8204 1
43400
8469 1
44435
9220 1
47205
6663 1
36985
2901 1
18160
6691 1
37110
8529 1
44663
626 1
4201
4429 1
26410
8827 1
45776
4625 1
27392
8350 1
43986
3702 1
22605
14340 1
61754
6231 1
35069
11093 1
53369
14373 1
61829
11690 1
55125
1890 1
12221
6494 1
36236
5039 1
29432
13366 1
59501
6575 1
36602
12621 1
57635
8139 1
43139
6298 1
35365
5605 1
32182
4145 1
24937
10659 1
52034
2153 1
13781
9031 1
46531
2822 1
17722
1188 1
7868
2944 1
18415
14815 1
62819
14347 1
61764
438 1
2956
14005 1
61010
9550 1
48349
13660 1
60234
738 1
4942
9430 1
47940
14811 1
62809
9226 1
47226
13393 1
59571
7628 1
41090
10345 1
50983
1631 1
10630
1100 1
7303
5218 1
30330
12086 1
56225
13398 1
59589
9065 1
46651
2057 1
13219
11694 1
55135
7870 1
42071
13579 1
60028
2677 1
16882
9840 1
49318
10151 1
50351
2684 1
16931
13831 1
60613
4419 1
26354
10136 1
50299
6953 1
38290
8701 1
45310
2604 1
16477
13770 1
60472
7598 1
40975
2512 1
15953
7672 1
41263
1442 1
9479
7481 1
40486
7399 1
40153
14963 1
63142
7034 1
38656
12450 1
57208
14855 1
62911
4920 1
28854
4782 1
28168
5904 1
33610
7219 1
39414
9152 1
46961
4072 1
24561
11852 1
55579
2870 1
17985
10300 1
50838
2011 1
12948
7532 1
40702
9236 1
47261
14976 1
63175
7220 1
39420
12753 1
57964
5648 1
32396
2151 1
13769
14309 1
61681
14740 1
62666
10869 1
52682
8672 1
45196
4149 1
24956
1656 1
10794
7783 1
41705
8896 1
46030
9770 1
49092
5024 1
29365
8548 1
44735
3607 1
22077
9861 1
49389
10711 1
52190
14152 1
61341
13614 1
60118
7573 1
40868
11176 1
53625
12813 1
58114
8160 1
43229
8696 1
45292
1604 1
10480
13721 1
60377
13735 1
60404
10404 1
51186
6682 1
37071
10827 1
52540
11493 1
54569
12565 1
57509
5572 1
32033
8209 1
43410
11013 1
53123
1088 1
7228
2405 1
15297
11460 1
54471
10183 1
50466
12010 1
56014
8550 1
44741
14523 1
62172
8212 1
43427
6855 1
37853
14472 1
62064
400 1
2703
5759 1
32915
4380 1
26151
6482 1
36178
7108 1
38976
14335 1
61740
7002 1
38510
1185 1
7842
1667 1
10853
1568 1
10264
10440 1
51314
7525 1
40668
885 1
5894
5815 1
33172
12885 1
58289
10753 1
52311
8223 1
43470
1588 1
10383
11861 1
55598
106 1
725
11233 1
53805
9719 1
48925
11887 1
55664
9310 1
47526
9965 1
49742
2548 1
16161
8258 1
43609
5928 1
33722
14404 1
61900
2694 1
16993
12063 1
56162
8431 1
44286
9750 1
49033
670 1
4492
1462 1
9604
14574 1
62301
7374 1
40056
9035 1
46545
10389 1
51127
13269 1
59256
4648 1
27524
11843 1
55551
6400 1
35813
20 1
138
11019 1
53142
12651 1
57707
12239 1
56639
8354 1
44004
10917 1
52832
5715 1
32714
10384 1
51112
5989 1
34000
12982 1
58534
2572 1
16291
11666 1
55059
4484 1
26701
13638 1
60179
14375 1
61833
11389 1
54272
2243 1
14322
8812 1
45727
14140 1
61319
7570 1
40863
4459 1
26570
7497 1
40558
10390 1
51134
782 1
5223
13622 1
60141
5959 1
33864
710 1
4760
5729 1
32776
14023 1
61057
14207 1
61458
6315 1
35443
12120 1
56311
13163 1
58995
13331 1
59412
6466 1
36108
2019 1
12997
8320 1
43850
6623 1
36804
8103 1
42993
8054 1
42808
6471 1
36127
9254 1
47326
12511 1
57377
9138 1
46913
8794 1
45671
3720 1
22698
344 1
2329
8806 1
45707
14838 1
62879
6248 1
35149
11529 1
54679
12132 1
56343
6103 1
34512
889 1
5921
14751 1
62685
14314 1
61696
4655 1
27556
13605 1
60093
9107 1
46794
127 1
862
6221 1
35023
6913 1
38111
7640 1
41134
11955 1
55861
3942 1
23880
9805 1
49205
2518 1
15987
14224 1
61491
4599 1
27261
9343 1
47637
10057 1
50041
13389 1
59560
1044 1
6939
10571 1
51738
8064 1
42841
834 1
5560
4998 1
29238
12052 1
56136
7745 1
41553
12711 1
57864
13373 1
59521
6104 1
34524
6898 1
38049
8270 1
43652
1591 1
10395
1328 1
8764
12480 1
57290
2458 1
15626
6847 1
37815
13493 1
59824
9963 1
49737
4714 1
27855
1844 1
11937
12225 1
56610
7194 1
39325
11907 1
55722
264 1
1796
3694 1
22559
8521 1
44633
7430 1
40277
1149 1
7610
1937 1
12503
7215 1
39396
13757 1
60447
7366 1
40030
9881 1
49458
4300 1
25727
13153 1
58971
322 1
2186
12034 1
56082
10517 1
51564
6723 1
37259
7997 1
42560
12283 1
56753
3298 1
20396
4137 1
24892
997 1
6633
2775 1
17453
11489 1
54557
10714 1
52206
13843 1
60643
5106 1
29781
5115 1
29823
12629 1
57657
9555 1
48363
454 1
3063
6905 1
38073
9290 1
47452
12005 1
55992
1808 1
11721
12680 1
57784
1869 1
12086
11549 1
54733
1634 1
10654
14127 1
61289
14232 1
61506
8267 1
43637
14114 1
61259
7517 1
40640
4928 1
28888
8499 1
44535
1397 1
9190
5485 1
31616
9016 1
46483
3242 1
20085
5583 1
32077
12457 1
57221
10365 1
51045
6465 1
36097
12478 1
57284
8305 1
43787
5090 1
29703
1009 1
6710
5447 1
31439
2718 1
17139
4018 1
24269
712 1
4773
8330 1
43894
13541 1
59934
5664 1
32472
6145 1
34715
11455 1
54453
1229 1
8119
6272 1
35251
3164 1
19652
8720 1
45380
190 1
1296
6666 1
37003
8736 1
45449
11913 1
55740
7200 1
39348
7760 1
41621
5931 1
33733
8541 1
44707
42 1
292
673 1
4505
11245 1
53840
134 1
916
6242 1
35122
7750 1
41581
8636 1
45064
1629 1
10617
3263 1
20193
2596 1
16429
2733 1
17217
1098 1
7290
12840 1
58184
11669 1
55065
8594 1
44906
8746 1
45490
2912 1
18224
11298 1
53994
3802 1
23149
6923 1
38157
7017 1
38576
4502 1
26784
5191 1
30192
10290 1
50804
14476 1
62074
14691 1
62560
14638 1
62448
5134 1
29930
2809 1
17641
5144 1
29975
6557 1
36520
13262 1
59239
10640 1
51975
3705 1
22615
7860 1
42026
2314 1
14752
11368 1
54211
10149 1
50345
8525 1
44648
2941 1
18391
637 1
4266
563 1
3774
11544 1
54720
1554 1
10181
1378 1
9075
6948 1
38272
11534 1
54691
14145 1
61328
11641 1
54982
7626 1
41082
414 1
2793
8944 1
46220
13624 1
60146
1645 1
10717
7961 1
42421
11131 1
53490
2222 1
14199
476 1
3212
4638 1
27472
7265 1
39601
1721 1
11187
6441 1
35999
9289 1
47446
59 1
402
8334 1
43915
3620 1
22157
11146 1
53539
5586 1
32097
10729 1
52249
1686 1
10977
5880 1
33492
12662 1
57739
5875 1
33461
1250 1
8257
161 1
1093
11039 1
53202
2078 1
13356
8739 1
45459
4766 1
28101
9981 1
49794
5877 1
33470
6742 1
37338
9587 1
48469
12595 1
57573
8927 1
46152
12164 1
56435
16 1
111
9673 1
48757
7438 1
40315
11121 1
53461
23 1
152
8172 1
43273
1650 1
10758
1415 1
9309
1013 1
6737
12512 1
57383
5956 1
33857
295 1
1998
11333 1
54095
13686 1
60293
7714 1
41432
5621 1
32252
6866 1
37907
14614 1
62392
12410 1
57100
13878 1
60726
14937 1
63082
5736 1
32810
6371 1
35682
4358 1
26028
10700 1
52156
1377 1
9062
3004 1
18756
8081 1
42901
429 1
2888
10173 1
50434
1057 1
7020
12092 1
56239
604 1
4053
5517 1
31759
1807 1
11710
5961 1
33875
12355 1
56948
2004 1
12914
11191 1
53668
576 1
3865
11415 1
54343
9360 1
47698
11462 1
54477
7929 1
42299
8984 1
46363
2906 1
18190
8163 1
43236
4096 1
24687
12332 1
56893
7414 1
40208
14278 1
61612
6054 1
34294
1215 1
8034
5296 1
30717
13635 1
60171
2763 1
17380
2281 1
14550
5858 1
33385
11473 1
54509
10356 1
51022
11258 1
53886
1367 1
9000
5159 1
30047
8281 1
43686
7830 1
41891
5097 1
29733
3546 1
21754
7569 1
40854
6066 1
34351
8115 1
43039
10126 1
50262
5577 1
32052
4107 1
24739
616 1
4132
12611 1
57611
12380 1
57018
7901 1
42186
14754 1
62694
8273 1
43659
2147 1
13746
2920 1
18272
747 1
4995
12114 1
56293
11644 1
54994
12294 1
56788
7593 1
40948
12249 1
56665
9954 1
49705
1091 1
7240
8615 1
44976
11512 1
54635
12991 1
58555
238 1
1620
4628 1
27409
4755 1
28042
5305 1
30751
5690 1
32606
1906 1
12322
13962 1
60911
6991 1
38465
10933 1
52885
14251 1
61549
5173 1
30112
9268 1
47372
8875 1
45946
89 1
604
8767 1
45562
13432 1
59669
7942 1
42350
11830 1
55519
1600 1
10457
2007 1
12925
1678 1
10930
12171 1
56445
7306 1
39779
4340 1
25928
10231 1
50613
5258 1
30526
11001 1
53084
10310 1
50875
11237 1
53816
2737 1
17238
10901 1
52782
5836 1
33288
2115 1
13564
6734 1
37308
9368 1
47728
13363 1
59490
1889 1
12209
2453 1
15590
3231 1
20022
4258 1
25519
14842 1
62883
799 1
5324
7427 1
40261
12199 1
56530
8959 1
46265
12128 1
56334
1305 1
8607
6476 1
36155
11186 1
53657
1671 1
10881
12503 1
57361
10124 1
50256
12691 1
57815
137 1
930
10782 1
52410
9887 1
49474
9393 1
47802
11404 1
54319
300 1
2038
9852 1
49359
3701 1
22594
3071 1
19132
776 1
5182
12727 1
57899
9207 1
47151
1696 1
11042
13034 1
58666
1597 1
10431
7841 1
41938
609 1
4079
12527 1
57413
8992 1
46396
1472 1
9665
14769 1
62724
14421 1
61943
12927 1
58396
5214 1
30309
11584 1
54827
2977 1
18599
5950 1
33829
7068 1
38807
4799 1
28251
8369 1
44052
3382 1
20856
13739 1
60414
13894 1
60760
9282 1
47426
12346 1
56925
4171 1
25064
7754 1
41595
8688 1
45261
9570 1
48417
12525 1
57410
4659 1
27574
5809 1
33149
9657 1
48709
305 1
2064
14651 1
62478
6020 1
34147
13574 1
60020
3840 1
23334
3644 1
22284
8956 1
46258
13910 1
60801
9905 1
49528
6644 1
36906
3838 1
23325
7872 1
42079
1320 1
8712
13839 1
60635
5996 1
34032
1203 1
7956
11593 1
54849
9378 1
47756
13873 1
60711
13139 1
58935
8658 1
45141
87 1
590
5298 1
30727
8372 1
44067
7758 1
41614
10962 1
52971
10016 1
49910
10776 1
52391
63 1
429
8238 1
43533
10120 1
50244
11889 1
55670
9754 1
49047
10965 1
52975
3902 1
23669
3842 1
23347
7393 1
40130
14812 1
62813
11426 1
54382
11874 1
55632
12968 1
58499
9008 1
46454
916 1
6108
11235 1
53810
2507 1
15913
6763 1
37435
1925 1
12427
10811 1
52491
753 1
5032
6147 1
34722
14995 1
63210
945 1
6289
10665 1
52046
3755 1
22887
7602 1
40996
14547 1
62236
7962 1
42428
9634 1
48635
2798 1
17586
14588 1
62330
7331 1
39880
13130 1
58912
13154 1
58974
9810 1
49223
9922 1
49592
11290 1
53973
13203 1
59084
11060 1
53270
5606 1
32192
13674 1
60261
4824 1
28380
14528 1
62188
1745 1
11329
10308 1
50869
1636 1
10666
13321 1
59384
11277 1
53931
1085 1
7202
4197 1
25199
5392 1
31182
10219 1
50578
420 1
2834
12232 1
56626
8420 1
44252
2795 1
17566
10993 1
53062
3515 1
21579
11684 1
55110
5163 1
30067
9219 1
47196
39 1
264
5515 1
31751
12365 1
56973
8030 1
42711
1022 1
6798
4532 1
26932
14020 1
61053
2085 1
13392
10613 1
51884
8282 1
43694
10763 1
52344
9096 1
46763
14665 1
62508
897 1
5973
7382 1
40086
11374 1
54226
13289 1
59303
1815 1
11756
6484 1
36188
12745 1
57941
5745 1
32848
10744 1
52294
4926 1
28877
1053 1
6993
3112 1
19360
876 1
5839
12157 1
56409
7709 1
41417
14684 1
62550
14596 1
62343
10897 1
52766
11847 1
55562
12686 1
57803
14336 1
61745
5470 1
31554
1246 1
8231
12361 1
56962
3988 1
24110
8012 1
42628
1078 1
7163
5440 1
31412
6383 1
35738
5598 1
32150
8100 1
42985
8574 1
44835
5164 1
30075
1892 1
12233
3406 1
20984
12104 1
56271
289 1
1958
2136 1
13684
3150 1
19576
118 1
806
13049 1
58704
3797 1
23115
3944 1
23889
2958 1
18497
11436 1
54409
4079 1
24590
303 1
2051
14012 1
61028
4200 1
25223
13986 1
60969
10342 1
50975
1425 1
9369
8157 1
43213
5869 1
33431
2807 1
17630
8393 1
44150
10910 1
52813
10628 1
51931
10885 1
52728
5919 1
33673
580 1
3891
8113 1
43031
7561 1
40826
8923 1
46137
4088 1
24646
7523 1
40662
9487 1
48127
10778 1
52398
13286 1
59299
6530 1
36408
1086 1
7215
10642 1
51981
2978 1
18611
5112 1
29813
6245 1
35131
11211 1
53732
234 1
1593
13562 1
59989
1748 1
11353
4934 1
28918
10194 1
50505
82 1
563
11905 1
55716
10370 1
51065
11533 1
54685
12865 1
58232
3981 1
24073
4487 1
26711
12236 1
56636
11987 1
55945
1706 1
11105
11893 1
55686
6331 1
35509
2483 1
15774
12341 1
56909
5917 1
33665
8504 1
44566
12169 1
56444
14291 1
61641
2359 1
15023
4690 1
27742
9695 1
48839
523 1
3510
1627 1
10603
5906 1
33619
2659 1
16779
13462 1
59745
12487 1
57309
3979 1
24065
10242 1
50650
5539 1
31874
7786 1
41720
13248 1
59206
13185 1
59048
1252 1
8269
1498 1
9834
8661 1
45147
9833 1
49294
13991 1
60978
11484 1
54544
11138 1
53513
14823 1
62839
9596 1
48508
12825 1
58142
602 1
4041
10437 1
51301
7196 1
39332
4111 1
24761
11347 1
54139
13058 1
58734
9971 1
49764
7104 1
38960
7988 1
42526
5540 1
31886
7397 1
40146
7728 1
41487
9320 1
47561
11292 1
53977
4978 1
29137
7191 1
39308
11024 1
53159
13070 1
58762
5659 1
32446
13773 1
60477
2053 1
13196
629 1
4214
14431 1
61962
3184 1
19764
4029 1
24325
9420 1
47902
14864 1
62934
5811 1
33157
5893 1
33556
4154 1
24988
11441 1
54419
2727 1
17185
7007 1
38530
7671 1
41253
11238 1
53821
13691 1
60302
11749 1
55286
3282 1
20311
11192 1
53676
7668 1
41246
4442 1
26486
11772 1
55356
8342 1
43953
524 1
3522
380 1
2571
7458 1
40396
226 1
1539
9552 1
48358
6632 1
36847
10157 1
50372
11650 1
55013
6578 1
36618
2947 1
18427
3583 1
21941
1567 1
10251
5921 1
33685
1870 1
12098
9387 1
47780
8989 1
46379
10863 1
52667
14777 1
62737
14908 1
63026
6534 1
36425
6212 1
34992
13714 1
60361
6087 1
34439
14926 1
63066
6971 1
38373
12124 1
56323
13018 1
58621
6968 1
38361
14633 1
62434
9863 1
49398
13327 1
59399
8260 1
43618
10562 1
51714
8979 1
46344
9868 1
49415
1054 1
7006
14558 1
62260
9010 1
46460
7676 1
41279
7601 1
40985
12597 1
57576
12287 1
56765
8262 1
43626
11101 1
53390
6858 1
37868
13912 1
60802
5407 1
31251
2343 1
14921
10128 1
50272
6167 1
34800
14380 1
61846
4424 1
26388
5412 1
31273
2891 1
18101
14264 1
61581
14829 1
62852
3968 1
24009
398 1
2690
14139 1
61315
7188 1
39302
14072 1
61182
1717 1
11167
5926 1
33714
14538 1
62214
10928 1
52871
1323 1
8724
7499 1
40566
9782 1
49129
13940 1
60858
7087 1
38885
9636 1
48643
6038 1
34227
3431 1
21123
2352 1
14984
257 1
1740
3712 1
22651
12791 1
58061
10851 1
52622
8731 1
45427
11679 1
55091
2500 1
15877
7821 1
41856
6241 1
35113
10809 1
52479
395 1
2664
4057 1
24467
11027 1
53170
9787 1
49142
3625 1
22176
13516 1
59883
5425 1
31329
342 1
2316
11160 1
53579
9294 1
47467
9440 1
47976
4177 1
25088
11780 1
55380
1606 1
10490
10534 1
51619
2486 1
15794
3361 1
20732
7666 1
41240
8429 1
44284
727 1
4863
13583 1
60035
3641 1
22259
708 1
4746
968 1
6448
514 1
3458
14352 1
61777
402 1
2716
8994 1
46403
6606 1
36742
8107 1
43008
10319 1
50903
7138 1
39094
1265 1
8349
9026 1
46518
1476 1
9691
9136 1
46906
8338 1
43934
324 1
2200
6227 1
35052
4903 1
28761
13368 1
59509
2745 1
17285
10266 1
50723
6596 1
36696
2992 1
18688
12315 1
56839
9212 1
47173
11438 1
54416
1485 1
9744
6265 1
35220
3366 1
20768
4184 1
25133
1942 1
12540
6204 1
34961
14469 1
62055
12460 1
57234
5353 1
30985
9156 1
46974
5071 1
29601
5007 1
29282
7235 1
39480
4682 1
27703
9807 1
49210
11005 1
53097
13957 1
60899
6740 1
37332
14605 1
62364
4061 1
24492
781 1
5209
13292 1
59313
1863 1
12048
11559 1
54757
13823 1
60592
12949 1
58444
4773 1
28126
4742 1
27982
11151 1
53548
9781 1
49124
4266 1
25556
5495 1
31658
6436 1
35979
2046 1
13161
7814 1
41833
1698 1
11054
9639 1
48649
1853 1
11989
9296 1
47475
10320 1
50911
1908 1
12333
108 1
738
13792 1
60529
13649 1
60205
9081 1
46707
1406 1
9253
3775 1
22996
11064 1
53288
142 1
972
10464 1
51390
6893 1
38024
4065 1
24516
177 1
1202
4512 1
26830
13724 1
60386
3887 1
23578
12023 1
56046
12097 1
56250
1347 1
8878
5851 1
33356
4752 1
28034
9776 1
49110
351 1
2369
393 1
2651
248 1
1686
1865 1
12061
6714 1
37219
517 1
3470
3295 1
20376
8788 1
45644
14293 1
61646
4337 1
25906
10444 1
51330
11370 1
54215
3497 1
21487
1746 1
11339
7540 1
40737
13401 1
59595
2766 1
17405
951 1
6328
687 1
4596
9514 1
48220
11021 1
53149
200 1
1363
10235 1
50624
13090 1
58817
1303 1
8594
1918 1
12390
12470 1
57265
991 1
6594
12520 1
57404
3304 1
20428
8188 1
43339
4324 1
25845
2354 1
14997
2693 1
16980
4588 1
27212
6499 1
36256
3971 1
24021
5221 1
30342
13613 1
60113
11003 1
53092
2844 1
17844
321 1
2172
6725 1
37269
1788 1
11599
964 1
6422
1965 1
12675
1470 1
9654
5732 1
32793
8067 1
42851
10449 1
51341
10976 1
53015
606 1
4065
10555 1
51685
12667 1
57750
5286 1
30669
12548 1
57468
13486 1
59812
14737 1
62656
11920 1
55767
3646 1
22293
6738 1
37323
10858 1
52654
3608 1
22088
13557 1
59976
13958 1
60903
3403 1
20963
5408 1
31255
7608 1
41017
6380 1
35728
765 1
5104
1157 1
7658
8411 1
44214
13849 1
60658
14756 1
62696
14841 1
62880
5593 1
32124
11523 1
54662
12830 1
58158
3443 1
21188
10008 1
49884
458 1
3090
14627 1
62419
4087 1
24637
503 1
3382
1335 1
8801
4651 1
27536
14525 1
62176
6956 1
38307
5492 1
31648
10785 1
52412
12946 1
58437
8249 1
43578
5130 1
29912
557 1
3736
9121 1
46848
12463 1
57241
10059 1
50050
10347 1
50991
11855 1
55586
12772 1
58015
5323 1
30843
12135 1
56349
2983 1
18628
11331 1
54089
5652 1
32417
12854 1
58210
3877 1
23530
6769 1
37462
6207 1
34967
11826 1
55510
2117 1
13575
13503 1
59849
14245 1
61533
7774 1
41677
13197 1
59071
12641 1
57684
10303 1
50846
10132 1
50287
4123 1
24826
2633 1
16636
12417 1
57112
8676 1
45211
7946 1
42364
13072 1
58766
13671 1
60255
1823 1
11800
9318 1
47554
3190 1
19800
13697 1
60315
11962 1
55885
4348 1
25970
10924 1
52857
12569 1
57518
1548 1
10143
12924 1
58389
4329 1
25866
14487 1
62091
1935 1
12491
741 1
4956
6247 1
35140
6403 1
35822
6277 1
35268
2560 1
16225
1041 1
6917
724 1
4851
506 1
3406
5351 1
30975
697 1
4665
10443 1
51324
1519 1
9956
10166 1
50412
14582 1
62320
3167 1
19665
4118 1
24803
8218 1
43453
7794 1
41746
1142 1
7574
8324 1
43866
3776 1
23006
4188 1
25155
10159 1
50383
3678 1
22466
5770 1
32966
1117 1
7410
881 1
5866
1191 1
7880
13324 1
59395
8318 1
43842
6656 1
36962
14649 1
62472
3851 1
23391
1226 1
8105
4382 1
26159
2370 1
15096
11977 1
55918
701 1
4692
1530 1
10032
3258 1
20170
7825 1
41870
11297 1
53986
1063 1
7058
33 1
222
11596 1
54861
14890 1
62990
14554 1
62250
4544 1
26986
6487 1
36198
6135 1
34669
3511 1
21559
11450 1
54443
6513 1
36320
13103 1
58848
7832 1
41898
13135 1
58921
8769 1
45572
6590 1
36674
129 1
875
5002 1
29259
5129 1
29900
11265 1
53902
46 1
319
10816 1
52507
732 1
4901
13561 1
59987
3404 1
20975
3308 1
20450
1058 1
7032
10797 1
52447
4109 1
24750
12542 1
57452
2863 1
17943
10627 1
51925
980 1
6529
3355 1
20696
8085 1
42917
14479 1
62080
10104 1
50197
10956 1
52952
4831 1
28411
9702 1
48865
14692 1
62564
9557 1
48369
4205 1
25240
1827 1
11826
14051 1
61128
9141 1
46919
12689 1
57808
5890 1
33545
3119 1
19396
4556 1
27044
8227 1
43487
8465 1
44415
5819 1
33191
9109 1
46801
1754 1
11392
410 1
2767
14518 1
62163
6405 1
35828
13236 1
59174
8183 1
43317
3664 1
22387
1811 1
11732
7345 1
39937
1877 1
12133
14400 1
61890
3047 1
18992
13970 1
60932
4103 1
24723
6975 1
38392
11677 1
55086
12642 1
57690
6064 1
34339
8326 1
43873
12857 1
58216
13025 1
58639
4248 1
25464
14183 1
61410
2382 1
15166
1608 1
10499
5513 1
31744
14802 1
62793
9261 1
47344
11767 1
55340
3579 1
21919
3658 1
22355
499 1
3357
5068 1
29592
5311 1
30783
57 1
388
6842 1
37799
3007 1
18765
4004 1
24196
575 1
3851
9529 1
48271
8099 1
42978
3737 1
22789
7643 1
41145
6841 1
37791
10108 1
50207
7680 1
41295
1298 1
8568
2511 1
15939
7492 1
40537
6561 1
36540
4761 1
28070
9279 1
47410
948 1
6317
10543 1
51648
6047 1
34263
3255 1
20152
10482 1
51459
10090 1
50154
1164 1
7710
3757 1
22896
6538 1
36440
6154 1
34749
14242 1
61528
14536 1
62209
8136 1
43131
13259 1
59228
7207 1
39370
4043 1
24390
11006 1
53104
5751 1
32877
1018 1
6775
12405 1
57084
2816 1
17685
5075 1
29624
99 1
670
11937 1
55817
2647 1
16709
9417 1
47892
4127 1
24846
3513 1
21569
3540 1
21720
962 1
6409
11360 1
54186
12367 1
56979
14060 1
61156
8780 1
45619
12337 1
56898
1125 1
7459
9900 1
49516
1875 1
12122
4672 1
27652
1282 1
8463
5603 1
32175
10904 1
52792
13397 1
59582
2491 1
15816
4774 1
28136
3370 1
20792
5705 1
32673
5908 1
33627
5703 1
32664
13014 1
58604
12112 1
56288
14507 1
62136
4362 1
26052
2316 1
14765
7457 1
40386
5243 1
30446
310 1
2105
12730 1
57908
796 1
5311
14015 1
61034
8503 1
44555
8060 1
42828
240 1
1633
5257 1
30516
731 1
4888
6434 1
35970
13769 1
60469
5210 1
30294
14859 1
62923
8483 1
44489
5797 1
33091
2218 1
14175
419 1
2821
1095 1
7265
4141 1
24913
3769 1
22965
6303 1
35385
14577 1
62306
8357 1
44012
7809 1
41808
7477 1
40472
14969 1
63155
9112 1
46818
11601 1
54870
3428 1
21112
8728 1
45418
10026 1
49937
13882 1
60735
14283 1
61622
11058 1
53263
13731 1
60394
8297 1
43754
11056 1
53257
12352 1
56939
2938 1
18377
2936 1
18364
1038 1
6905
552 1
3711
10078 1
50114
12606 1
57605
1658 1
10806
10506 1
51530
13431 1
59664
5171 1
30103
14408 1
61912
2416 1
15374
4534 1
26938
9021 1
46497
4405 1
26281
8727 1
45410
14821 1
62835
1103 1
7316
5231 1
30384
2395 1
15234
3462 1
21294
13314 1
59372
10518 1
51566
11706 1
55171
11838 1
55538
1946 1
12565
13526 1
59906
11419 1
54358
5345 1
30942
2773 1
17440
3592 1
21998
84 1
577
12818 1
58130
6283 1
35301
5086 1
29681
9706 1
48879
9924 1
49602
11048 1
53230
13667 1
60246
14322 1
61713
156 1
1066
9485 1
48122
10006 1
49878
5192 1
30203
11521 1
54656
3586 1
21962
4233 1
25383
7580 1
40899
5644 1
32374
4525 1
26888
7520 1
40656
11837 1
55531
10190 1
50496
12613 1
57616
9029 1
46522
7720 1
41454
7257 1
39567
12285 1
56760
14164 1
61369
6416 1
35889
3550 1
21776
1674 1
10907
7846 1
41964
7123 1
39033
10106 1
50201
491 1
3303
7915 1
42237
11583 1
54824
12814 1
58119
7987 1
42517
822 1
5483
14745 1
62675
14223 1
61488
1337 1
8815
13311 1
59362
10087 1
50142
4855 1
28519
2556 1
16203
3226 1
19999
6157 1
34757
6790 1
37564
1216 1
8048
4547 1
26995
7649 1
41164
5886 1
33525
10271 1
50740
7350 1
39961
12701 1
57837
13520 1
59894
11066 1
53295
3508 1
21550
10806 1
52472
7793 1
41742
14296 1
61653
14089 1
61212
3397 1
20932
8445 1
44341
13713 1
60358
9591 1
48485
8630 1
45038
4632 1
27434
14731 1
62641
13161 1
58989
12915 1
58368
11310 1
54022
13523 1
59900
12088 1
56230
9523 1
48244
4959 1
29043
11224 1
53771
3369 1
20780
1111 1
7370
11777 1
55369
12674 1
57770
8969 1
46305
6628 1
36831
9791 1
49157
10955 1
52946
2877 1
18020
10680 1
52095
8920 1
46129
1004 1
6684
9270 1
47378
6694 1
37133
14920 1
63056
1525 1
9992
14444 1
61991
1312 1
8659
11891 1
55680
7909 1
42216
3503 1
21519
6423 1
35920
2460 1
15638
3655 1
22335
12582 1
57547
12770 1
58010
3815 1
23207
1887 1
12195
1960 1
12651
13129 1
58909
2103 1
13497
13947 1
60871
1672 1
10894
651 1
4359
1106 1
7343
1475 1
9678
3904 1
23679
1620 1
10570
3041 1
18956
2716 1
17127
4288 1
25669
7181 1
39266
2386 1
15188
5547 1
31915
6251 1
35158
141 1
958
7633 1
41105
2543 1
16129
13084 1
58803
1171 1
7749
10527 1
51592
10718 1
52218
11412 1
54335
1988 1
12818
10853 1
52633
10327 1
50928
11747 1
55280
5742 1
32838
4398 1
26247
4330 1
25874
9235 1
47255
464 1
3132
8547 1
44728
2422 1
15405
9448 1
48003
3565 1
21850
9228 1
47235
4707 1
27816
11924 1
55781
3896 1
23635
2529 1
16047
14883 1
62975
10500 1
51512
14185 1
61413
9730 1
48967
12829 1
58152
13296 1
59321
6812 1
37666
6025 1
34166
9349 1
47659
3852 1
23402
12847 1
58191
14919 1
63052
9143 1
46924
3577 1
21908
13705 1
60340
1557 1
10192
2041 1
13129
7451 1
40366
10586 1
51791
7788 1
41729
3343 1
20632
9365 1
47716
7047 1
38711
7111 1
38985
4448 1
26513
5205 1
30261
14057 1
61146
9263 1
47349
857 1
5708
12760 1
57986
3874 1
23518
4620 1
27371
8571 1
44819
5784 1
33033
12290 1
56775
232 1
1579
6351 1
35592
8694 1
45287
1186 1
7854
4441 1
26473
10515 1
51560
12749 1
57950
8289 1
43720
7313 1
39809
11953 1
55857
8436 1
44305
3780 1
23029
8302 1
43780
13589 1
60049
11400 1
54301
11711 1
55183
12909 1
58353
14039 1
61101
10171 1
50426
3310 1
20461
716 1
4801
4981 1
29146
4900 1
28751
7471 1
40444
3848 1
23380
11591 1
54844
11443 1
54425
4135 1
24884
5227 1
30367
1535 1
10058
6029 1
34184
12259 1
56689
2850 1
17879
5655 1
32427
6614 1
36773
5601 1
32161
12622 1
57639
1677 1
10917
1966 1
12686
6116 1
34578
9277 1
47403
7702 1
41388
612 1
4106
2172 1
13902
13778 1
60493
8821 1
45759
643 1
4305
4001 1
24176
2645 1
16697
8434 1
44298
12018 1
56035
13140 1
58937
3870 1
23499
6771 1
37470
7172 1
39236
8467 1
44428
6800 1
37610
3530 1
21663
5678 1
32543
8708 1
45341
12951 1
58453
7411 1
40191
14985 1
63190
2214 1
14149
7784 1
41712
9184 1
47074
3398 1
20943
1639 1
10680
13571 1
60009
6600 1
36711
9018 1
46490
12083 1
56215
2607 1
16490
13335 1
59423
2621 1
16568
11662 1
55047
1818 1
11776
14979 1
63181
5395 1
31193
3144 1
19545
6634 1
36855
14402 1
61895
10394 1
51149
7322 1
39845
5125 1
29879
3154 1
19596
7849 1
41974
12194 1
56521
7625 1
41074
2272 1
14505
91 1
616
10359 1
51028
14071 1
61177
3657 1
22346
5999 1
34041
1758 1
11417
13801 1
60545
8470 1
44442
2555 1
16193
11623 1
54931
4851 1
28500
11433 1
54399
9926 1
49610
13149 1
58959
13617 1
60124
14370 1
61825
11271 1
53916
14259 1
61566
12522 1
57407
11500 1
54599
2127 1
13631
10625 1
51920
11547 1
54727
6310 1
35427
8539 1
44700
1857 1
12007
975 1
6488
6014 1
34122
10600 1
51845
1503 1
9856
10433 1
51290
2318 1
14778
11095 1
53374
1293 1
8527
1598 1
10445
7854 1
41999
14440 1
61980
585 1
3918
1294 1
8541
2431 1
15454
11431 1
54394
284 1
1931
9410 1
47874
4694 1
27761
4202 1
25232
6651 1
36934
14257 1
61562
8199 1
43374
8516 1
44616
7268 1
39621
6007 1
34074
14492 1
62105
5946 1
33814
6599 1
36703
12534 1
57432
8094 1
42961
1448 1
9518
13618 1
60131
14930 1
63072
3900 1
23655
7748 1
41572
1710 1
11128
7240 1
39504
4275 1
25594
6255 1
35178
178 1
1215
10130 1
50280
6592 1
36683
2868 1
17973
13229 1
59157
14789 1
62763
2048 1
13174
7232 1
39472
12879 1
58271
8792 1
45661
2454 1
15601
1285 1
8477
7465 1
40418
1387 1
9128
5169 1
30095
7144 1
39122
7272 1
39637
5179 1
30138
10623 1
51917
14035 1
61093
5293 1
30695
7274 1
39645
10694 1
52136
7454 1
40381
1042 1
6928
8800 1
45689
2377 1
15129
13271 1
59260
11939 1
55824
1065 1
7071
9446 1
47997
13351 1
59462
4964 1
29069
2704 1
17053
13227 1
59152
117 1
793
5385 1
31146
5349 1
30963
5347 1
30953
8236 1
43527
9669 1
48742
1825 1
11813
12497 1
57345
1833 1
11864
13081 1
58791
833 1
5547
3751 1
22862
8705 1
45326
3918 1
23751
10536 1
51625
8484 1
44498
7767 1
41644
5273 1
30599
2669 1
16836
7297 1
39735
10984 1
53034
4378 1
26140
4778 1
28150
9930 1
49630
7765 1
41638
8871 1
45936
2168 1
13878
4563 1
27071
8167 1
43250
5001 1
29249
14955 1
63125
14718 1
62618
2825 1
17735
9764 1
49078
11367 1
54203
4844 1
28473
1212 1
8020
7114 1
39002
14787 1
62758
13747 1
60431
12844 1
58189
12024 1
56051
2290 1
14611
7885 1
42115
4757 1
28053
13899 1
60769
2623 1
16580
6151 1
34733
13600 1
60085
6655 1
36951
13036 1
58670
13426 1
59655
6004 1
34066
4263 1
25538
8856 1
45880
3689 1
22527
531 1
3562
10935 1
52894
3799 1
23126
8855 1
45871
8360 1
44027
4558 1
27052
404 1
2729
4100 1
24711
8707 1
45332
4584 1
27191
3653 1
22323
6140 1
34699
874 1
5825
2666 1
16823
2957 1
18486
12308 1
56822
11739 1
55257
10679 1
52088
6687 1
37091
10505 1
51522
14095 1
61220
4976 1
29126
14269 1
61591
2897 1
18135
4490 1
26728
11713 1
55188
12839 1
58181
11700 1
55154
8122 1
43070
11923 1
55775
13291 1
59308
9024 1
46511
13421 1
59641
10334 1
50954
14545 1
62230
4907 1
28777
14412 1
61922
12888 1
58301
11042 1
53214
5617 1
32232
3172 1
19695
2849 1
17868
3826 1
23268
903 1
6013
9558 1
48377
14893 1
62994
5376 1
31105
10603 1
51853
9564 1
48400
2985 1
18640
5167 1
30085
10549 1
51666
3287 1
20333
7250 1
39542
12573 1
57527
5375 1
31096
6941 1
38240
1193 1
7892
2698 1
17014
9647 1
48678
14940 1
63089
4551 1
27017
4390 1
26205
8097 1
42971
2324 1
14816
14303 1
61671
11036 1
53198
3241 1
20075
6182 1
34866
2213 1
14136
4326 1
25854
1492 1
9795
12720 1
57888
10653 1
52018
5550 1
31937
7261 1
39582
1128 1
7484
10305 1
50852
5981 1
33967
9498 1
48167
8500 1
44545
10472 1
51422
14572 1
62294
8815 1
45733
12944 1
58435
2616 1
16545
1574 1
10300
8578 1
44848
12584 1
57552
14687 1
62553
4597 1
27252
471 1
3171
13466 1
59761
5499 1
31679
3507 1
21541
2866 1
17961
2752 1
17327
14398 1
61887
14872 1
62952
4366 1
26075
12446 1
57198
2381 1
15153
6052 1
34288
13977 1
60948
3052 1
19024
9633 1
48627
648 1
4345
13829 1
60606
11783 1
55384
11253 1
53866
5820 1
33201
10476 1
51436
5266 1
30564
12324 1
56863
3362 1
20744
12929 1
58401
13086 1
58807
11788 1
55407
6972 1
38381
1834 1
11875
14610 1
62382
10147 1
50339
1266 1
8362
7102 1
38951
2964 1
18529
14674 1
62530
7682 1
41300
3250 1
20132
10241 1
50643
1479 1
9703
253 1
1714
7910 1
42221
7193 1
39317
13337 1
59429
8670 1
45189
7065 1
38790
7836 1
41919
5701 1
32652
14928 1
63069
7875 1
42084
542 1
3643
9549 1
48340
114 1
780
7742 1
41542
1430 1
9408
3585 1
21955
1169 1
7735
12738 1
57926
8543 1
44715
6176 1
34842
5871 1
33443
13243 1
59192
1436 1
9440
9648 1
48685
8486 1
44503
7966 1
42444
6288 1
35326
9803 1
49200
852 1
5681
7772 1
41671
6010 1
34100
9312 1
47535
8200 1
43381
4540 1
26965
10207 1
50537
13100 1
58842
4395 1
26226
4737 1
27952
2952 1
18459
13786 1
60513
5848 1
33347
12756 1
57975
8119 1
43056
5914 1
33653
10226 1
50599
7771 1
41661
3845 1
23358
8908 1
46081
10864 1
52673
14677 1
62536
3174 1
19707
9188 1
47087
11109 1
53418
1737 1
11283
6358 1
35630
4022 1
24291
12058 1
56148
13118 1
58885
8907 1
46075
5860 1
33393
9453 1
48016
440 1
2970
2637 1
16657
10735 1
52267
7807 1
41798
11504 1
54611
595 1
3986
6900 1
38056
11189 1
53663
13967 1
60921
12406 1
57089
3617 1
22132
9041 1
46562
12382 1
57025
6785 1
37535
13749 1
60433
6042 1
34242
11567 1
54783
175 1
1188
9077 1
46694
12767 1
58000
2642 1
16685
9760 1
49066
14698 1
62577
2934 1
18354
3668 1
22409
678 1
4542
12530 1
57422
4090 1
24655
11089 1
53359
7333 1
39888
9504 1
48186
11550 1
54737
9067 1
46660
4183 1
25123
6794 1
37582
5195 1
30213
5340 1
30922
13932 1
60844
2843 1
17835
1083 1
7189
6337 1
35535
8900 1
46052
7562 1
40836
10860 1
52662
9078 1
46701
5140 1
29956
4430 1
26420
8454 1
44376
11708 1
55177
480 1
3239
6542 1
36459
7906 1
42211
13935 1
60846
13264 1
59247
5405 1
31240
9056 1
46619
2119 1
13587
3946 1
23898
5368 1
31065
10037 1
49971
1761 1
11430
13038 1
58676
8903 1
46060
8748 1
45496
11208 1
53729
5556 1
31959
8462 1
44407
8029 1
42703
12067 1
56178
4997 1
29227
14782 1
62752
4488 1
26721
11511 1
54632
11464 1
54481
1300 1
8581
11228 1
53790
11702 1
55159
3818 1
23228
12085 1
56220
10609 1
51870
7352 1
39969
3111 1
19348
9372 1
47738
11200 1
53703
6747 1
37359
12278 1
56745
7897 1
42174
8385 1
44121
6673 1
37024
7018 1
38585
14722 1
62625
1206 1
7981
1371 1
9025
9598 1
48513
3522 1
21623
4415 1
26333
457 1
3077
10705 1
52167
8241 1
43543
6124 1
34618
8221 1
43462
14970 1
63161
1726 1
11227
2840 1
17824
11070 1
53312
5824 1
33224
6161 1
34772
14495 1
62109
9169 1
47011
11778 1
55374
391 1
2639
4015 1
24249
10771 1
52374
3391 1
20900
13896 1
60764
2788 1
17534
653 1
4372
10205 1
50531
10466 1
51398
4692 1
27753
7246 1
39523
1369 1
9012
6357 1
35622
11966 1
55897
5229 1
30374
10795 1
52443
2183 1
13957
918 1
6121
8556 1
44763
7326 1
39863
5789 1
33052
9676 1
48772
2196 1
14044
3334 1
20590
10261 1
50706
3545 1
21743
13809 1
60561
5081 1
29652
3454 1
21252
8938 1
46191
10871 1
52687
10540 1
51641
1177 1
7789
4726 1
27907
2465 1
15663
3203 1
19867
2760 1
17369
2330 1
14854
10215 1
50564
1224 1
8092
9604 1
48533
2230 1
14246
12014 1
56025
5157 1
30036
4105 1
24732
2248 1
14358
6896 1
38040
1858 1
12020
10805 1
52468
1352 1
8916
13857 1
60672
40 1
278
4587 1
27199
14389 1
61863
10632 1
51946
10687 1
52112
11576 1
54807
5021 1
29347
11378 1
54239
11282 1
53949
11477 1
54523
11422 1
54369
8863 1
45905
8973 1
46319
1641 1
10691
7449 1
40359
560 1
3762
6036 1
34218
2167 1
13866
12414 1
57108
188 1
1282
7079 1
38853
13955 1
60895
1197 1
7920
6228 1
35061
13818 1
60583
1653 1
10771
9467 1
48060
9233 1
47248
12459 1
57229
8412 1
44224
2292 1
14621
9129 1
46874
13832 1
60619
4472 1
26642
1020 1
6788
299 1
2025
2086 1
13403
1660 1
10819
4601 1
27271
1385 1
9114
10277 1
50762
4338 1
25918
9345 1
47647
11620 1
54922
11348 1
54144
9984 1
49804
4178 1
25100
9053 1
46605
473 1
3184
1576 1
10312
14028 1
61080
14488 1
62095
1775 1
11517
9688 1
48813
6318 1
35462
6366 1
35663
12021 1
56040
13750 1
60440
9736 1
48987
3816 1
23218
7131 1
39065
4031 1
24336
12289 1
56769
3346 1
20652
5993 1
34012
12172 1
56447
11509 1
54627
7446 1
40350
4468 1
26625
11063 1
53280
13783 1
60501
2994 1
18698
6934 1
38214
6979 1
38413
4739 1
27962
4696 1
27770
3572 1
21888
10736 1
52274
1359 1
8950
11823 1
55498
14950 1
63114
10522 1
51577
10983 1
53028
2881 1
18043
2997 1
18711
10508 1
51538
11051 1
53236
10403 1
51180
13252 1
59215
2930 1
18332
7212 1
39392
12775 1
58021
7695 1
41351
14281 1
61617
9579 1
48449
1401 1
9215
6834 1
37763
12718 1
57882
9794 1
49173
13994 1
60989
9535 1
48289
14443 1
61985
377 1
2543
13075 1
58772
10103 1
50190
1508 1
9893
866 1
5772
3082 1
19192
9444 1
47989
8151 1
43189
5212 1
30300
11011 1
53117
10265 1
50717
7898 1
42182
7894 1
42166
6588 1
36663
11498 1
54589
3974 1
24043
8052 1
42799
14991 1
63203
9683 1
48793
9521 1
48238
12468 1
57258
11127 1
53480
14411 1
61916
900 1
6000
4068 1
24538
12649 1
57702
7058 1
38763
2032 1
13080
10164 1
50406
1435 1
9431
4640 1
27481
10434 1
51295
2236 1
14284
6448 1
36033
7299 1
39744
11468 1
54496
8929 1
46155
9231 1
47243
12484 1
57303
4609 1
27312
2363 1
15048
3936 1
23848
8292 1
43736
2093 1
13440
7589 1
40931
8778 1
45611
14709 1
62598
3552 1
21787
2141 1
13709
12495 1
57338
2294 1
14635
2246 1
14346
11811 1
55467
1730 1
11250
14429 1
61957
1209 1
7994
9134 1
46896
2709 1
17076
434 1
2929
10772 1
52379
1929 1
12451
1077 1
7149
8818 1
45749
745 1
4983
9375 1
47744
1113 1
7384
4373 1
26108
1024 1
6811
11247 1
53846
1740 1
11307
11480 1
54533
13173 1
59025
1348 1
8890
2488 1
15806
8603 1
44930
10065 1
50068
14098 1
61228
5072 1
29612
1792 1
11623
14609 1
62375
2820 1
17710
6070 1
34367
9585 1
48463
578 1
3878
8873 1
45941
10572 1
51744
6128 1
34639
10943 1
52914
13810 1
60565
13884 1
60739
7386 1
40110
10174 1
50442
9576 1
48440
5696 1
32633
13376 1
59532
69 1
469
1351 1
8903
14427 1
61954
10919 1
52839
13723 1
60381
12304 1
56809
13104 1
58853
2066 1
13282
5281 1
30641
7839 1
41927
5245 1
30457
6903 1
38063
10832 1
52557
7338 1
39911
1714 1
11154
2872 1
17999
13539 1
59926
2311 1
14731
3954 1
23937
13844 1
60648
1955 1
12615
11249 1
53854
11345 1
54131
3022 1
18852
9309 1
47518
5065 1
29568
6906 1
38083
14383 1
61852
4303 1
25738
2721 1
17151
1391 1
9152
14275 1
61604
3400 1
20952
3662 1
22375
13489 1
59816
2393 1
15223
3505 1
21528
5313 1
30790
9111 1
46810
8481 1
44483
10855 1
52639
13348 1
59458
1885 1
12183
6808 1
37648
5398 1
31212
10255 1
50686
12550 1
57473
9281 1
47418
4960 1
29048
8461 1
44401
2225 1
14211
1982 1
12783
11086 1
53355
11858 1
55594
3718 1
22685
9481 1
48112
13906 1
60786
5183 1
30159
934 1
6224
4321 1
25828
7029 1
38629
8175 1
43282
4138 1
24904
7658 1
41206
6169 1
34809
14357 1
61787
763 1
5094
11717 1
55197
1030 1
6850
779 1
5195
14874 1
62960
13870 1
60708
2440 1
15516
4387 1
26181
7043 1
38693
8111 1
43022
3488 1
21440
814 1
5429
11479 1
54529
11630 1
54953
14556 1
62255
10340 1
50969
4290 1
25678
5746 1
32856
6171 1
34817
12449 1
57203
14826 1
62849
12661 1
57733
12491 1
57323
13498 1
59843
11825 1
55504
6501 1
36268
482 1
3251
11409 1
54326
5041 1
29445
14205 1
61452
5437 1
31395
1409 1
9267
3810 1
23186
1959 1
12639
12554 1
57487
5534 1
31855
2847 1
17857
14599 1
62346
2603 1
16465
3077 1
19164
2207 1
14102
6193 1
34899
5453 1
31468
11639 1
54978
899 1
5987
1134 1
7521
883 1
5880
10054 1
50033
11531 1
54681
3623 1
22167
9773 1
49098
13707 1
60345
14696 1
62574
11382 1
54256
10416 1
51234
3931 1
23813
591 1
3958
12334 1
56896
11884 1
55659
10849 1
52617
2407 1
15309
12012 1
56020
7584 1
40914
11364 1
54198
9595 1
48501
827 1
5510
14063 1
61161
3253 1
20143
7957 1
42402
13256 1
59224
6933 1
38204
14850 1
62899
14065 1
61162
9958 1
49722
2742 1
17273
5632 1
32317
9032 1
46537
8310 1
43817
1239 1
8182
12202 1
56544
11526 1
54674
7177 1
39248
7919 1
42253
10023 1
49926
14390 1
61867
9545 1
48323
8332 1
43904
1831 1
11852
6779 1
37510
6426 1
35935
5766 1
32945
5913 1
33647
9363 1
47708
6438 1
35989
1183 1
7831
555 1
3723
3158 1
19619
11251 1
53859
10189 1
50488
737 1
4928
13816 1
60579
4227 1
25351
3134 1
19486
5438 1
31403
2438 1
15502
11033 1
53187
9667 1
48735
6003 1
34059
5451 1
31459
13803 1
60552
4238 1
25413
4435 1
26443
12684 1
57796
5049 1
29488
3186 1
19777
8493 1
44520
4153 1
24976
4240 1
25423
3907 1
23689
11633 1
54960
365 1
2462
2308 1
14718
8432 1
44292
6549 1
36488
9069 1
46668
12922 1
58383
5510 1
31738
214 1
1459
12385 1
57033
8419 1
44243
14406 1
61906
14027 1
61073
10922 1
52850
2204 1
14089
4317 1
25806
10153 1
50357
6981 1
38422
4531 1
26921
1791 1
11610
14376 1
61837
12852 1
58206
13983 1
60959
7539 1
40730
908 1
6054
3591 1
21986
5835 1
33277
7037 1
38665
3864 1
23465
3027 1
18876
3028 1
18889
4147 1
24946
3676 1
22454
534 1
3588
14040 1
61107
6744 1
37348
8415 1
44230
10490 1
51488
4 1
28
10306 1
50860
8047 1
42774
942 1
6276
5468 1
31545
5332 1
30886
3580 1
21932
9720 1
48932
805 1
5363
13482 1
59802
6918 1
38138
3205 1
19878
14845 1
62887
14847 1
62892
10740 1
52284
8277 1
43673
1552 1
10168
5365 1
31047
5753 1
32885
1681 1
10941
13761 1
60456
2432 1
15467
9654 1
48704
11324 1
54070
13536 1
59924
1145 1
7586
4670 1
27641
9149 1
46944
4542 1
26976
7790 1
41737
13681 1
60277
6113 1
34556
9945 1
49674
13023 1
58632
2054 1
13207
3269 1
20229
13821 1
60586
9495 1
48155
13124 1
58902
14229 1
61497
2778 1
17475
13876 1
60720
1654 1
10781
13621 1
60137
5289 1
30676
9902 1
49522
10460 1
51378
807 1
5375
3487 1
21430
14923 1
63059
94 1
644
920 1
6134
11122 1
53467
8042 1
42756
12483 1
57294
8722 1
45390
12122 1
56318
4684 1
27715
9943 1
49667
9745 1
49013
4838 1
28446
7505 1
40594
3732 1
22765
14671 1
62521
12558 1
57495
11516 1
54649
3760 1
22920
1926 1
12437
3389 1
20889
8131 1
43104
8717 1
45368
11879 1
55642
10655 1
52026
2064 1
13273
6428 1
35942
9701 1
48863
6340 1
35549
13692 1
60308
3965 1
23988
4602 1
27281
8703 1
45317
9450 1
48009
11009 1
53112
5529 1
31825
14961 1
63139
13694 1
60313
11705 1
55167
8639 1
45071
10560 1
51709
5180 1
30149
10119 1
50236
10761 1
52338
2582 1
16347
10019 1
49919
12795 1
58070
2475 1
15725
8422 1
44261
5370 1
31075
10743 1
52290
13095 1
58826
2585 1
16359
6838 1
37780
8545 1
44720
13418 1
59637
8663 1
45157
2442 1
15528
3872 1
23511
12303 1
56805
7528 1
40684
3649 1
22304
9178 1
47049
587 1
3931
11764 1
55334
13365 1
59496
1419 1
9336
12782 1
58041
11028 1
53175
4343 1
25939
3353 1
20685
1578 1
10323
6139 1
34689
9993 1
49827
6454 1
36058
4026 1
24312
449 1
3024
811 1
5402
10093 1
50161
13902 1
60777
6061 1
34316
1394 1
9179
12609 1
57607
1872 1
12111
13476 1
59786
3156 1
19607
6540 1
36446
5482 1
31607
1 1
0
508 1
3419
6306 1
35405
7243 1
39510
2661 1
16790
8341 1
43943
6475 1
36147
14446 1
61996
6816 1
37686
11539 1
54703
3789 1
23071
7845 1
41956
4297 1
25709
10216 1
50572
12707 1
57852
3411 1
21006
11656 1
55024
7334 1
39894
3375 1
20812
907 1
6041
3384 1
20865
4725 1
27897
11721 1
55206
1516 1
9942
14285 1
61627
12552 1
57479
2267 1
14469
12425 1
57137
3421 1
21063
6022 1
34158
14742 1
62670
4879 1
28636
6721 1
37249
6806 1
37640
9325 1
47574
9130 1
46880
12992 1
58560
205 1
1391
10069 1
50079
8206 1
43407
10758 1
52330
6424 1
35927
11377 1
54234
12219 1
56592
6406 1
35839
7452 1
40375
8284 1
43705
9712 1
48900
5531 1
31835
1785 1
11575
4665 1
27606
10937 1
52900
5109 1
29791
14187 1
61418
4806 1
28290
2444 1
15541
2238 1
14297
65 1
442
5285 1
30657
1895 1
12246
13274 1
59269
7741 1
41534
1701 1
11067
4660 1
27586
1444 1
9490
1841 1
11914
8473 1
44447
8675 1
45204
3770 1
22976
9084 1
46724
13413 1
59623
10366 1
51050
6187 1
34883
5185 1
30168
5362 1
31037
3114 1
19373
3683 1
22490
2986 1
18653
1410 1
9281
6798 1
37598
4116 1
24793
3913 1
23718
1559 1
10204
8882 1
45979
9150 1
46954
8831 1
45789
11864 1
55608
6392 1
35780
8775 1
45597
3832 1
23296
3961 1
23966
11113 1
53434
6012 1
34112
2893 1
18113
5692 1
32616
3321 1
20514
5422 1
31319
1765 1
11456
14276 1
61608
6080 1
34413
4165 1
25040
14502 1
62124
8197 1
43368
7174 1
39242
2050 1
13187
8526 1
44656
12227 1
56613
5828 1
33245
3537 1
21698
13511 1
59868
9051 1
46594
6222 1
35032
4652 1
27549
14213 1
61468
2814 1
17673
10145 1
50329
11757 1
55311
3740 1
22810
7886 1
42125
1150 1
7623
8446 1
44347
10066 1
50071
9652 1
48698
5895 1
33563
9423 1
47909
12464 1
57247
14300 1
61664
3693 1
22551
14515 1
62155
11969 1
55904
10666 1
52050
12432 1
57158
7557 1
40806
10044 1
49995
8394 1
44158
14177 1
61395
1782 1
11564
14221 1
61486
8246 1
43569
12901 1
58333
11973 1
55912
2837 1
17801
7647 1
41158
3019 1
18828
5801 1
33109
4234 1
25393
7951 1
42375
5817 1
33182
14082 1
61198
2878 1
18033
9241 1
47274
12357 1
56953
14163 1
61366
8024 1
42682
11279 1
53937
8134 1
43123
6035 1
34209
4264 1
25547
7082 1
38870
3891 1
23601
7575 1
40877
14019 1
61047
11166 1
53595
8914 1
46104
5314 1
30802
8996 1
46411
8409 1
44203
12374 1
56999
6803 1
37619
7444 1
40339
6462 1
36090
4836 1
28436
11483 1
54538
9099 1
46768
1325 1
8737
13190 1
59062
1270 1
8389
9356 1
47687
2157 1
13804
3020 1
18841
2216 1
14162
12833 1
58162
8643 1
45082
4791 1
28208
14760 1
62707
1582 1
10346
319 1
2160
14818 1
62830
7150 1
39143
10639 1
51968
9249 1
47298
4095 1
24676
6077 1
34394
4199 1
25211
10830 1
52550
12994 1
58564
12331 1
56886
12737 1
57920
2265 1
14457
10360 1
51034
12042 1
56108
12281 1
56749
7890 1
42147
11970 1
55907
7252 1
39550
8651 1
45116
5667 1
32482
9438 1
47972
9792 1
49164
11519 1
54652
3339 1
20612
518 1
3484
1952 1
12604
12440 1
57180
14263 1
61576
3556 1
21808
1467 1
9629
13456 1
59731
2765 1
17394
4983 1
29155
9406 1
47858
1495 1
9809
1380 1
9088
13672 1
60260
6936 1
38221
10180 1
50460
3806 1
23163
6879 1
37965
375 1
2529
14667 1
62512
1421 1
9346
7979 1
42487
13255 1
59219
4990 1
29194
10336 1
50959
14464 1
62047
14434 1
61970
1114 1
7396
6982 1
38431
2580 1
16337
13307 1
59355
2338 1
14898
12074 1
56199
4622 1
27381
8947 1
46225
12186 1
56501
4973 1
29110
3080 1
19185
13187 1
59054
5361 1
31026
11052 1
53242
2187 1
13982
11336 1
54107
2260 1
14432
6774 1
37489
8608 1
44952
2072 1
13320
9490 1
48143
7113 1
38992
5883 1
33504
8128 1
43093
6648 1
36925
5306 1
30759
4007 1
24208
13534 1
59920
6661 1
36979
13239 1
59181
14798 1
62786
8308 1
43807
9572 1
48427
6215 1
34999
10386 1
51120
12810 1
58111
13858 1
60676
5043 1
29455
181 1
1228
2434 1
15478
3170 1
19686
14087 1
61208
4351 1
25981
11220 1
53760
14771 1
62726
10299 1
50831
3446 1
21210
12574 1
57528
11274 1
53925
4295 1
25699
4163 1
25028
14378 1
61843
4377 1
26129
2601 1
16454
8195 1
43358
1296 1
8554
2022 1
13020
4308 1
25768
11393 1
54283
10040 1
49983
9191 1
47094
8558 1
44772
10840 1
52587
14052 1
61135
7223 1
39428
4521 1
26871
959 1
6381
5977 1
33952
4604 1
27291
9454 1
48022
8877 1
45955
11206 1
53724
14069 1
61172
14317 1
61702
11997 1
55974
7314 1
39817
12904 1
58343
4786 1
28187
3465 1
21307
14867 1
62938
13656 1
60221
8585 1
44867
3997 1
24156
11295 1
53982
10765 1
52353
4047 1
24407
356 1
2410
5232 1
30395
14637 1
62442
4869 1
28590
13240 1
59186
8991 1
46387
5571 1
32021
12047 1
56120
8649 1
45108
370 1
2501
1398 1
9203
12626 1
57652
5077 1
29634
4514 1
26841
9698 1
48857
11674 1
55081
1619 1
10559
13328 1
59406
14287 1
61631
546 1
3671
3189 1
19788
436 1
2943
9239 1
47269
978 1
6515
4812 1
28323
8751 1
45504
1118 1
7421
9629 1
48612
13798 1
60544
12472 1
57270
13851 1
60663
2759 1
17358
8967 1
46299
11730 1
55233
9497 1
48160
6234 1
35088
7038 1
38675
8344 1
43960
11129 1
53486
4749 1
28015
6728 1
37284
3291 1
20354
6703 1
37168
4332 1
25886
13644 1
60194
1949 1
12578
13061 1
58739
10618 1
51907
12537 1
57436
12001 1
55984
12061 1
56155
251 1
1700
7184 1
39283
7425 1
40254
7170 1
39229
14601 1
62350
14043 1
61111
1786 1
11587
1617 1
10546
10447 1
51335
2635 1
16647
5223 1
30351
1423 1
9357
11506 1
54620
9173 1
47026
9180 1
47057
2786 1
17523
11085 1
53350
7737 1
41518
4129 1
24855
5562 1
31985
9273 1
47388
4962 1
29057
4115 1
24781
2160 1
13828
1003 1
6671
5343 1
30933
12981 1
58533
14036 1
61097
5237 1
30415
7025 1
38610
6294 1
35348
7156 1
39168
10556 1
51695
12823 1
58138
3543 1
21732
3098 1
19285
10511 1
51548
7129 1
39057
4169 1
25056
13814 1
60577
9225 1
47216
8555 1
44754
132 1
902
14093 1
61218
9600 1
48521
3210 1
19910
13345 1
59449
4627 1
27400
2592 1
16403
5569 1
32012
1777 1
11529
9070 1
46678
10262 1
50713
2091 1
13428
14606 1
62371
12372 1
56994
4277 1
25604
6630 1
36839
10649 1
52000
10689 1
52116
1314 1
8673
12493 1
57332
10407 1
51193
8600 1
44924
13112 1
58872
9511 1
48203
9987 1
49807
9769 1
49088
10492 1
51490
9808 1
49214
7685 1
41310
347 1
2343
793 1
5284
10213 1
50557
10819 1
52511
12876 1
58263
9593 1
48492
10998 1
53081
12763 1
57988
10539 1
51634
12209 1
56562
12788 1
58055
6044 1
34255
4938 1
28938
11107 1
53411
8934 1
46178
10801 1
52459
1132 1
7509
6390 1
35770
734 1
4915
10463 1
51385
5910 1
33636
7402 1
40165
2703 1
17041
2121 1
13599
13840 1
60638
10690 1
52123
8569 1
44809
8839 1
45818
4194 1
25188
13632 1
60167
12221 1
56598
3894 1
23623
4765 1
28089
386 1
2613
463 1
3118
12428 1
57150
12740 1
57930
6894 1
38029
13370 1
59515
9160 1
46987
10660 1
52039
1513 1
9918
8963 1
46279
11215 1
53742
1837 1
11888
5009 1
29289
8059 1
42822
11619 1
54916
3698 1
22583
10458 1
51369
6189 1
34890
7346 1
39944
1269 1
8375
13939 1
60850
3934 1
23837
11941 1
55827
14325 1
61719
1489 1
9770
11698 1
55148
9876 1
49445
12419 1
57118
209 1
1418
6605 1
36732
4881 1
28649
11790 1
55411
3327 1
20550
3686 1
22515
7799 1
41764
11949 1
55847
8665 1
45162
13989 1
60974
13928 1
60838
2954 1
18473
2664 1
16811
11199 1
53696
10847 1
52610
1722 1
11200
5337 1
30906
3829 1
23280
221 1
1499
6175 1
34833
12631 1
57662
7902 1
42196
14031 1
61085
7545 1
40753
8885 1
45987
8917 1
46113
11627 1
54940
10099 1
50179
9612 1
48563
2466 1
15675
5036 1
29423
12713 1
57868
14136 1
61309
7208 1
39378
14860 1
62928
3078 1
19175
1962 1
12663
4895 1
28724
9749 1
49025
13127 1
58905
5309 1
30771
7096 1
38927
7084 1
38879
11494 1
54574
185 1
1255
10949 1
52928
940 1
6262
3181 1
19739
13201 1
59077
6731 1
37295
10837 1
52575
8846 1
45841
4577 1
27143
13424 1
59649
1941 1
12529
682 1
4569
1446 1
9504
14645 1
62461
9482 1
48117
685 1
4583
2612 1
16523
5321 1
30833
7062 1
38782
11 1
70
3306 1
20438
7178 1
39260
13937 1
60849
11916 1
55757
11555 1
54746
2539 1
16104
14549 1
62240
14007 1
61016
8567 1
44802
11212 1
53737
4805 1
28277
2194 1
14031
7163 1
39194
7182 1
39275
9746 1
49019
3372 1
20802
14530 1
62194
5022 1
29354
2751 1
17317
4411 1
26312
12547 1
57464
6693 1
37121
9779 1
49118
453 1
3052
8890 1
46007
3711 1
22642
7417 1
40218
2259 1
14420
719 1
4813
14715 1
62609
4354 1
26004
1507 1
9881
6915 1
38117
9396 1
47816
1383 1
9101
14773 1
62730
8000 1
42574
4828 1
28401
3358 1
20719
4873 1
28605
8975 1
46330
3600 1
22043
14067 1
61168
13395 1
59576
2683 1
16919
8251 1
43584
5255 1
30507
3723 1
22710
9476 1
48098
1154 1
7648
80 1
550
1533 1
10046
4835 1
28426
11124 1
53472
7687 1
41319
11287 1
53961
11420 1
54365
8496 1
44530
7224 1
39436
2805 1
17618
8797 1
45679
6172 1
34823
478 1
3226
6869 1
37915
4606 1
27301
9125 1
46858
11931 1
55795
12193 1
56518
1051 1
6980
11975 1
55915
11411 1
54330
12329 1
56875
5265 1
30554
1586 1
10372
8919 1
46120
14805 1
62797
10244 1
50654
4797 1
28241
12557 1
57491
13743 1
60422
11552 1
54741
7041 1
38684
9090 1
46748
14702 1
62583
7422 1
40244
10401 1
51172
3133 1
19476
11069 1
53301
7365 1
40021
14460 1
62037
10792 1
52436
3613 1
22111
4925 1
28873
11157 1
53563
5923 1
33695
14759 1
62702
4870 1
28600
2926 1
18308
7554 1
40796
12978 1
58531
6553 1
36504
669 1
4479
1456 1
9569
13654 1
60218
13198 1
59074
4222 1
25330
12883 1
58284
14764 1
62716
3091 1
19237
9729 1
48958
12298 1
56797
10706 1
52177
5496 1
31669
14832 1
62862
12870 1
58248
12254 1
56677
3168 1
19675
666 1
4466
5662 1
32462
8981 1
46351
9835 1
49298
1146 1
7598
362 1
2449
694 1
4652
9756 1
49057
5521 1
31781
9303 1
47495
1069 1
7097
14156 1
61350
9890 1
49484
3441 1
21177
1593 1
10407
4719 1
27872
14368 1
61823
3350 1
20673
8225 1
43478
11774 1
55362
4686 1
27726
6761 1
37426
8076 1
42887
549 1
3685
8607 1
44946
12961 1
58478
14198 1
61439
3017 1
18816
13559 1
59982
12349 1
56928
8560 1
44776
12742 1
57934
13647 1
60201
9470 1
48075
14311 1
61686
10083 1
50128
14513 1
62151
12716 1
57877
9824 1
49272
1000 1
6657
3747 1
22841
10425 1
51261
9104 1
46788
10378 1
51092
10229 1
50605
5415 1
31282
7141 1
39104
12515 1
57391
690 1
4624
6976 1
38402
7094 1
38919
11812 1
55474
1241 1
8194
3783 1
23037
10469 1
51406
14102 1
61235
13361 1
59485
4353 1
25990
11373 1
54221
11735 1
55242
7551 1
40780
4281 1
25628
9734 1
48981
73 1
496
9335 1
47610
10845 1
52602
3635 1
22228
2514 1
15962
12827 1
58147
7317 1
39826
7939 1
42331
14266 1
61587
7295 1
39727
1939 1
12516
3124 1
19429
1405 1
9241
4710 1
27834
7691 1
41333
13451 1
59714
12293 1
56782
9947 1
49679
9092 1
46753
4529 1
26910
7205 1
39361
5459 1
31503
13627 1
60149
4946 1
28983
14631 1
62432
10938 1
52907
4801 1
28257
1272 1
8402
14972 1
63165
12006 1
56002
2384 1
15177
13893 1
60756
10696 1
52142
9857 1
49376
7311 1
39801
13996 1
60992
10088 1
50148
4311 1
25777
7612 1
41030
13312 1
59365
10317 1
50898
14414 1
61926
14124 1
61281
5251 1
30488
13717 1
60366
7281 1
39677
5019 1
29337
1179 1
7803
4931 1
28900
461 1
3104
10369 1
51058
3526 1
21644
14234 1
61510
6811 1
37654
4457 1
26560
11871 1
55620
936 1
6238
13165 1
59001
7664 1
41231
14498 1
62119
6181 1
34859
2777 1
17465
4877 1
28622
12615 1
57622
14025 1
61066
11030 1
53182
4864 1
28572
12320 1
56855
14794 1
62775
9618 1
48577
4669 1
27628
10592 1
51814
25 1
166
12911 1
58359
2334 1
14877
10428 1
51273
12972 1
58511
8573 1
44827
7800 1
41773
8014 1
42637
9054 1
46615
10047 1
50005
14620 1
62402
5635 1
32327
9003 1
46430
158 1
1080
6637 1
36866
13063 1
58745
5776 1
32997
12250 1
56669
1813 1
11744
12045 1
56112
13942 1
60862
3804 1
23155
11540 1
54708
13700 1
60328
14848 1
62897
9679 1
48778
929 1
6184
995 1
6621
5709 1
32690
6496 1
36245
12189 1
56504
3048 1
19003
3316 1
20494
7358 1
39992
9767 1
49084
1262 1
8336
378 1
2557
12728 1
57903
8176 1
43291
9166 1
47008
6608 1
36746
222 1
1513
1794 1
11636
13900 1
60772
14466 1
62050
829 1
5523
14147 1
61332
1092 1
7253
260 1
1768
3893 1
23611
645 1
4319
14218 1
61480
12996 1
58571
9690 1
48821
7357 1
39984
9036 1
46550
742 1
4969
13182 1
59042
5537 1
31863
14912 1
63037
10330 1
50941
9826 1
49277
8378 1
44100
12214 1
56579
7864 1
42047
1611 1
10510
5388 1
31165
1290 1
8515
3822 1
23250
6950 1
38280
1543 1
10105
8294 1
43745
4933 1
28909
4720 1
27879
7753 1
41588
14077 1
61188
4505 1
26793
6442 1
36009
787 1
5248
12566 1
57513
14836 1
62873
3106 1
19326
12072 1
56195
9831 1
49287
4175 1
25078
11752 1
55298
1310 1
8646
10071 1
50087
443 1
2984
5773 1
32977
13079 1
58785
13924 1
60828
6419 1
35900
10398 1
51166
10722 1
52232
4284 1
25649
5641 1
32355
14876 1
62964
8313 1
43821
14097 1
61225
14767 1
62720
8587 1
44876
2164 1
13852
5457 1
31490
7491 1
40529
13736 1
60410
9394 1
47808
9132 1
46890
13001 1
58581
5594 1
32135
10921 1
52843
1205 1
7969
11169 1
53600
8011 1
42617
8617 1
44984
14863 1
62930
11733 1
55236
845 1
5629
1230 1
8133
206 1
1405
4156 1
25000
10512 1
51556
9103 1
46780
2865 1
17951
8777 1
45604
9089 1
46740
353 1
2382
10607 1
51863
1015 1
6750
12342 1
56914
7400 1
40159
11502 1
54606
5504 1
31709
11862 1
55602
2026 1
13044
4081 1
24600
9711 1
48892
5011 1
29296
5431 1
31363
11226 1
53777
526 1
3535
2641 1
16674
2715 1
17114
7381 1
40078
14825 1
62844
9909 1
49545
9969 1
49756
6210 1
34985
173 1
1174
8032 1
42723
7881 1
42105
12033 1
56072
316 1
2146
4995 1
29216
10813 1
52499
11240 1
53828
10559 1
51702
2158 1
13815
8141 1
43148
10580 1
51771
6595 1
36690
9743 1
49009
1695 1
11028
3364 1
20758
8536 1
44693
4210 1
25270
1028 1
6837
4436 1
26453
4384 1
26170
12212 1
56574
5509 1
31731
8681 1
45226
3813 1
23196
4125 1
24837
7074 1
38833
722 1
4840
2534 1
16080
1594 1
10419
13359 1
59484
14999 1
63218
4402 1
26269
13052 1
58715
10876 1
52709
6491 1
36218
6911 1
38105
14009 1
61019
10225 1
50594
3727 1
22730
8407 1
44195
10480 1
51452
7405 1
40174
1756 1
11405
9949 1
49686
2409 1
15322
1121 1
7434
1968 1
12697
4460 1
26579
3533 1
21674
1232 1
8144
532 1
3575
1010 1
6724
6789 1
37553
2919 1
18258
4852 1
28509
938 1
6251
13889 1
60746
9413 1
47879
2009 1
12937
12802 1
58090
1007 1
6697
5526 1
31814
1122 1
7446
1244 1
8219
8121 1
43062
6874 1
37946
14701 1
62580
13603 1
60088
570 1
3824
864 1
5759
1108 1
7356
8448 1
44351
8624 1
45014
5500 1
31689
7822 1
41862
10713 1
52198
7419 1
40227
1771 1
11492
11102 1
53399
3032 1
18910
6585 1
36643
2016 1
12986
10594 1
51822
14363 1
61804
1846 1
11949
4269 1
25567
12054 1
56141
3983 1
24081
11055 1
53248
13978 1
60951
5984 1
33985
9146 1
46940
2626 1
16602
13077 1
58782
4447 1
26503
12919 1
58375
13948 1
60877
7707 1
41407
9284 1
47432
4286 1
25658
2199 1
14055
4689 1
27734
3008 1
18774
3130 1
19464
3949 1
23908
14158 1
61356
12311 1
56827
4644 1
27499
13919 1
60814
2810 1
17651
9400 1
47834
1046 1
6952
12387 1
57036
2553 1
16184
6558 1
36529
1341 1
8839
4422 1
26376
923 1
6147
5561 1
31978
10873 1
52692
12161 1
56421
14624 1
62413
8443 1
44329
7930 1
42306
3108 1
19338
11098 1
53387
11671 1
55072
3377 1
20821
8611 1
44961
7300 1
39752
2629 1
16613
384 1
2599
1772 1
11505
6519 1
36347
13114 1
58878
7913 1
42229
11205 1
53716
2096 1
13465
3938 1
23860
1751 1
11367
6107 1
34534
13662 1
60237
7638 1
41126
1242 1
8207
813 1
5415
6573 1
36592
6384 1
35745
5938 1
33773
7937 1
42325
13166 1
59006
13980 1
60955
8057 1
42816
5780 1
33015
9214 1
47180
5199 1
30235
11643 1
54988
914 1
6094
2287 1
14588
12977 1
58524
3966 1
24000
7259 1
39573
7797 1
41756
9724 1
48945
8214 1
43435
10084 1
50135
2059 1
13233
5542 1
31895
1235 1
8155
2235 1
14270
4913 1
28811
5433 1
31372
6394 1
35786
7027 1
38618
8268 1
43645
146 1
999
12593 1
57567
6114 1
34567
7692 1
41343
599 1
4014
11616 1
54909
5941 1
33782
7696 1
41363
11718 1
55201
1483 1
9730
14191 1
61424
7843 1
41947
1261 1
8322
6786 1
37543
12724 1
57896
6529 1
36396
9333 1
47601
14729 1
62635
12963 1
58483
855 1
5694
102 1
697
2367 1
15070
3193 1
19812
3044 1
18979
11984 1
55939
5319 1
30824
3100 1
19295
14579 1
62310
14463 1
62042
12664 1
57744
7932 1
42313
6262 1
35213
8257 1
43604
2100 1
13486
6797 1
37589
13213 1
59114
4646 1
27511
14959 1
63135
1071 1
7109
268 1
1822
12807 1
58098
11497 1
54582
4843 1
28464
6142 1
34708
5525 1
31803
13598 1
60079
6293 1
35340
13711 1
60354
788 1
5260
5684 1
32577
4365 1
26063
5506 1
31719
7217 1
39405
10568 1
51733
14142 1
61322
10116 1
50230
14253 1
61553
6198 1
34932
5738 1
32821
9462 1
48048
1026 1
6824
4910 1
28800
13428 1
59660
4674 1
27662
1355 1
8928
665 1
4453
8191 1
43345
3012 1
18795
5660 1
32454
11119 1
53455
358 1
2423
2162 1
13839
3097 1
19273
13953 1
60890
9251 1
47305
14552 1
62249
10907 1
52800
5544 1
31906
5952 1
33841
9115 1
46824
8178 1
43300
12423 1
57133
11390 1
54278
3696 1
22572
9433 1
47947
4819 1
28352
10289 1
50798
14560 1
62265
14590 1
62334
14885 1
62978
11726 1
55220
13608 1
60104
5756 1
32906
10372 1
51070
7245 1
39517
8396 1
44165
8149 1
43179
14109 1
61246
10702 1
52162
14349 1
61768
8170 1
43267
11137 1
53508
13235 1
59172
9989 1
49811
8349 1
43976
10657 1
52028
368 1
2487
1363 1
8973
13031 1
58653
3345 1
20642
9193 1
47101
11353 1
54156
7276 1
39654
11243 1
53836
10973 1
52999
3637 1
22238
6886 1
38000
11458 1
54463
9404 1
47850
4252 1
25485
14659 1
62494
7060 1
38774
7483 1
40496
8647 1
45099
3708 1
22633
9399 1
47824
11116 1
53449
6325 1
35486
2088 1
13416
6921 1
38147
10479 1
51444
14562 1
62268
7567 1
40849
11272 1
53920
7354 1
39975
12026 1
56056
6257 1
35187
14272 1
61602
427 1
2875
3690 1
22538
5186 1
30176
13435 1
59676
6865 1
37895
2328 1
14841
12704 1
57847
11609 1
54887
647 1
4331
6195 1
34909
1017 1
6763
3271 1
20241
11570 1
54792
8242 1
43553
2882 1
18056
14881 1
62971
10774 1
52387
2780 1
17486
6131 1
34651
7747 1
41560
2924 1
18297
4713 1
27845
3794 1
23105
9347 1
47654
10889 1
52741
3183 1
19752
1389 1
9141
8452 1
44369
3808 1
23175
11919 1
55759
12920 1
58379
7718 1
41447
3470 1
21344
6587 1
36656
3278 1
20290
2226 1
14222
2575 1
16302
1950 1
12590
6 1
42
10725 1
52239
862 1
5746
11312 1
54030
583 1
3905
6882 1
37984
1249 1
8244
2427 1
15427
6824 1
37720
12967 1
58495
873 1
5812
13308 1
59358
11809 1
55461
2949 1
18438
5900 1
33591
2532 1
16068
795 1
5298
2020 1
13008
9328 1
47587
8842 1
45830
10034 1
49965
11943 1
55835
4785 1
28177
11995 1
55966
246 1
1674
13011 1
58594
14001 1
61002
10474 1
51429
5464 1
31529
10668 1
52055
9813 1
49230
5840 1
33308
8645 1
45092
13107 1
58858
13999 1
60998
9608 1
48548
7982 1
42501
4553 1
27025
7596 1
40964
11844 1
55556
10881 1
52719
10076 1
50106
5012 1
29308
879 1
5852
9844 1
49333
13054 1
58720
2256 1
14406
12178 1
56470
11381 1
54247
6304 1
35394
3323 1
20524
993 1
6607
14933 1
63076
7328 1
39871
12634 1
57671
6890 1
38014
14957 1
63132
4051 1
24432
501 1
3370
14532 1
62200
10296 1
50825
8359 1
44021
13922 1
60822
12146 1
56383
2357 1
15010
5035 1
29413
11802 1
55447
10495 1
51499
6019 1
34139
12673 1
57765
12734 1
57918
8317 1
43835
9624 1
48599
13506 1
59858
14647 1
62465
8314 1
43827
10578 1
51764
13965 1
60916
11202 1
53710
9539 1
48303
13969 1
60926
10392 1
51142
14255 1
61557
2662 1
16801
9871 1
49421
13340 1
59436
12872 1
58254
2595 1
16417
3638 1
22249
5099 1
29743
14355 1
61781
1689 1
10988
4810 1
28313
8894 1
46024
13916 1
60810
7143 1
39113
12834 1
58166
13210 1
59106
8833 1
45795
2129 1
13642
2279 1
14541
2857 1
17912
4209 1
25260
2492 1
15829
6668 1
37012
9575 1
48433
11335 1
54100
12326 1
56871
9509 1
48195
5366 1
31056
11881 1
55650
3 1
14
1539 1
10079
1573 1
10287
11515 1
54645
14643 1
62456
2497 1
15854
8684 1
45241
3724 1
22720
5608 1
32201
14807 1
62802
7644 1
41153
11658 1
55033
488 1
3291
12413 1
57102
3296 1
20385
14894 1
62999
6488 1
36208
13442 1
59695
10839 1
52581
8439 1
44315
3315 1
20483
2681 1
16906
11603 1
54877
9892 1
49493
13064 1
58747
4009 1
24219
537 1
3602
14857 1
62918
4076 1
24581
6939 1
38230
8888 1
45998
1648 1
10744
6681 1
37061
2504 1
15899
14622 1
62408
13218 1
59129
7324 1
39854
8091 1
42945
9952 1
49700
7167 1
39212
224 1
1526
1778 1
11541
4452 1
26537
13960 1
60908
4166 1
25048
4466 1
26614
10674 1
52075
13718 1
60372
2624 1
16591
5443 1
31425
10646 1
51993
7552 1
40789
10456 1
51365
13569 1
60006
3288 1
20342
8682 1
45234
4011 1
24231
10672 1
52068
7349 1
39952
7730 1
41496
2701 1
17028
2412 1
15346
2112 1
13554
14898 1
63009
8155 1
43204
2567 1
16258
2524 1
16021
4698 1
27779
12590 1
57564
12312 1
56833
3229 1
20009
7135 1
39079
12476 1
57277
4388 1
26192
14569 1
62284
8416 1
44236
2133 1
13663
10422 1
51256
1331 1
8776
1080 1
7176
1049 1
6966
7236 1
39489
2922 1
18285
4455 1
26547
5202 1
30253
1643 1
10703
622 1
4173
8164 1
43242
9492 1
48149
2282 1
14564
348 1
2356
6290 1
35333
1882 1
12170
6309 1
35417
9872 1
49428
6178 1
34852
13174 1
59029
6581 1
36626
3436 1
21155
13021 1
58626
987 1
6567
12196 1
56525
1564 1
10239
9739 1
48997
12094 1
56246
660 1
4425
858 1
5722
5092 1
29714
6431 1
35950
1342 1
8850
10197 1
50510
5845 1
33328
11104 1
53401
14240 1
61522
4957 1
29035
2740 1
17261
2188 1
13994
14299 1
61657
8459 1
44394
12869 1
58243
1172 1
7762
10221 1
50582
1105 1
7329
7819 1
41849
13703 1
60335
9434 1
47956
12443 1
57188
5051 1
29497
1804 1
11700
14509 1
62141
12271 1
56724
4432 1
26432
6320 1
35472
11614 1
54903
933 1
6211
7474 1
40461
9850 1
49353
11466 1
54488
12781 1
58034
7073 1
38825
4993 1
29206
2631 1
16623
1130 1
7496
3221 1
19965
4750 1
28025
5842 1
33317
6818 1
37691
14749 1
62683
4703 1
27798
14888 1
62985
5695 1
32626
5967 1
33901
5387 1
31156
5291 1
30687
11849 1
55568
7992 1
42542
11285 1
53955
14712 1
62605
13479 1
59791
11487 1
54549
3418 1
21050
13807 1
60560
13927 1
60834
12163 1
56429
2830 1
17766
11543 1
54713
680 1
4556
10072 1
50094
7727 1
41478
12670 1
57761
2675 1
16871
3570 1
21877
2690 1
16967
5030 1
29391
6300 1
35376
4173 1
25070
6678 1
37051
2980 1
18619
13067 1
58752
4569 1
27105
2302 1
14682
14853 1
62903
821 1
5469
6876 1
37957
3484 1
21421
773 1
5156
11173 1
53619
13886 1
60742
2148 1
13758
14239 1
61517
775 1
5169
11587 1
54831
588 1
3944
14457 1
62027
7924 1
42281
14459 1
62033
9201 1
47136
3178 1
19730
7092 1
38910
14616 1
62396
9995 1
49834
9848 1
49345
4565 1
27081
12588 1
57557
267 1
1809
2839 1
17812
7125 1
39043
14437 1
61975
9976 1
49784
6260 1
35201
4519 1
26860
8232 1
43508
2174 1
13914
3535 1
21687
3395 1
20921
7617 1
41044
3356 1
20710
11416 1
54348
11354 1
54160
4781 1
28159
7635 1
41114
11686 1
55113
4283 1
25639
3650 1
22314
10397 1
51159
7010 1
38548
2038 1
13117
2655 1
16755
12166 1
56440
6352 1
35602
12378 1
57012
12646 1
57699
1866 1
12074
9839 1
49312
13339 1
59433
6931 1
38196
8398 1
44172
12668 1
57755
13597 1
60074
8622 1
45009
14329 1
61728
13041 1
58685
7826 1
41875
7336 1
39902
7148 1
39139
10927 1
52865
9087 1
46731
12500 1
57354
3467 1
21319
10351 1
51001
6737 1
37314
12231 1
56621
13975 1
60942
5986 1
33993
7211 1
39385
3059 1
19057
67 1
456
1286 1
8490
4583 1
27177
145 1
986
13194 1
59068
14735 1
62652
9043 1
46568
11964 1
55892
14986 1
63195
8328 1
43885
4186 1
25144
2558 1
16215
1545 1
10118
11304 1
54007
11652 1
55019
7067 1
38797
10075 1
50100
8490 1
44515
335 1
2265
4344 1
25948
1460 1
9592
3602 1
22056
2943 1
18403
6547 1
36478
8388 1
44134
12489 1
57315
7921 1
42262
2134 1
13673
10000 1
49858
4084 1
24625
6461 1
36082
13472 1
59775
14118 1
61268
6652 1
36944
2403 1
15285
13051 1
58711
1713 1
11141
3075 1
19152
14603 1
62357
7293 1
39718
7321 1
39837
7805 1
41787
5119 1
29845
3929 1
23802
1976 1
12747
14168 1
61373
8041 1
42749
2657 1
16768
14344 1
61761
8088 1
42936
1780 1
11552
11908 1
55726
6603 1
36722
12654 1
57717
1490 1
9784
12390 1
57048
10100 1
50183
5567 1
32006
7607 1
41010
7679 1
41286
3731 1
22752
1309 1
8632
263 1
1782
14911 1
63032
14695 1
62569
11934 1
55810
3237 1
20051
6368 1
35672
3273 1
20252
7391 1
40123
3995 1
24144
5136 1
29939
4120 1
24815
11604 1
54879
18 1
124
8628 1
45030
7542 1
40743
9865 1
49404
10941 1
52911
1682 1
10952
14387 1
61860
5397 1
31201
3422 1
21076
6092 1
34466
9621 1
48584
14657 1
62489
9264 1
47359
11445 1
54430
4613 1
27332
6327 1
35494
1728 1
11236
6999 1
38496
13775 1
60482
11015 1
53129
1551 1
10155
7340 1
39916
9567 1
48406
9256 1
47337
2550 1
16173
5630 1
32306
13109 1
58861
4833 1
28422
12600 1
57585
1705 1
11092
3589 1
21974
11133 1
53495
9837 1
49306
7704 1
41398
9997 1
49841
11387 1
54264
5866 1
33421
14780 1
62747
2888 1
18092
5597 1
32143
6759 1
37416
4092 1
24666
309 1
2091
5786 1
33042
12867 1
58238
9322 1
47570
13304 1
59346
2306 1
14704
5983 1
33978
11869 1
55617
5519 1
31770
10033 1
49960
5973 1
33931
8693 1
45276
748 1
5008
6480 1
36172
4875 1
28612
10843 1
52594
13480 1
59796
11023 1
53155
13868 1
60702
5047 1
29477
10676 1
52081
7441 1
40326
8753 1
45508
14944 1
63100
11289 1
53966
7099 1
38935
1923 1
12415
7049 1
38719
7342 1
39929
3457 1
21261
6453 1
36048
1218 1
8058
236 1
1607
4728 1
27917
281 1
1903
11184 1
53649
13951 1
60886
406 1
2741
6569 1
36578
8786 1
45639
10733 1
52259
14629 1
62426
984 1
6553
6016 1
34129
1986 1
12806
12750 1
57959
10139 1
50306
11035 1
53191
5126 1
29888
10635 1
51952
292 1
1985
7290 1
39712
8495 1
44527
5856 1
33378
7622 1
41068
7118 1
39018
2289 1
14599
10914 1
52828
10438 1
51305
1136 1
7534
4595 1
27241
13381 1
59541
7812 1
41826
8933 1
46170
1360 1
8963
9083 1
46715
2834 1
17788
5016 1
29330
2960 1
18506
9165 1
47002
5151 1
30006
2748 1
17307
4700 1
27791
13120 1
58889
1375 1
9049
1878 1
12144
14934 1
63079
3034 1
18923
2333 1
14866
7203 1
39355
123 1
834
13572 1
60015
8425 1
44267
10824 1
52530
7777 1
41686
6388 1
35763
8287 1
43712
11456 1
54458
9074 1
46689
13813 1
60571
6945 1
38260
7226 1
39447
3195 1
19824
8912 1
46097
6860 1
37877
4561 1
27060
8522 1
44639
4244 1
25444
5642 1
32365
8869 1
45925
11164 1
53589
4323 1
25835
6508 1
36302
13763 1
60461
7518 1
40649
2860 1
17933
9950 1
49691
14953 1
63121
9327 1
47579
307 1
2077
3492 1
21464
2499 1
15866
9187 1
47080
13273 1
59264
14587 1
62328
14044 1
61115
8511 1
44594
7487 1
40514
12068 1
56185
5283 1
30650
5942 1
33792
4987 1
29173
2277 1
14527
4478 1
26671
13494 1
59831
13944 1
60866
8051 1
42788
4464 1
26603
2590 1
16391
13664 1
60242
4192 1
25176
8952 1
46242
4483 1
26689
5117 1
29835
3661 1
22364
7586 1
40921
8745 1
45480
2527 1
16035
9675 1
48766
9459 1
48034
3162 1
19643
3426 1
21099
7904 1
42205
13490 1
59819
12639 1
57678
6696 1
37142
9882 1
49464
3860 1
23441
12657 1
57724
14470 1
62057
6526 1
36387
9630 1
48620
12267 1
56712
12080 1
56212
7045 1
38702
5790 1
33062
13678 1
60273
6270 1
35245
12907 1
58346
8153 1
43195
13930 1
60842
7803 1
41782
7652 1
41180
9469 1
48069
13530 1
59913
4099 1
24700
14868 1
62946
3784 1
23048
12409 1
57094
3752 1
22875
6355 1
35610
8773 1
45588
5975 1
33941
6457 1
36066
4953 1
29016
6707 1
37184
566 1
3799
8038 1
42744
13776 1
60489
6072 1
34377
6517 1
36336
13379 1
59538
8381 1
44107
10031 1
49952
2469 1
15688
2270 1
14494
12965 1
58490
9589 1
48478
3847 1
23369
5411 1
31263
13283 1
59288
766 1
5117
12580 1
57542
13110 1
58868
1855 1
12000
12028 1
56062
11715 1
55192
6111 1
34550
1738 1
11296
13565 1
59994
7916 1
42246
10787 1
52418
6410 1
35862
6640 1
36887
11564 1
54777
3924 1
23779
8508 1
44584
12817 1
58125
373 1
2515
13333 1
59417
2991 1
18676
9389 1
47785
5964 1
33891
7502 1
40586
14943 1
63095
8850 1
45860
7591 1
40939
550 1
3697
4581 1
27166
14313 1
61691
4591 1
27224
11835 1
55527
6727 1
37275
2320 1
14790
11402 1
54310
13266 1
59250
12077 1
56204
2297 1
14646
3529 1
21651
11990 1
55955
12975 1
58519
12765 1
57993
8027 1
42692
3863 1
23452
790 1
5272
5686 1
32587
8758 1
45533
165 1
1121
3884 1
23570
4676 1
27675
13519 1
59890
10177 1
50449
8763 1
45546
12723 1
57892
7472 1
40450
7738 1
41525
9415 1
47887
4549 1
27006
12679 1
57778
5188 1
30183
11041 1
53208
14194 1
61432
1319 1
8700
14571 1
62290
8710 1
45348
52 1
360
6030 1
34192
12071 1
56189
10338 1
50967
14120 1
61275
13391 1
59567
4681 1
27693
12103 1
56267
9293 1
47459
4915 1
28821
10913 1
52822
11646 1
54999
3281 1
20301
138 1
944
12637 1
57676
13168 1
59012
6704 1
37179
13207 1
59094
8048 1
42781
12506 1
57367
8147 1
43171
6026 1
34176
4314 1
25795
14535 1
62205
3318 1
20505
12273 1
56730
6984 1
38436
14209 1
61460
7376 1
40063
11744 1
55274
4989 1
29180
12599 1
57580
8506 1
44576
6997 1
38488
6083 1
34422
11154 1
53559
3235 1
20042
830 1
5535
6751 1
37377
7698 1
41371
11999 1
55979
5671 1
32503
12108 1
56278
10879 1
52714
8254 1
43596
2414 1
15360
13496 1
59839
7712 1
41429
824 1
5497
6126 1
34627
6069 1
34359
2672 1
16860
9443 1
47980
3787 1
23060
3555 1
21797
12454 1
57218
3569 1
21865
2904 1
18183
8023 1
42672
74 1
509
4815 1
28334
10003 1
49864
11794 1
55421
12107 1
56274
3950 1
23916
10163 1
50401
8811 1
45722
6781 1
37517
14917 1
63048
3610 1
22100
12174 1
56455
5925 1
33704
5015 1
29319
6823 1
37708
9317 1
47546
13057 1
58727
13726 1
60388
4219 1
25306
497 1
3343
10503 1
51516
5477 1
31582
973 1
6475
6334 1
35525
1403 1
9228
7255 1
39558
450 1
3038
5275 1
30610
2285 1
14576
4631 1
27420
7816 1
41842
14526 1
62183
1515 1
9930
1974 1
12735
11989 1
55952
9127 1
46865
706 1
4732
9685 1
48797
6857 1
37860
6827 1
37726
13781 1
60496
5334 1
30894
4066 1
24528
8910 1
46089
692 1
4638
7032 1
38645
7984 1
42507
8828 1
45782
7717 1
41441
6844 1
37805
7420 1
40235
10521 1
51572
6376 1
35709
12247 1
56660
6700 1
37155
8987 1
46372
8203 1
43391
13641 1
60184
11218 1
53755
13452 1
59721
2428 1
15441
3520 1
21612
10112 1
50220
11256 1
53879
5822 1
33211
9855 1
49368
3056 1
19046
6502 1
36280
9058 1
46626
13352 1
59469
13580 1
60031
6094 1
34474
14046 1
61121
10875 1
52702
11832 1
55524
5865 1
33411
10274 1
50755
12398 1
57071
4212 1
25281
12145 1
56378
13549 1
59955
14983 1
63188
11599 1
54864
1277 1
8427
14032 1
61090
1438 1
9452
7949 1
42370
12755 1
57970
6040 1
34235
5763 1
32929
6280 1
35289
1454 1
9556
619 1
4146
13791 1
60525
430 1
2902
5059 1
29535
1800 1
11675
11978 1
55922
8386 1
44128
1527 1
10006
8593 1
44899
9660 1
48720
1278 1
8440
8083 1
42910
6525 1
36379
3575 1
21898
3417 1
21037
4025 1
24303
8798 1
45684
11384 1
54260
6766 1
37449
7850 1
41985
7461 1
40405
2245 1
14335
13643 1
60188
7530 1
40692
3036 1
18933
5707 1
32683
8621 1
45001
10193 1
50500
14517 1
62158
10143 1
50321
11898 1
55701
2967 1
18542
12633 1
57667
10285 1
50788
1563 1
10229
13566 1
59999
14907 1
63021
6000 1
34050
1440 1
9466
3597 1
22019
4037 1
24361
13825 1
60596
2735 1
17228
11351 1
54152
10115 1
50224
10294 1
50817
2254 1
14393
5672 1
32513
5533 1
31845
8336 1
43924
14914 1
63044
11850 1
55576
10550 1
51672
6658 1
36972
6237 1
35097
6379 1
35719
2785 1
17511
6610 1
36758
3094 1
19261
6219 1
35014
8275 1
43666
2618 1
16556
3801 1
23138
10415 1
51227
9542 1
48315
7506 1
40601
3266 1
20218
13505 1
59852
6216 1
35007
14327 1
61725
3206 1
19889
11328 1
54081
14107 1
61241
13447 1
59707
14662 1
62504
9244 1
47289
4942 1
28961
6684 1
37080
1289 1
8502
354 1
2396
2678 1
16893
1465 1
9616
5651 1
32406
14113 1
61255
10323 1
50915
6098 1
34494
6479 1
36163
7980 1
42493
9858 1
49382
3233 1
20034
2608 1
16502
6507 1
36294
274 1
1861
11563 1
54768
2790 1
17544
13416 1
59634
7630 1
41098
11682 1
55105
13471 1
59770
12779 1
58029
4846 1
28482
3248 1
20120
3256 1
20161
6203 1
34953
12959 1
58475
6267 1
35230
3219 1
19956
14797 1
62779
11760 1
55325
9889 1
49478
5427 1
31340
6033 1
34200
12696 1
57830
13260 1
59234
9350 1
47669
9158 1
46980
6537 1
36433
7595 1
40956
1392 1
9166
10453 1
51355
14784 1
62756
5792 1
33072
4937 1
28929
243 1
1646
2971 1
18564
4500 1
26776
10959 1
52961
14455 1
62019
1221 1
8069
3444 1
21197
3329 1
20560
10141 1
50313
8062 1
42834
13008 1
58590
6960 1
38328
6916 1
38126
6387 1
35752
6562 1
36552
816 1
5442
11407 1
54321
6209 1
34975
952 1
6341
1985 1
12795
3024 1
18864
1850 1
11976
7137 1
39087
5123 1
29869
4261 1
25529
13217 1
59123
2110 1
13543
4397 1
26236
14682 1
62547
1816 1
11768
7857 1
42008
4059 1
24480
931 1
6198
4247 1
25453
4191 1
25167
6009 1
34086
3148 1
19566
14653 1
62481
5944 1
33803
14173 1
61383
1511 1
9905
14160 1
61361
7869 1
42065
3147 1
19555
7859 1
42017
10095 1
50167
7030 1
38637
389 1
2625
4918 1
28841
4905 1
28770
10042 1
49991
5889 1
33534
4217 1
25297
7927 1
42290
12652 1
57713
7228 1
39456
10566 1
51726
13767 1
60468
14980 1
63183
8352 1
43996
12363 1
56967
5854 1
33372
9914 1
49567
10981 1
53024
10564 1
51722
4319 1
25819
11688 1
55120
2523 1
16010
14449 1
62002
326 1
2214
7271 1
39630
11992 1
55963
2095 1
13453
2578 1
16327
13785 1
60507
5460 1
31513
4948 1
28994
12138 1
56359
842 1
5616
2106 1
13523
5391 1
31173
956 1
6367
14132 1
61301
5812 1
33166
1257 1
8297
4891 1
28703
9843 1
49324
8859 1
45887
10256 1
50695
12338 1
56904
6364 1
35654
1356 1
8938
14481 1
62082
7279 1
39665
3667 1
22398
8079 1
42894
14330 1
61731
5053 1
29509
5355 1
30993
638 1
4280
2456 1
15613
6954 1
38297
9023 1
46502
271 1
1835
4013 1
24241
10968 1
52987
983 1
6542
7548 1
40772
12937 1
58421
14763 1
62713
6520 1
36357
5937 1
33764
5795 1
33084
12474 1
57273
10614 1
51892
7732 1
41502
4450 1
26526
5778 1
33005
8714 1
45362
9569 1
48412
2670 1
16850
10487 1
51475
12933 1
58412
9072 1
46685
9913 1
49558
4866 1
28580
9758 1
49061
14778 1
62744
7620 1
41060
12037 1
56090
8724 1
45400
10528 1
51597
3759 1
22909
721 1
4826
14817 1
62823
14055 1
61141
7879 1
42101
14619 1
62399
9204 1
47144
2852 1
17889
10903 1
52787
2340 1
14908
6613 1
36766
228 1
1553
13042 1
58688
2686 1
16942
14726 1
62632
12467 1
57252
8187 1
43332
14230 1
61503
7780 1
41700
11338 1
54114
9960 1
49730
4516 1
26851
4922 1
28864
11681 1
55095
255 1
1727
8370 1
44062
4439 1
26464
5382 1
31134
11447 1
54435
5177 1
30131
7308 1
39791
12388 1
57044
3086 1
19214
4857 1
28532
13592 1
60062
8009 1
42606
12796 1
58077
8742 1
45475
10201 1
50522
7835 1
41908
5466 1
31536
9822 1
49267
2082 1
13380
4554 1
27037
3562 1
21840
4256 1
25509
6413 1
35875
2973 1
18576
14511 1
62146
819 1
5455
11915 1
55748
11398 1
54297
14271 1
61597
11135 1
53502
14613 1
62386
8252 1
43589
12277 1
56738
3706 1
22624
3050 1
19011
276 1
1875
12240 1
56642
4571 1
27114
166 1
1134
2564 1
16247
14681 1
62542
4374 1
26120
9518 1
48230
8612 1
44970
2610 1
16513
677 1
4530
3378 1
20832
104 1
711
10063 1
50066
7284 1
39688
5045 1
29465
5564 1
31998
1236 1
8169
6577 1
36609
2373 1
15107
12616 1
57628
9465 1
48055
8627 1
45026
13159 1
58984
6163 1
34782
12891 1
58305
5581 1
32070
9506 1
48191
7964 1
42435
4346 1
25959
7883 1
42110
8741 1
45467
14739 1
62661
10717 1
52212
2369 1
15083
12658 1
57728
12903 1
58338
4896 1
28733
13484 1
59808
2653 1
16743
9530 1
48277
8887 1
45993
10049 1
50012
13230 1
59162
9247 1
47293
3889 1
23590
9045 1
46574
4522 1
26879
6924 1
38168
768 1
5130
2419 1
15384
5637 1
32337
6870 1
37927
14887 1
62982
3670 1
22422
12140 1
56364
4862 1
28564
6852 1
37845
2077 1
13343
9875 1
49436
7976 1
42481
8192 1
43351
3459 1
21273
14871 1
62949
1571 1
10276
10970 1
52993
12792 1
58066
2364 1
15060
7922 1
42273
13853 1
60665
12579 1
57536
1521 1
9967
194 1
1323
4663 1
27594
5454 1
31478
9004 1
46439
8565 1
44795
4471 1
26633
4492 1
26738
2477 1
15737
14105 1
61238
11181 1
53637
10530 1
51605
3387 1
20879
6928 1
38187
10966 1
52983
14669 1
62516
6396 1
35793
7700 1
41380
5148 1
29997
8478 1
44473
13097 1
58832
6316 1
35451
2800 1
17597
286 1
1945
8633 1
45046
10731 1
52255
7952 1
42383
12971 1
58506
2688 1
16955
14901 1
63010
13374 1
59527
4859 1
28542
8093 1
42953
8653 1
45123
13406 1
59609
4803 1
28267
13004 1
58585
5083 1
29661
6966 1
38355
8905 1
46068
10636 1
51961
9796 1
49180
8666 1
45170
13032 1
58659
9527 1
48263
9708 1
48885
14585 1
62325
2706 1
17067
4634 1
27447
5055 1
29518
9580 1
48453
3984 1
24090
7008 1
38539
989 1
6581
12394 1
57059
92 1
630
13905 1
60780
13699 1
60322
14800 1
62788
3619 1
22145
11475 1
54515
8837 1
45810
11770 1
55353
7990 1
42534
13221 1
59133
7934 1
42318
12252 1
56673
12692 1
57821
10856 1
52649
9512 1
48212
13992 1
60983
2424 1
15416
12625 1
57645
6349 1
35582
6153 1
34740
13836 1
60629
12358 1
56957
14791 1
62767
1211 1
8007
3558 1
21820
10169 1
50422
1540 1
10092
5625 1
32274
12420 1
57125
6814 1
37674
7463 1
40411
11672 1
55078
12098 1
56257
5862 1
33403
14747 1
62678
10253 1
50677
12030 1
56068
14288 1
61637
5903 1
33600
2894 1
18125
7000 1
38502
3933 1
23825
8216 1
43443
1766 1
11468
2802 1
17607
4908 1
28788
6347 1
35574
8347 1
43968
9198 1
47125
10259 1
50701
1158 1
7670
3742 1
22823
10426 1
51268
761 1
5080
4480 1
26678
14540 1
62220
9640 1
48656
2478 1
15749
2588 1
16381
5449 1
31451
7288 1
39704
6287 1
35321
10708 1
52186
3217 1
19943
10160 1
50392
28 1
194
6458 1
36073
4889 1
28696
14155 1
61348
1956 1
12626
2250 1
14369
5979 1
33960
4003 1
24186
8109 1
43014
12229 1
56616
1733 1
11260
11470 1
54500
5852 1
33363
5146 1
29986
1522 1
9980
2181 1
13947
9935 1
49641
3764 1
22941
770 1
5143
3963 1
23977
1996 1
12865
3415 1
21025
4788 1
28198
14178 1
61399
10590 1
51807
11306 1
54012
5216 1
30320
2615 1
16535
14975 1
63171
3674 1
22445
13628 1
60155
8426 1
44275
5328 1
30868
8825 1
45770
2043 1
13139
12368 1
56984
689 1
4610
6926 1
38176
13752 1
60443
13247 1
59201
4954 1
29024
6749 1
37369
1345 1
8864
8802 1
45696
5761 1
32922
5646 1
32385
13861 1
60681
3011 1
18784
14497 1
62113
9501 1
48173
10312 1
50882
7467 1
40426
11314 1
54035
14129 1
61295
5154 1
30027
2013 1
12960
8878 1
45964
13745 1
60427
10950 1
52934
13245 1
59196
4041 1
24382
11073 1
53318
6089 1
34449
3499 1
21498
5417 1
31289
9197 1
47118
8021 1
42661
12999 1
58575
14831 1
62856
6108 1
34541
3615 1
22120
3284 1
20322
367 1
2475
10348 1
50997
12307 1
56812
8823 1
45765
13867 1
60698
7378 1
40073
9560 1
48386
5420 1
31308
1734 1
11271
10375 1
51076
8970 1
46312
3448 1
21222
4495 1
26746
2724 1
17173
12699 1
57836
4849 1
28492
10280 1
50775
3490 1
21451
5478 1
31589
10930 1
52877
4883 1
28658
34 1
236
9616 1
48572
7263 1
39590
3992 1
24133
5523 1
31793
729 1
4875
2360 1
15036
14200 1
61443
341 1
2302
2098 1
13474
10726 1
52246
14135 1
61305
13178 1
59037
5552 1
31944
4704 1
27808
6676 1
37041
5152 1
30018
9884 1
49468
5084 1
29672
1497 1
9820
360 1
2436
10892 1
52751
329 1
2227
3716 1
22675
9163 1
46995
10769 1
52367
12017 1
56028
11866 1
55612
9176 1
47045
8841 1
45826
3313 1
20472
2125 1
13622
182 1
1242
5735 1
32801
12989 1
58551
493 1
3317
6639 1
36878
2639 1
16666
1200 1
7945
9990 1
49820
6710 1
37200
2813 1
17662
2520 1
15998
895 1
5960
7958 1
42412
7238 1
39496
6764 1
37444
8514 1
44609
11950 1
55851
13528 1
59909
13880 1
60729
1613 1
10524
2481 1
15761
11141 1
53519
12498 1
57350
121 1
820
4335 1
25894
11561 1
54763
9940 1
49663
10315 1
50889
2420 1
15394
13764 1
60465
9972 1
49772
13795 1
60533
13658 1
60229
10751 1
52306
14261 1
61570
4038 1
24371
13532 1
59916
12436 1
57168
9352 1
47676
111 1
752
14196 1
61435
10250 1
50672
14116 1
61263
5689 1
32598
9687 1
48805
13116 1
58882
9693 1
48829
8045 1
42764
13804 1
60556
10995 1
53067
13156 1
58980
14450 1
62008
2014 1
12974
13122 1
58894
10287 1
50792
1662 1
10830
13012 1
58599
3548 1
21765
9670 1
48746
1529 1
10019
8845 1
45836
290 1
1971
7054 1
38749
14565 1
62273
11800 1
55439
7012 1
38555
11171 1
53610
2346 1
14944
12586 1
57555
3763 1
22930
3433 1
21133
4161 1
25022
9611 1
48556
13676 1
60265
3735 1
22778
1066 1
7083
13630 1
60162
7546 1
40764
9330 1
47595
7021 1
38593
2045 1
13150
13650 1
60209
9306 1
47512
3605 1
22067
14396 1
61881
6333 1
35515
13343 1
59442
12682 1
57788
2471 1
15700
6646 1
36914
5775 1
32989
1450 1
9532
6618 1
36789
6713 1
37208
14500 1
62122
10991 1
53055
10630 1
51938
54 1
374
9894 1
49497
13464 1
59752
14422 1
61947
927 1
6170
1920 1
12401
12117 1
56299
1469 1
9641
11195 1
53681
2080 1
13368
5833 1
33267
11740 1
55262
9100 1
46774
11828 1
55514
5262 1
30548
13132 1
58916
10533 1
51612
7005 1
38519
9956 1
49713
12402 1
57079
12604 1
57600
8931 1
46161
7512 1
40628
7954 1
42392
9145 1
46934
4985 1
29164
10376 1
51082
5472 1
31563
12261 1
56695
4307 1
25759
698 1
4678
4841 1
28455
7852 1
41993
14227 1
61493
8849 1
45852
13914 1
60804
887 1
5908
3475 1
21367
861 1
5735
13415 1
59627
6987 1
38447
2068 1
13294
412 1
2780
